BLOCK00/SES002/SA002S12	SES002	0.951291	-7.62281	-8.5741
BLOCK00/SES002/SA002S13	SES002	1.26968	-8.14213	-9.41182
BLOCK00/SES002/SA002S23	SES002	0.846123	-7.88497	-8.73109
BLOCK00/SES002/SA002S26	SES002	0.405776	-9.32597	-9.73175
BLOCK00/SES002/SA002S28	SES002	0.358641	-8.30742	-8.66606
BLOCK00/SES007/SA007S14	SES007	0.336911	-6.69905	-7.03596
BLOCK00/SES007/SA007S15	SES007	0.338616	-7.62336	-7.96198
BLOCK00/SES007/SA007S24	SES007	0.351903	-7.12885	-7.48075
BLOCK00/SES007/SA007S27	SES007	0.295465	-8.58099	-8.87645
BLOCK00/SES007/SA007S29	SES007	0.0781126	-7.3463	-7.42442
BLOCK00/SES008/SA008S11	SES008	1.47272	-6.61905	-8.09177
BLOCK00/SES008/SA008S12	SES008	0.515023	-7.55796	-8.07298
BLOCK00/SES008/SA008S19	SES008	1.29465	-7.06928	-8.36393
BLOCK00/SES008/SA008S22	SES008	0.683332	-7.74754	-8.43087
BLOCK00/SES008/SA008S29	SES008	1.13154	-6.75408	-7.88562
BLOCK01/SES014/SA014S10	SES014	0.880679	-7.47301	-8.35369
BLOCK01/SES014/SA014S12	SES014	1.62265	-6.92505	-8.5477
BLOCK01/SES014/SA014S24	SES014	1.74548	-7.43693	-9.18242
BLOCK01/SES014/SA014S26	SES014	1.46679	-6.77757	-8.24436
BLOCK01/SES014/SA014S28	SES014	2.24635	-5.96134	-8.20769
BLOCK01/SES016/SA016S12	SES016	1.4521	-8.99897	-10.4511
BLOCK01/SES016/SA016S13	SES016	0.844674	-7.21302	-8.0577
BLOCK01/SES016/SA016S22	SES016	1.24699	-6.92349	-8.17048
BLOCK01/SES016/SA016S25	SES016	1.04872	-5.71535	-6.76407
BLOCK01/SES016/SA016S27	SES016	1.02475	-6.84587	-7.87062
BLOCK01/SES019/SA019S13	SES019	3.03716	-6.65095	-9.68811
BLOCK01/SES019/SA019S14	SES019	1.39838	-8.48061	-9.87899
BLOCK01/SES019/SA019S22	SES019	2.43396	-6.90914	-9.3431
BLOCK01/SES019/SA019S25	SES019	1.78713	-7.60301	-9.39014
BLOCK01/SES019/SA019S29	SES019	4.11528	-6.80535	-10.9206
BLOCK02/SES029/SA029S11	SES029	0.512789	-6.66808	-7.18087
BLOCK02/SES029/SA029S12	SES029	0.0496726	-7.3383	-7.38797
BLOCK02/SES029/SA029S20	SES029	0.437629	-6.81751	-7.25514
BLOCK02/SES029/SA029S25	SES029	0.273684	-7.62241	-7.8961
BLOCK02/SES029/SA029S28	SES029	0.0972471	-7.45716	-7.55441
BLOCK04/SES042/SA042S12	SES042	1.02888	-7.1801	-8.20898
BLOCK04/SES042/SA042S15	SES042	1.3225	-6.17244	-7.49495
BLOCK04/SES042/SA042S22	SES042	2.20909	-7.28796	-9.49704
BLOCK04/SES042/SA042S25	SES042	1.02541	-8.66918	-9.69459
BLOCK04/SES042/SA042S27	SES042	1.67514	-7.76578	-9.44092
BLOCK04/SES048/SA048S11	SES048	0.604537	-6.46668	-7.07122
BLOCK04/SES048/SA048S12	SES048	-0.0107021	-8.26542	-8.25471
BLOCK04/SES048/SA048S20	SES048	0.178477	-6.8915	-7.06997
BLOCK04/SES048/SA048S23	SES048	0.787316	-7.22183	-8.00915
BLOCK04/SES048/SA048S27	SES048	0.02355	-7.80721	-7.83076
BLOCK06/SES060/SA060S11	SES060	1.01398	-7.22111	-8.2351
BLOCK06/SES060/SA060S12	SES060	0.577388	-8.11287	-8.69026
BLOCK06/SES060/SA060S22	SES060	-1.08154	-9.97702	-8.89549
BLOCK06/SES060/SA060S24	SES060	1.08713	-5.99526	-7.08239
BLOCK06/SES060/SA060S28	SES060	0.758321	-6.01061	-6.76893
BLOCK06/SES062/SA062S10	SES062	0.423907	-7.28878	-7.71269
BLOCK06/SES062/SA062S11	SES062	0.464496	-8.42765	-8.89215
BLOCK06/SES062/SA062S21	SES062	0.492211	-5.91633	-6.40854
BLOCK06/SES062/SA062S26	SES062	0.149976	-7.7552	-7.90517
BLOCK06/SES062/SA062S29	SES062	0.842219	-6.54557	-7.38779
BLOCK06/SES068/SA068S14	SES068	0.1603	-7.89021	-8.05051
BLOCK06/SES068/SA068S15	SES068	0.824659	-7.40518	-8.22984
BLOCK06/SES068/SA068S23	SES068	0.54144	-7.62591	-8.16735
BLOCK06/SES068/SA068S27	SES068	1.36815	-6.64562	-8.01377
BLOCK06/SES068/SA068S29	SES068	0.344934	-7.6811	-8.02604
BLOCK08/SES082/SA082S12	SES082	-0.0996761	-8.61351	-8.51383
BLOCK08/SES082/SA082S14	SES082	0.614672	-8.07356	-8.68824
BLOCK08/SES082/SA082S21	SES082	0.611129	-7.46726	-8.07839
BLOCK08/SES082/SA082S24	SES082	0.52686	-7.8674	-8.39426
BLOCK08/SES082/SA082S28	SES082	0.593246	-7.88658	-8.47982
BLOCK08/SES083/SA083S14	SES083	0.0197034	-7.6867	-7.70641
BLOCK08/SES083/SA083S15	SES083	0.657506	-7.07759	-7.7351
BLOCK08/SES083/SA083S24	SES083	0.317987	-7.63132	-7.94931
BLOCK08/SES083/SA083S26	SES083	0.536948	-8.32831	-8.86526
BLOCK08/SES083/SA083S29	SES083	0.272044	-8.05735	-8.32939
BLOCK08/SES085/SA085S10	SES085	1.36667	-6.07465	-7.44132
BLOCK08/SES085/SA085S13	SES085	-0.0304956	-8.52981	-8.49931
BLOCK08/SES085/SA085S22	SES085	1.03994	-6.88578	-7.92571
BLOCK08/SES085/SA085S26	SES085	0.0341039	-7.97907	-8.01317
BLOCK08/SES085/SA085S28	SES085	0.648199	-7.29638	-7.94458
BLOCK08/SES087/SA087S15	SES087	0.978776	-7.91141	-8.89018
BLOCK08/SES087/SA087S16	SES087	1.44165	-7.66495	-9.1066
BLOCK08/SES087/SA087S24	SES087	1.81242	-7.37674	-9.18916
BLOCK08/SES087/SA087S26	SES087	0.986954	-7.02789	-8.01484
BLOCK08/SES087/SA087S29	SES087	1.5214	-6.7383	-8.2597
BLOCK09/SES099/SA099S15	SES099	1.02026	-8.01536	-9.03562
BLOCK09/SES099/SA099S16	SES099	1.02009	-7.49559	-8.51568
BLOCK09/SES099/SA099S24	SES099	0.866775	-8.18684	-9.05362
BLOCK09/SES099/SA099S26	SES099	1.30322	-7.22525	-8.52848
BLOCK09/SES099/SA099S29	SES099	0.657422	-8.34809	-9.00552
BLOCK10/SES101/SA101S11	SES101	0.395659	-6.5621	-6.95776
BLOCK10/SES101/SA101S13	SES101	0.594142	-5.63351	-6.22765
BLOCK10/SES101/SA101S22	SES101	0.634631	-8.0462	-8.68083
BLOCK10/SES101/SA101S24	SES101	0.908683	-6.94854	-7.85723
BLOCK10/SES101/SA101S28	SES101	0.70616	-7.38047	-8.08663
BLOCK10/SES104/SA104S11	SES104	0.493696	-7.12893	-7.62262
BLOCK10/SES104/SA104S12	SES104	0.591761	-7.75226	-8.34402
BLOCK10/SES104/SA104S21	SES104	0.792826	-7.96162	-8.75445
BLOCK10/SES104/SA104S24	SES104	0.132642	-8.54497	-8.67761
BLOCK10/SES104/SA104S28	SES104	0.734633	-7.85695	-8.59159
BLOCK10/SES105/SA105S12	SES105	0.742608	-8.06105	-8.80366
BLOCK10/SES105/SA105S13	SES105	0.0324292	-7.59447	-7.6269
BLOCK10/SES105/SA105S22	SES105	0.61959	-8.31859	-8.93818
BLOCK10/SES105/SA105S26	SES105	0.742208	-8.36946	-9.11167
BLOCK10/SES105/SA105S29	SES105	1.09725	-6.53277	-7.63003
BLOCK10/SES106/SA106S09	SES106	1.19002	-7.75367	-8.94369
BLOCK10/SES106/SA106S11	SES106	1.13676	-6.95742	-8.09418
BLOCK10/SES106/SA106S22	SES106	1.48585	-7.83328	-9.31913
BLOCK10/SES106/SA106S27	SES106	0.784621	-7.36426	-8.14888
BLOCK10/SES106/SA106S29	SES106	0.68807	-6.81164	-7.49971
BLOCK11/SES117/SA117S12	SES117	0.375868	-8.2202	-8.59606
BLOCK11/SES117/SA117S13	SES117	0.343494	-8.39775	-8.74125
BLOCK11/SES117/SA117S23	SES117	1.12409	-8.58432	-9.70841
BLOCK11/SES117/SA117S25	SES117	0.739757	-8.03751	-8.77726
BLOCK11/SES117/SA117S28	SES117	0.78259	-7.86407	-8.64666
BLOCK12/SES120/SA120S08	SES120	-0.0210199	-8.4175	-8.39648
BLOCK12/SES120/SA120S11	SES120	0.795281	-10.4647	-11.26
BLOCK12/SES120/SA120S22	SES120	0.274734	-7.32981	-7.60455
BLOCK12/SES120/SA120S24	SES120	0.343137	-8.12834	-8.47148
BLOCK12/SES120/SA120S28	SES120	0.246487	-8.22553	-8.47201
BLOCK12/SES125/SA125S13	SES125	1.01872	-7.34302	-8.36174
BLOCK12/SES125/SA125S14	SES125	0.736278	-8.08246	-8.81874
BLOCK12/SES125/SA125S25	SES125	1.16151	-8.2388	-9.40031
BLOCK12/SES125/SA125S27	SES125	0.934635	-7.17979	-8.11442
BLOCK12/SES125/SA125S29	SES125	0.683384	-7.40233	-8.08571
BLOCK12/SES127/SA127S11	SES127	0.454335	-7.79109	-8.24542
BLOCK12/SES127/SA127S12	SES127	0.572145	-6.14267	-6.71481
BLOCK12/SES127/SA127S23	SES127	0.324422	-6.92469	-7.24911
BLOCK12/SES127/SA127S25	SES127	0.465931	-6.82111	-7.28704
BLOCK12/SES127/SA127S27	SES127	0.848693	-7.00352	-7.85221
BLOCK12/SES129/SA129S11	SES129	1.1063	-6.32576	-7.43206
BLOCK12/SES129/SA129S12	SES129	0.645627	-6.29204	-6.93767
BLOCK12/SES129/SA129S22	SES129	0.784375	-7.32001	-8.10439
BLOCK12/SES129/SA129S27	SES129	1.18479	-6.89494	-8.07973
BLOCK12/SES129/SA129S29	SES129	0.485485	-8.19163	-8.67711
BLOCK14/SES142/SA142S11	SES142	0.935174	-6.54774	-7.48292
BLOCK14/SES142/SA142S12	SES142	0.415173	-7.67714	-8.09231
BLOCK14/SES142/SA142S24	SES142	0.731974	-6.73196	-7.46393
BLOCK14/SES142/SA142S27	SES142	0.972014	-6.61548	-7.58749
BLOCK14/SES142/SA142S29	SES142	0.93596	-6.51627	-7.45223
BLOCK14/SES143/SA143S12	SES143	0.922875	-7.17692	-8.09979
BLOCK14/SES143/SA143S13	SES143	0.818699	-7.29426	-8.11295
BLOCK14/SES143/SA143S23	SES143	0.30426	-7.53502	-7.83928
BLOCK14/SES143/SA143S25	SES143	0.778777	-7.71383	-8.49261
BLOCK14/SES143/SA143S28	SES143	0.681359	-7.49106	-8.17242
BLOCK14/SES144/SA144S09	SES144	0.482238	-7.61134	-8.09358
BLOCK14/SES144/SA144S11	SES144	0.284964	-7.52283	-7.8078
BLOCK14/SES144/SA144S21	SES144	-0.403828	-8.57371	-8.16989
BLOCK14/SES144/SA144S25	SES144	0.738957	-7.90133	-8.64028
BLOCK14/SES144/SA144S29	SES144	-0.533778	-8.71975	-8.18597
BLOCK14/SES146/SA146S14	SES146	0.302452	-7.98888	-8.29133
BLOCK14/SES146/SA146S15	SES146	-0.0834446	-8.25834	-8.17489
BLOCK14/SES146/SA146S24	SES146	0.345413	-7.79916	-8.14457
BLOCK14/SES146/SA146S26	SES146	0.329131	-7.95892	-8.28805
BLOCK14/SES146/SA146S29	SES146	0.37684	-8.18513	-8.56197
BLOCK14/SES147/SA147S11	SES147	0.0216722	-7.90628	-7.92796
BLOCK14/SES147/SA147S13	SES147	0.646713	-6.79965	-7.44636
BLOCK14/SES147/SA147S23	SES147	0.861762	-7.4936	-8.35536
BLOCK14/SES147/SA147S26	SES147	0.966827	-7.43404	-8.40087
BLOCK14/SES147/SA147S28	SES147	1.18035	-6.65622	-7.83658
BLOCK14/SES148/SA148S10	SES148	0.588212	-6.78939	-7.3776
BLOCK14/SES148/SA148S12	SES148	0.34927	-8.15491	-8.50418
BLOCK14/SES148/SA148S22	SES148	0.740216	-7.04359	-7.78381
BLOCK14/SES148/SA148S26	SES148	0.0635443	-6.69044	-6.75398
BLOCK14/SES148/SA148S29	SES148	0.175674	-7.88587	-8.06155
BLOCK14/SES149/SA149S13	SES149	0.126403	-7.2109	-7.3373
BLOCK14/SES149/SA149S14	SES149	0.461164	-6.54531	-7.00647
BLOCK14/SES149/SA149S24	SES149	0.655188	-7.24864	-7.90383
BLOCK14/SES149/SA149S26	SES149	0.714979	-6.27351	-6.98848
BLOCK14/SES149/SA149S28	SES149	1.58544	-5.55923	-7.14467
BLOCK15/SES158/SA158S13	SES158	1.0458	-7.06944	-8.11524
BLOCK15/SES158/SA158S14	SES158	0.754183	-8.55849	-9.31268
BLOCK15/SES158/SA158S23	SES158	0.630035	-6.62126	-7.2513
BLOCK15/SES158/SA158S26	SES158	1.07817	-7.63909	-8.71726
BLOCK15/SES158/SA158S28	SES158	0.574501	-7.77644	-8.35094
BLOCK16/SES162/SA162S10	SES162	0.639262	-8.35023	-8.98949
BLOCK16/SES162/SA162S11	SES162	0.486966	-6.80217	-7.28914
BLOCK16/SES162/SA162S21	SES162	0.848546	-7.04655	-7.89509
BLOCK16/SES162/SA162S24	SES162	0.890187	-7.19395	-8.08414
BLOCK16/SES162/SA162S27	SES162	1.11807	-8.3721	-9.49018
BLOCK16/SES167/SA167S14	SES167	1.17781	-6.53429	-7.7121
BLOCK16/SES167/SA167S15	SES167	1.62435	-6.40128	-8.02563
BLOCK16/SES167/SA167S21	SES167	1.29248	-6.28449	-7.57696
BLOCK16/SES167/SA167S25	SES167	1.76091	-6.66706	-8.42797
BLOCK16/SES167/SA167S29	SES167	1.90939	-5.8548	-7.76418
BLOCK17/SES172/SA172S12	SES172	1.22065	-8.04514	-9.26579
BLOCK17/SES172/SA172S13	SES172	1.12506	-7.82053	-8.94559
BLOCK17/SES172/SA172S23	SES172	0.728806	-7.14275	-7.87155
BLOCK17/SES172/SA172S27	SES172	0.52429	-8.75448	-9.27877
BLOCK17/SES172/SA172S29	SES172	1.2302	-7.22549	-8.45569
BLOCK17/SES175/SA175S11	SES175	0.176654	-7.84124	-8.01789
BLOCK17/SES175/SA175S13	SES175	0.420095	-5.59665	-6.01674
BLOCK17/SES175/SA175S23	SES175	0.560939	-6.60609	-7.16703
BLOCK17/SES175/SA175S25	SES175	0.267745	-8.24681	-8.51455
BLOCK17/SES175/SA175S28	SES175	0.259356	-6.99371	-7.25306
BLOCK17/SES177/SA177S15	SES177	0.505165	-8.2669	-8.77207
BLOCK17/SES177/SA177S17	SES177	0.238388	-8.06519	-8.30358
BLOCK17/SES177/SA177S23	SES177	0.165299	-8.26491	-8.43021
BLOCK17/SES177/SA177S26	SES177	0.640359	-5.88692	-6.52727
BLOCK17/SES177/SA177S28	SES177	0.663991	-8.02555	-8.68954
BLOCK18/SES180/SA180S13	SES180	0.0322514	-8.63219	-8.66444
BLOCK18/SES180/SA180S15	SES180	0.227098	-7.49304	-7.72013
BLOCK18/SES180/SA180S24	SES180	0.354897	-6.56235	-6.91725
BLOCK18/SES180/SA180S26	SES180	0.265947	-6.97428	-7.24023
BLOCK18/SES180/SA180S29	SES180	-0.125684	-8.26673	-8.14104
BLOCK18/SES183/SA183S13	SES183	1.09689	-7.37563	-8.47252
BLOCK18/SES183/SA183S14	SES183	-0.115023	-7.80573	-7.6907
BLOCK18/SES183/SA183S24	SES183	1.13618	-7.97918	-9.11537
BLOCK18/SES183/SA183S27	SES183	1.05341	-8.29846	-9.35187
BLOCK18/SES183/SA183S29	SES183	1.26495	-7.14278	-8.40773
BLOCK18/SES187/SA187S13	SES187	0.0950432	-8.87668	-8.97172
BLOCK18/SES187/SA187S14	SES187	0.456341	-8.42295	-8.87929
BLOCK18/SES187/SA187S24	SES187	1.09934	-8.32093	-9.42027
BLOCK18/SES187/SA187S27	SES187	0.756584	-8.5215	-9.27808
BLOCK18/SES187/SA187S29	SES187	0.702063	-8.56763	-9.2697
BLOCK18/SES189/SA189S10	SES189	0.994395	-8.13125	-9.12564
BLOCK18/SES189/SA189S13	SES189	1.00058	-9.11072	-10.1113
BLOCK18/SES189/SA189S24	SES189	0.872346	-7.13592	-8.00826
BLOCK18/SES189/SA189S26	SES189	0.853513	-7.40328	-8.25679
BLOCK18/SES189/SA189S29	SES189	1.25403	-7.05561	-8.30964
BLOCK20/SES202/SA202S12	SES202	0.366216	-7.84373	-8.20995
BLOCK20/SES202/SA202S14	SES202	0.684768	-7.50328	-8.18805
BLOCK20/SES202/SA202S24	SES202	0.238827	-8.20383	-8.44266
BLOCK20/SES202/SA202S27	SES202	0.465533	-7.31775	-7.78328
BLOCK20/SES202/SA202S29	SES202	0.291945	-7.47554	-7.76749
BLOCK20/SES206/SA206S15	SES206	-0.313378	-7.59575	-7.28237
BLOCK20/SES206/SA206S17	SES206	0.454703	-8.00289	-8.4576
BLOCK20/SES206/SA206S24	SES206	0.996078	-6.38368	-7.37976
BLOCK20/SES206/SA206S27	SES206	1.08828	-8.03982	-9.1281
BLOCK20/SES206/SA206S29	SES206	1.3129	-6.29646	-7.60936
BLOCK22/SES226/SA226S12	SES226	0.952127	-7.87592	-8.82805
BLOCK22/SES226/SA226S13	SES226	0.540632	-8.36973	-8.91036
BLOCK22/SES226/SA226S20	SES226	0.911006	-7.60616	-8.51717
BLOCK22/SES226/SA226S23	SES226	0.983756	-7.07257	-8.05633
BLOCK22/SES226/SA226S28	SES226	1.20858	-6.8936	-8.10218
BLOCK25/SES259/SA259S13	SES259	1.59393	-6.94648	-8.5404
BLOCK25/SES259/SA259S14	SES259	1.29804	-6.59043	-7.88847
BLOCK25/SES259/SA259S22	SES259	1.34505	-6.75707	-8.10213
BLOCK25/SES259/SA259S24	SES259	0.467002	-7.74774	-8.21474
BLOCK25/SES259/SA259S28	SES259	0.910228	-7.31285	-8.22308
BLOCK27/SES270/SA270S14	SES270	1.8888	-7.54348	-9.43229
BLOCK27/SES270/SA270S16	SES270	0.695522	-7.18025	-7.87577
BLOCK27/SES270/SA270S22	SES270	2.09427	-6.71662	-8.81089
BLOCK27/SES270/SA270S26	SES270	1.40562	-7.62951	-9.03513
BLOCK27/SES270/SA270S28	SES270	1.28322	-7.32085	-8.60406
BLOCK27/SES275/SA275S17	SES275	0.491724	-7.16387	-7.65559
BLOCK27/SES275/SA275S18	SES275	0.253141	-7.4972	-7.75034
BLOCK27/SES275/SA275S24	SES275	0.454464	-7.86624	-8.32071
BLOCK27/SES275/SA275S26	SES275	0.655795	-7.33539	-7.99119
BLOCK27/SES275/SA275S28	SES275	0.784595	-7.54119	-8.32578
BLOCK29/SES292/SA292S10	SES292	-0.543946	-7.65297	-7.10902
BLOCK29/SES292/SA292S12	SES292	0.349216	-8.7869	-9.13612
BLOCK29/SES292/SA292S22	SES292	0.00112247	-8.16328	-8.16441
BLOCK29/SES292/SA292S24	SES292	0.113178	-7.85734	-7.97052
BLOCK29/SES292/SA292S27	SES292	-0.0777063	-7.59367	-7.51596
BLOCK00/SES001/SA001S14	SES062	-1.41064	-10.2791	-8.86841
BLOCK00/SES001/SA001S14	SES082	-0.552456	-9.42087	-8.86841
BLOCK00/SES001/SA001S14	SES106	-1.16314	-10.0315	-8.86841
BLOCK00/SES001/SA001S14	SES206	-1.05123	-9.91964	-8.86841
BLOCK00/SES001/SA001S15	SES062	-0.890378	-8.83459	-7.94421
BLOCK00/SES001/SA001S15	SES104	-0.765346	-8.70955	-7.94421
BLOCK00/SES001/SA001S15	SES106	-0.829392	-8.7736	-7.94421
BLOCK00/SES001/SA001S15	SES206	-1.45714	-9.40135	-7.94421
BLOCK00/SES001/SA001S24	SES062	-0.130743	-8.48049	-8.34975
BLOCK00/SES001/SA001S24	SES082	0.113692	-8.23606	-8.34975
BLOCK00/SES001/SA001S24	SES087	-0.0737419	-8.42349	-8.34975
BLOCK00/SES001/SA001S24	SES206	0.176236	-8.17351	-8.34975
BLOCK00/SES001/SA001S27	SES062	-0.472896	-7.00679	-6.5339
BLOCK00/SES001/SA001S27	SES082	-0.271096	-6.80499	-6.5339
BLOCK00/SES001/SA001S27	SES087	-0.251393	-6.78529	-6.5339
BLOCK00/SES001/SA001S27	SES206	-1.09718	-7.63108	-6.5339
BLOCK00/SES001/SA001S29	SES062	-1.07346	-9.40602	-8.33256
BLOCK00/SES001/SA001S29	SES082	-0.58393	-8.91649	-8.33256
BLOCK00/SES001/SA001S29	SES158	-0.442124	-8.77468	-8.33256
BLOCK00/SES001/SA001S29	SES206	-0.957913	-9.29047	-8.33256
BLOCK00/SES003/SA003S11	SES002	0.465966	-8.26014	-8.7261
BLOCK00/SES003/SA003S11	SES019	-1.31976	-10.0459	-8.7261
BLOCK00/SES003/SA003S11	SES082	0.0409174	-8.68519	-8.7261
BLOCK00/SES003/SA003S11	SES125	-0.291503	-9.01761	-8.7261
BLOCK00/SES003/SA003S15	SES016	-0.644226	-8.24084	-7.59662
BLOCK00/SES003/SA003S15	SES019	-3.92189	-11.5185	-7.59662
BLOCK00/SES003/SA003S15	SES062	0.222124	-7.37449	-7.59662
BLOCK00/SES003/SA003S15	SES206	-0.448627	-8.04525	-7.59662
BLOCK00/SES003/SA003S22	SES002	-0.0274606	-7.96827	-7.94081
BLOCK00/SES003/SA003S22	SES062	0.166251	-7.77456	-7.94081
BLOCK00/SES003/SA003S22	SES082	-0.33518	-8.27599	-7.94081
BLOCK00/SES003/SA003S22	SES087	-0.108757	-8.04957	-7.94081
BLOCK00/SES003/SA003S25	SES062	-0.515417	-10.2231	-9.70766
BLOCK00/SES003/SA003S25	SES082	-0.683839	-10.3915	-9.70766
BLOCK00/SES003/SA003S25	SES087	-0.709548	-10.4172	-9.70766
BLOCK00/SES003/SA003S25	SES206	-0.457592	-10.1652	-9.70766
BLOCK00/SES003/SA003S29	SES002	-0.203647	-9.0961	-8.89245
BLOCK00/SES003/SA003S29	SES062	-0.72628	-9.61873	-8.89245
BLOCK00/SES003/SA003S29	SES082	-0.754312	-9.64677	-8.89245
BLOCK00/SES003/SA003S29	SES087	-1.03946	-9.93191	-8.89245
BLOCK00/SES004/SA004S12	SES083	-0.815954	-8.10457	-7.28861
BLOCK00/SES004/SA004S12	SES148	-0.645072	-7.93369	-7.28861
BLOCK00/SES004/SA004S12	SES172	0.29406	-6.99455	-7.28861
BLOCK00/SES004/SA004S12	SES292	-0.888067	-8.17668	-7.28861
BLOCK00/SES004/SA004S17	SES083	-0.980845	-8.69032	-7.70948
BLOCK00/SES004/SA004S17	SES162	-0.453566	-8.16304	-7.70948
BLOCK00/SES004/SA004S17	SES172	-0.243654	-7.95313	-7.70948
BLOCK00/SES004/SA004S17	SES292	-0.826364	-8.53584	-7.70948
BLOCK00/SES004/SA004S24	SES083	-0.780986	-8.03417	-7.25318
BLOCK00/SES004/SA004S24	SES148	-1.34413	-8.59731	-7.25318
BLOCK00/SES004/SA004S24	SES172	-0.194928	-7.44811	-7.25318
BLOCK00/SES004/SA004S24	SES292	-0.601672	-7.85485	-7.25318
BLOCK00/SES004/SA004S26	SES083	-1.30818	-9.45824	-8.15006
BLOCK00/SES004/SA004S26	SES127	-0.106108	-8.25616	-8.15006
BLOCK00/SES004/SA004S26	SES148	-2.10564	-10.2557	-8.15006
BLOCK00/SES004/SA004S26	SES292	-1.64264	-9.7927	-8.15006
BLOCK00/SES004/SA004S28	SES083	-1.04572	-8.54521	-7.49949
BLOCK00/SES004/SA004S28	SES127	0.168331	-7.33116	-7.49949
BLOCK00/SES004/SA004S28	SES187	0.222447	-7.27704	-7.49949
BLOCK00/SES004/SA004S28	SES292	-0.964743	-8.46423	-7.49949
BLOCK00/SES006/SA006S10	SES014	-0.669997	-10.3712	-9.70122
BLOCK00/SES006/SA006S10	SES158	-0.667234	-10.3685	-9.70122
BLOCK00/SES006/SA006S10	SES226	-2.0595	-11.7607	-9.70122
BLOCK00/SES006/SA006S10	SES270	0.143636	-9.55758	-9.70122
BLOCK00/SES006/SA006S11	SES158	-1.01907	-10.444	-9.42495
BLOCK00/SES006/SA006S11	SES226	-1.2823	-10.7072	-9.42495
BLOCK00/SES006/SA006S11	SES270	0.42208	-9.00287	-9.42495
BLOCK00/SES006/SA006S11	SES275	-1.25951	-10.6845	-9.42495
BLOCK00/SES006/SA006S23	SES062	-2.49653	-12.1834	-9.68691
BLOCK00/SES006/SA006S23	SES105	-2.66989	-12.3568	-9.68691
BLOCK00/SES006/SA006S23	SES158	-0.921474	-10.6084	-9.68691
BLOCK00/SES006/SA006S23	SES275	-1.90225	-11.5892	-9.68691
BLOCK00/SES006/SA006S26	SES104	-1.51384	-11.4114	-9.89751
BLOCK00/SES006/SA006S26	SES158	-1.03014	-10.9277	-9.89751
BLOCK00/SES006/SA006S26	SES270	0.629593	-9.26792	-9.89751
BLOCK00/SES006/SA006S26	SES275	-1.23568	-11.1332	-9.89751
BLOCK00/SES006/SA006S28	SES007	-1.53966	-11.423	-9.88339
BLOCK00/SES006/SA006S28	SES105	-2.11039	-11.9938	-9.88339
BLOCK00/SES006/SA006S28	SES158	-0.860768	-10.7442	-9.88339
BLOCK00/SES006/SA006S28	SES275	-1.33102	-11.2144	-9.88339
BLOCK00/SES009/SA009S12	SES083	-1.87077	-9.82416	-7.95339
BLOCK00/SES009/SA009S12	SES148	-1.26818	-9.22157	-7.95339
BLOCK00/SES009/SA009S12	SES177	-0.392935	-8.34633	-7.95339
BLOCK00/SES009/SA009S12	SES292	-0.501611	-8.455	-7.95339
BLOCK00/SES009/SA009S15	SES007	0.0165792	-7.3423	-7.35888
BLOCK00/SES009/SA009S15	SES099	-3.24039	-10.5993	-7.35888
BLOCK00/SES009/SA009S15	SES148	-1.19602	-8.5549	-7.35888
BLOCK00/SES009/SA009S15	SES172	-0.849187	-8.20807	-7.35888
BLOCK00/SES009/SA009S24	SES146	-0.10986	-8.41604	-8.30618
BLOCK00/SES009/SA009S24	SES148	-1.4044	-9.71058	-8.30618
BLOCK00/SES009/SA009S24	SES177	-0.077589	-8.38377	-8.30618
BLOCK00/SES009/SA009S24	SES292	-0.599573	-8.90575	-8.30618
BLOCK00/SES009/SA009S26	SES083	-1.78019	-9.72612	-7.94592
BLOCK00/SES009/SA009S26	SES101	-1.66905	-9.61497	-7.94592
BLOCK00/SES009/SA009S26	SES120	-0.415209	-8.36113	-7.94592
BLOCK00/SES009/SA009S26	SES177	-0.792835	-8.73876	-7.94592
BLOCK00/SES009/SA009S29	SES083	-1.74224	-9.61192	-7.86969
BLOCK00/SES009/SA009S29	SES101	-1.02394	-8.89363	-7.86969
BLOCK00/SES009/SA009S29	SES177	-0.425354	-8.29504	-7.86969
BLOCK00/SES009/SA009S29	SES292	-0.928102	-8.79779	-7.86969
BLOCK01/SES011/SA011S10	SES019	-3.36273	-12.9781	-9.61537
BLOCK01/SES011/SA011S10	SES042	1.31787	-8.2975	-9.61537
BLOCK01/SES011/SA011S10	SES082	-0.239666	-9.85503	-9.61537
BLOCK01/SES011/SA011S10	SES206	0.0515728	-9.56379	-9.61537
BLOCK01/SES011/SA011S11	SES019	-2.3382	-11.494	-9.15581
BLOCK01/SES011/SA011S11	SES042	0.727428	-8.42838	-9.15581
BLOCK01/SES011/SA011S11	SES082	-0.476952	-9.63276	-9.15581
BLOCK01/SES011/SA011S11	SES206	-0.602738	-9.75854	-9.15581
BLOCK01/SES011/SA011S22	SES019	-2.84266	-12.0415	-9.19885
BLOCK01/SES011/SA011S22	SES042	0.772535	-8.42632	-9.19885
BLOCK01/SES011/SA011S22	SES082	-0.509436	-9.70829	-9.19885
BLOCK01/SES011/SA011S22	SES206	-0.815409	-10.0143	-9.19885
BLOCK01/SES011/SA011S24	SES019	-3.37749	-11.9112	-8.53369
BLOCK01/SES011/SA011S24	SES042	1.32064	-7.21305	-8.53369
BLOCK01/SES011/SA011S24	SES104	0.462578	-8.07111	-8.53369
BLOCK01/SES011/SA011S24	SES206	0.274945	-8.25874	-8.53369
BLOCK01/SES011/SA011S27	SES082	0.148787	-8.38625	-8.53504
BLOCK01/SES011/SA011S27	SES087	-1.29264	-9.82767	-8.53504
BLOCK01/SES011/SA011S27	SES125	0.174315	-8.36072	-8.53504
BLOCK01/SES011/SA011S27	SES206	-0.284809	-8.81985	-8.53504
BLOCK01/SES012/SA012S11	SES007	0.214216	-7.11583	-7.33005
BLOCK01/SES012/SA012S11	SES082	-0.0512648	-7.38131	-7.33005
BLOCK01/SES012/SA012S11	SES083	-1.0691	-8.39915	-7.33005
BLOCK01/SES012/SA012S11	SES206	-0.104075	-7.43412	-7.33005
BLOCK01/SES012/SA012S14	SES082	0.118854	-8.37347	-8.49232
BLOCK01/SES012/SA012S14	SES087	-0.869429	-9.36175	-8.49232
BLOCK01/SES012/SA012S14	SES206	-0.105743	-8.59806	-8.49232
BLOCK01/SES012/SA012S14	SES292	-0.628011	-9.12033	-8.49232
BLOCK01/SES012/SA012S24	SES082	0.116002	-9.04217	-9.15817
BLOCK01/SES012/SA012S24	SES087	-0.85157	-10.0097	-9.15817
BLOCK01/SES012/SA012S24	SES120	-0.997485	-10.1557	-9.15817
BLOCK01/SES012/SA012S24	SES206	-0.237541	-9.39572	-9.15817
BLOCK01/SES012/SA012S26	SES019	-5.91134	-15.2127	-9.30136
BLOCK01/SES012/SA012S26	SES082	-0.193551	-9.49492	-9.30136
BLOCK01/SES012/SA012S26	SES206	1.08405	-8.21732	-9.30136
BLOCK01/SES012/SA012S26	SES292	0.434821	-8.86654	-9.30136
BLOCK01/SES012/SA012S29	SES062	-0.529367	-7.52802	-6.99865
BLOCK01/SES012/SA012S29	SES082	0.59792	-6.40073	-6.99865
BLOCK01/SES012/SA012S29	SES083	-1.47521	-8.47386	-6.99865
BLOCK01/SES012/SA012S29	SES206	0.251888	-6.74677	-6.99865
BLOCK01/SES013/SA013S16	SES062	-1.54042	-11.3658	-9.82536
BLOCK01/SES013/SA013S16	SES106	-0.675436	-10.5008	-9.82536
BLOCK01/SES013/SA013S16	SES206	-0.50157	-10.3269	-9.82536
BLOCK01/SES013/SA013S16	SES226	-0.340477	-10.1658	-9.82536
BLOCK01/SES013/SA013S17	SES062	0.0912256	-8.92639	-9.01762
BLOCK01/SES013/SA013S17	SES106	-0.348076	-9.36569	-9.01762
BLOCK01/SES013/SA013S17	SES206	0.157039	-8.86058	-9.01762
BLOCK01/SES013/SA013S17	SES226	0.0727491	-8.94487	-9.01762
BLOCK01/SES013/SA013S23	SES104	0.131166	-9.80965	-9.94082
BLOCK01/SES013/SA013S23	SES106	0.504982	-9.43584	-9.94082
BLOCK01/SES013/SA013S23	SES206	-1.10351	-11.0443	-9.94082
BLOCK01/SES013/SA013S23	SES270	0.250034	-9.69079	-9.94082
BLOCK01/SES013/SA013S25	SES042	-1.59631	-10.8172	-9.22091
BLOCK01/SES013/SA013S25	SES104	0.490351	-8.73056	-9.22091
BLOCK01/SES013/SA013S25	SES106	-0.0559063	-9.27682	-9.22091
BLOCK01/SES013/SA013S25	SES206	-0.787148	-10.0081	-9.22091
BLOCK01/SES013/SA013S29	SES062	-1.37599	-10.8877	-9.51175
BLOCK01/SES013/SA013S29	SES104	-0.276588	-9.78834	-9.51175
BLOCK01/SES013/SA013S29	SES106	0.0830145	-9.42874	-9.51175
BLOCK01/SES013/SA013S29	SES206	-1.73105	-11.2428	-9.51175
BLOCK02/SES021/SA021S13	SES016	-1.66485	-9.9313	-8.26645
BLOCK02/SES021/SA021S13	SES029	-0.315084	-8.58154	-8.26645
BLOCK02/SES021/SA021S13	SES087	-1.85104	-10.1175	-8.26645
BLOCK02/SES021/SA021S13	SES206	-2.00241	-10.2689	-8.26645
BLOCK02/SES021/SA021S15	SES087	-0.469147	-8.44716	-7.97801
BLOCK02/SES021/SA021S15	SES125	-0.770105	-8.74812	-7.97801
BLOCK02/SES021/SA021S15	SES206	-0.682501	-8.66051	-7.97801
BLOCK02/SES021/SA021S15	SES226	-0.762393	-8.7404	-7.97801
BLOCK02/SES021/SA021S23	SES062	-1.28892	-10.452	-9.16308
BLOCK02/SES021/SA021S23	SES087	-0.23993	-9.40301	-9.16308
BLOCK02/SES021/SA021S23	SES206	-0.85155	-10.0146	-9.16308
BLOCK02/SES021/SA021S23	SES226	-0.750362	-9.91344	-9.16308
BLOCK02/SES021/SA021S27	SES002	-0.24128	-8.09501	-7.85373
BLOCK02/SES021/SA021S27	SES016	-2.17633	-10.0301	-7.85373
BLOCK02/SES021/SA021S27	SES019	-1.56031	-9.41404	-7.85373
BLOCK02/SES021/SA021S27	SES062	-0.518096	-8.37182	-7.85373
BLOCK02/SES021/SA021S29	SES087	-0.804004	-9.60627	-8.80226
BLOCK02/SES021/SA021S29	SES125	-1.55434	-10.3566	-8.80226
BLOCK02/SES021/SA021S29	SES206	-0.186078	-8.98834	-8.80226
BLOCK02/SES021/SA021S29	SES226	-0.828154	-9.63042	-8.80226
BLOCK04/SES043/SA043S09	SES083	0.102057	-8.75576	-8.85782
BLOCK04/SES043/SA043S09	SES101	-0.0321264	-8.88995	-8.85782
BLOCK04/SES043/SA043S09	SES144	0.105147	-8.75267	-8.85782
BLOCK04/SES043/SA043S09	SES172	-0.879379	-9.7372	-8.85782
BLOCK04/SES043/SA043S11	SES083	0.350686	-7.43926	-7.78994
BLOCK04/SES043/SA043S11	SES101	0.123995	-7.66595	-7.78994
BLOCK04/SES043/SA043S11	SES144	0.172084	-7.61786	-7.78994
BLOCK04/SES043/SA043S11	SES172	-0.482616	-8.27256	-7.78994
BLOCK04/SES043/SA043S23	SES083	0.0607738	-8.19154	-8.25232
BLOCK04/SES043/SA043S23	SES144	0.0136204	-8.2387	-8.25232
BLOCK04/SES043/SA043S23	SES177	-0.545667	-8.79799	-8.25232
BLOCK04/SES043/SA043S23	SES275	-0.319952	-8.57227	-8.25232
BLOCK04/SES043/SA043S26	SES083	-0.119606	-9.56957	-9.44997
BLOCK04/SES043/SA043S26	SES101	-0.111281	-9.56125	-9.44997
BLOCK04/SES043/SA043S26	SES144	0.224977	-9.22499	-9.44997
BLOCK04/SES043/SA043S26	SES177	-0.580437	-10.0304	-9.44997
BLOCK04/SES043/SA043S28	SES016	-0.708488	-9.15921	-8.45072
BLOCK04/SES043/SA043S28	SES083	0.106074	-8.34465	-8.45072
BLOCK04/SES043/SA043S28	SES101	-0.0992155	-8.54994	-8.45072
BLOCK04/SES043/SA043S28	SES144	-0.0974054	-8.54813	-8.45072
BLOCK04/SES044/SA044S10	SES127	-1.79749	-11.0611	-9.26362
BLOCK04/SES044/SA044S10	SES144	0.669339	-8.59429	-9.26362
BLOCK04/SES044/SA044S10	SES147	-1.87036	-11.134	-9.26362
BLOCK04/SES044/SA044S10	SES148	-1.838	-11.1016	-9.26362
BLOCK04/SES044/SA044S11	SES101	0.23082	-8.09511	-8.32593
BLOCK04/SES044/SA044S11	SES144	0.256163	-8.06977	-8.32593
BLOCK04/SES044/SA044S11	SES147	-1.36907	-9.695	-8.32593
BLOCK04/SES044/SA044S11	SES177	-0.665472	-8.9914	-8.32593
BLOCK04/SES044/SA044S24	SES007	-2.48982	-10.8125	-8.32264
BLOCK04/SES044/SA044S24	SES101	0.285237	-8.0374	-8.32264
BLOCK04/SES044/SA044S24	SES147	-0.927023	-9.24966	-8.32264
BLOCK04/SES044/SA044S24	SES177	-0.218818	-8.54145	-8.32264
BLOCK04/SES044/SA044S26	SES007	-1.12536	-8.89482	-7.76947
BLOCK04/SES044/SA044S26	SES016	-0.518215	-8.28768	-7.76947
BLOCK04/SES044/SA044S26	SES101	0.211506	-7.55796	-7.76947
BLOCK04/SES044/SA044S26	SES147	-0.113707	-7.88317	-7.76947
BLOCK04/SES044/SA044S29	SES007	-2.53561	-9.92222	-7.38662
BLOCK04/SES044/SA044S29	SES101	-0.204734	-7.59135	-7.38662
BLOCK04/SES044/SA044S29	SES147	-1.03244	-8.41906	-7.38662
BLOCK04/SES044/SA044S29	SES177	-1.77077	-9.15739	-7.38662
BLOCK04/SES046/SA046S13	SES101	0.0574751	-9.46442	-9.5219
BLOCK04/SES046/SA046S13	SES144	0.247205	-9.27469	-9.5219
BLOCK04/SES046/SA046S13	SES147	-0.970919	-10.4928	-9.5219
BLOCK04/SES046/SA046S13	SES177	-0.664684	-10.1866	-9.5219
BLOCK04/SES046/SA046S15	SES048	-0.0982351	-6.88344	-6.7852
BLOCK04/SES046/SA046S15	SES083	-0.451338	-7.23654	-6.7852
BLOCK04/SES046/SA046S15	SES120	-1.92625	-8.71145	-6.7852
BLOCK04/SES046/SA046S15	SES148	-0.750788	-7.53599	-6.7852
BLOCK04/SES046/SA046S22	SES101	0.206298	-8.37185	-8.57815
BLOCK04/SES046/SA046S22	SES144	0.276896	-8.30126	-8.57815
BLOCK04/SES046/SA046S22	SES147	-1.17331	-9.75146	-8.57815
BLOCK04/SES046/SA046S22	SES172	0.107472	-8.47068	-8.57815
BLOCK04/SES046/SA046S25	SES083	-0.515616	-8.42444	-7.90882
BLOCK04/SES046/SA046S25	SES127	-0.872331	-8.78115	-7.90882
BLOCK04/SES046/SA046S25	SES144	-0.0842571	-7.99308	-7.90882
BLOCK04/SES046/SA046S25	SES148	-1.27506	-9.18388	-7.90882
BLOCK04/SES046/SA046S28	SES007	-0.981427	-8.87376	-7.89234
BLOCK04/SES046/SA046S28	SES105	-1.0297	-8.92204	-7.89234
BLOCK04/SES046/SA046S28	SES147	-0.438953	-8.33129	-7.89234
BLOCK04/SES046/SA046S28	SES148	-1.55793	-9.45027	-7.89234
BLOCK04/SES049/SA049S16	SES104	-0.388453	-10.3186	-9.9301
BLOCK04/SES049/SA049S16	SES106	-1.52793	-11.458	-9.9301
BLOCK04/SES049/SA049S16	SES120	-0.804247	-10.7343	-9.9301
BLOCK04/SES049/SA049S16	SES206	-1.23046	-11.1606	-9.9301
BLOCK04/SES049/SA049S18	SES099	0.559357	-8.70059	-9.25995
BLOCK04/SES049/SA049S18	SES104	-0.6732	-9.93315	-9.25995
BLOCK04/SES049/SA049S18	SES125	-0.834903	-10.0949	-9.25995
BLOCK04/SES049/SA049S18	SES206	-1.25006	-10.51	-9.25995
BLOCK04/SES049/SA049S25	SES087	-0.494946	-11.2469	-10.752
BLOCK04/SES049/SA049S25	SES104	0.0832548	-10.6687	-10.752
BLOCK04/SES049/SA049S25	SES125	-0.350188	-11.1022	-10.752
BLOCK04/SES049/SA049S25	SES206	-0.0294151	-10.7814	-10.752
BLOCK04/SES049/SA049S27	SES099	-0.831253	-9.52109	-8.68984
BLOCK04/SES049/SA049S27	SES104	0.429548	-8.26029	-8.68984
BLOCK04/SES049/SA049S27	SES125	-0.792201	-9.48204	-8.68984
BLOCK04/SES049/SA049S27	SES206	-1.1389	-9.82873	-8.68984
BLOCK04/SES049/SA049S29	SES099	-0.185128	-8.48024	-8.29511
BLOCK04/SES049/SA049S29	SES104	0.0358753	-8.25924	-8.29511
BLOCK04/SES049/SA049S29	SES125	-0.444536	-8.73965	-8.29511
BLOCK04/SES049/SA049S29	SES206	-1.05033	-9.34544	-8.29511
BLOCK06/SES063/SA063S09	SES068	-1.18714	-10.9955	-9.80841
BLOCK06/SES063/SA063S09	SES083	-0.0783396	-9.88675	-9.80841
BLOCK06/SES063/SA063S09	SES177	-0.697682	-10.5061	-9.80841
BLOCK06/SES063/SA063S09	SES187	-0.680442	-10.4888	-9.80841
BLOCK06/SES063/SA063S10	SES068	-1.49038	-10.5587	-9.06836
BLOCK06/SES063/SA063S10	SES083	-0.990657	-10.059	-9.06836
BLOCK06/SES063/SA063S10	SES172	-0.931955	-10.0003	-9.06836
BLOCK06/SES063/SA063S10	SES187	-1.28274	-10.3511	-9.06836
BLOCK06/SES063/SA063S20	SES068	-1.99341	-11.3694	-9.37597
BLOCK06/SES063/SA063S20	SES083	-0.848905	-10.2249	-9.37597
BLOCK06/SES063/SA063S20	SES172	-0.614905	-9.99088	-9.37597
BLOCK06/SES063/SA063S20	SES187	-0.850516	-10.2265	-9.37597
BLOCK06/SES063/SA063S24	SES029	-0.618382	-11.0562	-10.4378
BLOCK06/SES063/SA063S24	SES083	0.730687	-9.70712	-10.4378
BLOCK06/SES063/SA063S24	SES177	-0.352477	-10.7903	-10.4378
BLOCK06/SES063/SA063S24	SES189	0.793461	-9.64435	-10.4378
BLOCK06/SES063/SA063S27	SES083	-0.126878	-9.11668	-8.9898
BLOCK06/SES063/SA063S27	SES172	-1.42728	-10.4171	-8.9898
BLOCK06/SES063/SA063S27	SES187	-0.91911	-9.90891	-8.9898
BLOCK06/SES063/SA063S27	SES292	-1.28141	-10.2712	-8.9898
BLOCK06/SES067/SA067S12	SES083	-0.864922	-8.58136	-7.71644
BLOCK06/SES067/SA067S12	SES172	-1.33419	-9.05062	-7.71644
BLOCK06/SES067/SA067S12	SES202	-0.348135	-8.06457	-7.71644
BLOCK06/SES067/SA067S12	SES292	-0.967971	-8.68441	-7.71644
BLOCK06/SES067/SA067S14	SES085	-1.04584	-7.3804	-6.33456
BLOCK06/SES067/SA067S14	SES177	-1.69169	-8.02625	-6.33456
BLOCK06/SES067/SA067S14	SES183	0.269057	-6.0655	-6.33456
BLOCK06/SES067/SA067S14	SES202	-0.0704594	-6.40502	-6.33456
BLOCK06/SES067/SA067S21	SES144	-0.901905	-9.02423	-8.12233
BLOCK06/SES067/SA067S21	SES177	-1.54004	-9.66237	-8.12233
BLOCK06/SES067/SA067S21	SES183	-0.888039	-9.01037	-8.12233
BLOCK06/SES067/SA067S21	SES189	-0.916414	-9.03874	-8.12233
BLOCK06/SES067/SA067S25	SES085	-1.38166	-8.98917	-7.60752
BLOCK06/SES067/SA067S25	SES177	-0.680149	-8.28767	-7.60752
BLOCK06/SES067/SA067S25	SES183	-0.506536	-8.11405	-7.60752
BLOCK06/SES067/SA067S25	SES202	-1.47796	-9.08548	-7.60752
BLOCK06/SES067/SA067S29	SES085	-1.99521	-10.7454	-8.75018
BLOCK06/SES067/SA067S29	SES177	-1.20391	-9.95409	-8.75018
BLOCK06/SES067/SA067S29	SES183	-0.638729	-9.38891	-8.75018
BLOCK06/SES067/SA067S29	SES202	0.196421	-8.55376	-8.75018
BLOCK06/SES069/SA069S12	SES029	-0.812715	-8.7936	-7.98089
BLOCK06/SES069/SA069S12	SES082	-0.096077	-8.07696	-7.98089
BLOCK06/SES069/SA069S12	SES087	-0.639605	-8.62049	-7.98089
BLOCK06/SES069/SA069S12	SES206	-0.0324907	-8.01338	-7.98089
BLOCK06/SES069/SA069S13	SES029	-1.24032	-9.3005	-8.06017
BLOCK06/SES069/SA069S13	SES087	-0.482975	-8.54315	-8.06017
BLOCK06/SES069/SA069S13	SES206	-1.04641	-9.10658	-8.06017
BLOCK06/SES069/SA069S13	SES226	0.240136	-7.82004	-8.06017
BLOCK06/SES069/SA069S23	SES029	0.214087	-7.06952	-7.28361
BLOCK06/SES069/SA069S23	SES087	0.553462	-6.73015	-7.28361
BLOCK06/SES069/SA069S23	SES206	-0.880832	-8.16444	-7.28361
BLOCK06/SES069/SA069S23	SES226	0.200822	-7.08279	-7.28361
BLOCK06/SES069/SA069S25	SES087	-0.548815	-8.56892	-8.02011
BLOCK06/SES069/SA069S25	SES206	-1.64454	-9.66465	-8.02011
BLOCK06/SES069/SA069S25	SES226	0.296031	-7.72408	-8.02011
BLOCK06/SES069/SA069S25	SES270	-0.687761	-8.70787	-8.02011
BLOCK06/SES069/SA069S27	SES087	-0.77592	-9.29763	-8.52171
BLOCK06/SES069/SA069S27	SES206	-0.0603418	-8.58205	-8.52171
BLOCK06/SES069/SA069S27	SES226	0.421697	-8.10001	-8.52171
BLOCK06/SES069/SA069S27	SES270	-0.562828	-9.08454	-8.52171
BLOCK08/SES081/SA081S11	SES060	-1.31583	-9.75035	-8.43452
BLOCK08/SES081/SA081S11	SES062	-0.571458	-9.00598	-8.43452
BLOCK08/SES081/SA081S11	SES117	-1.70925	-10.1438	-8.43452
BLOCK08/SES081/SA081S11	SES162	-1.67463	-10.1091	-8.43452
BLOCK08/SES081/SA081S13	SES016	-0.205677	-7.60202	-7.39634
BLOCK08/SES081/SA081S13	SES060	0.106005	-7.29034	-7.39634
BLOCK08/SES081/SA081S13	SES068	-0.0282316	-7.42457	-7.39634
BLOCK08/SES081/SA081S13	SES129	-1.92464	-9.32098	-7.39634
BLOCK08/SES081/SA081S24	SES060	-0.188274	-8.05196	-7.86368
BLOCK08/SES081/SA081S24	SES068	-0.395995	-8.25968	-7.86368
BLOCK08/SES081/SA081S24	SES117	-1.18082	-9.0445	-7.86368
BLOCK08/SES081/SA081S24	SES275	-0.842331	-8.70602	-7.86368
BLOCK08/SES081/SA081S27	SES007	-0.086627	-8.62058	-8.53395
BLOCK08/SES081/SA081S27	SES060	-0.715233	-9.24918	-8.53395
BLOCK08/SES081/SA081S27	SES117	-1.24846	-9.78241	-8.53395
BLOCK08/SES081/SA081S27	SES275	-1.2759	-9.80985	-8.53395
BLOCK08/SES081/SA081S29	SES007	0.10651	-8.98905	-9.09556
BLOCK08/SES081/SA081S29	SES060	0.00871086	-9.08685	-9.09556
BLOCK08/SES081/SA081S29	SES117	-0.706016	-9.80158	-9.09556
BLOCK08/SES081/SA081S29	SES275	-0.937752	-10.0333	-9.09556
BLOCK08/SES086/SA086S11	SES029	-1.47974	-11.6408	-10.161
BLOCK08/SES086/SA086S11	SES082	-0.978407	-11.1395	-10.161
BLOCK08/SES086/SA086S11	SES087	0.396339	-9.76471	-10.161
BLOCK08/SES086/SA086S11	SES206	-0.888785	-11.0498	-10.161
BLOCK08/SES086/SA086S12	SES029	-1.22513	-10.5155	-9.29037
BLOCK08/SES086/SA086S12	SES082	-1.07382	-10.3642	-9.29037
BLOCK08/SES086/SA086S12	SES087	0.955809	-8.33456	-9.29037
BLOCK08/SES086/SA086S12	SES206	-0.258757	-9.54912	-9.29037
BLOCK08/SES086/SA086S20	SES029	-1.42885	-10.1472	-8.71833
BLOCK08/SES086/SA086S20	SES082	-0.452312	-9.17064	-8.71833
BLOCK08/SES086/SA086S20	SES087	0.415719	-8.30261	-8.71833
BLOCK08/SES086/SA086S20	SES206	-0.655709	-9.37404	-8.71833
BLOCK08/SES086/SA086S24	SES087	0.777261	-9.36442	-10.1417
BLOCK08/SES086/SA086S24	SES104	-0.515001	-10.6567	-10.1417
BLOCK08/SES086/SA086S24	SES120	-0.392584	-10.5343	-10.1417
BLOCK08/SES086/SA086S24	SES206	0.102087	-10.0396	-10.1417
BLOCK08/SES086/SA086S28	SES029	-1.15343	-9.71376	-8.56032
BLOCK08/SES086/SA086S28	SES082	-0.581117	-9.14144	-8.56032
BLOCK08/SES086/SA086S28	SES087	0.561986	-7.99834	-8.56032
BLOCK08/SES086/SA086S28	SES206	-0.0541582	-8.61448	-8.56032
BLOCK08/SES089/SA089S13	SES087	-0.210389	-9.73277	-9.52238
BLOCK08/SES089/SA089S13	SES206	-0.92215	-10.4445	-9.52238
BLOCK08/SES089/SA089S13	SES226	-0.175775	-9.69815	-9.52238
BLOCK08/SES089/SA089S13	SES270	-0.746581	-10.269	-9.52238
BLOCK08/SES089/SA089S14	SES062	-0.397891	-9.20946	-8.81156
BLOCK08/SES089/SA089S14	SES087	0.274757	-8.53681	-8.81156
BLOCK08/SES089/SA089S14	SES206	-1.09813	-9.9097	-8.81156
BLOCK08/SES089/SA089S14	SES226	-1.00448	-9.81604	-8.81156
BLOCK08/SES089/SA089S23	SES087	-0.212705	-11.402	-11.1893
BLOCK08/SES089/SA089S23	SES206	-0.749387	-11.9387	-11.1893
BLOCK08/SES089/SA089S23	SES226	-0.258021	-11.4473	-11.1893
BLOCK08/SES089/SA089S23	SES270	-1.81067	-13	-11.1893
BLOCK08/SES089/SA089S25	SES062	-0.158109	-9.36797	-9.20987
BLOCK08/SES089/SA089S25	SES087	0.433614	-8.77625	-9.20987
BLOCK08/SES089/SA089S25	SES206	-1.34414	-10.554	-9.20987
BLOCK08/SES089/SA089S25	SES226	-0.210585	-9.42045	-9.20987
BLOCK08/SES089/SA089S28	SES062	-0.305812	-9.22892	-8.9231
BLOCK08/SES089/SA089S28	SES087	0.385155	-8.53795	-8.9231
BLOCK08/SES089/SA089S28	SES206	-0.90749	-9.83059	-8.9231
BLOCK08/SES089/SA089S28	SES226	-0.134192	-9.0573	-8.9231
BLOCK09/SES097/SA097S11	SES099	0.0148401	-10.2921	-10.3069
BLOCK09/SES097/SA097S11	SES125	-0.111282	-10.4182	-10.3069
BLOCK09/SES097/SA097S11	SES206	-0.260166	-10.5671	-10.3069
BLOCK09/SES097/SA097S11	SES226	1.60315	-8.70378	-10.3069
BLOCK09/SES097/SA097S14	SES062	-1.18141	-10.3616	-9.18023
BLOCK09/SES097/SA097S14	SES099	-0.945749	-10.126	-9.18023
BLOCK09/SES097/SA097S14	SES104	0.363923	-8.8163	-9.18023
BLOCK09/SES097/SA097S14	SES206	-1.09153	-10.2718	-9.18023
BLOCK09/SES097/SA097S22	SES099	0.297579	-9.20539	-9.50297
BLOCK09/SES097/SA097S22	SES206	-1.13665	-10.6396	-9.50297
BLOCK09/SES097/SA097S22	SES226	0.15648	-9.34649	-9.50297
BLOCK09/SES097/SA097S22	SES270	-0.104682	-9.60766	-9.50297
BLOCK09/SES097/SA097S26	SES099	0.525572	-9.70859	-10.2342
BLOCK09/SES097/SA097S26	SES120	-0.710076	-10.9442	-10.2342
BLOCK09/SES097/SA097S26	SES206	-1.22803	-11.4622	-10.2342
BLOCK09/SES097/SA097S26	SES226	0.71153	-9.52264	-10.2342
BLOCK09/SES097/SA097S28	SES099	0.275633	-8.37667	-8.6523
BLOCK09/SES097/SA097S28	SES120	-0.70879	-9.36109	-8.6523
BLOCK09/SES097/SA097S28	SES206	-0.668805	-9.32111	-8.6523
BLOCK09/SES097/SA097S28	SES226	-0.257063	-8.90937	-8.6523
BLOCK09/SES098/SA098S11	SES127	-0.649509	-8.35885	-7.70934
BLOCK09/SES098/SA098S11	SES144	-0.489983	-8.19933	-7.70934
BLOCK09/SES098/SA098S11	SES147	-0.592761	-8.3021	-7.70934
BLOCK09/SES098/SA098S11	SES148	-1.72512	-9.43446	-7.70934
BLOCK09/SES098/SA098S12	SES127	-1.27872	-10.4983	-9.21962
BLOCK09/SES098/SA098S12	SES144	-1.44959	-10.6692	-9.21962
BLOCK09/SES098/SA098S12	SES147	-1.20332	-10.4229	-9.21962
BLOCK09/SES098/SA098S12	SES189	-1.30944	-10.5291	-9.21962
BLOCK09/SES098/SA098S20	SES127	-2.05949	-10.6978	-8.63827
BLOCK09/SES098/SA098S20	SES147	-1.57121	-10.2095	-8.63827
BLOCK09/SES098/SA098S20	SES148	-3.13013	-11.7684	-8.63827
BLOCK09/SES098/SA098S20	SES292	-0.905974	-9.54425	-8.63827
BLOCK09/SES098/SA098S23	SES127	-1.30661	-9.77111	-8.4645
BLOCK09/SES098/SA098S23	SES147	-1.147	-9.6115	-8.4645
BLOCK09/SES098/SA098S23	SES187	-0.687255	-9.15176	-8.4645
BLOCK09/SES098/SA098S23	SES292	-1.14988	-9.61438	-8.4645
BLOCK09/SES098/SA098S27	SES127	-1.48811	-9.97013	-8.48202
BLOCK09/SES098/SA098S27	SES147	-2.1925	-10.6745	-8.48202
BLOCK09/SES098/SA098S27	SES148	-2.7114	-11.1934	-8.48202
BLOCK09/SES098/SA098S27	SES292	-0.679472	-9.16149	-8.48202
BLOCK10/SES102/SA102S13	SES101	0.12011	-9.5201	-9.64021
BLOCK10/SES102/SA102S13	SES105	-1.39598	-11.0362	-9.64021
BLOCK10/SES102/SA102S13	SES120	-2.04535	-11.6856	-9.64021
BLOCK10/SES102/SA102S13	SES158	-1.06551	-10.7057	-9.64021
BLOCK10/SES102/SA102S14	SES007	0.133619	-6.45308	-6.5867
BLOCK10/SES102/SA102S14	SES101	-0.419905	-7.00661	-6.5867
BLOCK10/SES102/SA102S14	SES105	-0.919075	-7.50578	-6.5867
BLOCK10/SES102/SA102S14	SES147	-1.63075	-8.21745	-6.5867
BLOCK10/SES102/SA102S22	SES007	-1.41549	-9.01503	-7.59953
BLOCK10/SES102/SA102S22	SES101	-0.249253	-7.84879	-7.59953
BLOCK10/SES102/SA102S22	SES105	-0.880732	-8.48026	-7.59953
BLOCK10/SES102/SA102S22	SES158	-1.73787	-9.3374	-7.59953
BLOCK10/SES102/SA102S25	SES007	-0.247544	-7.71163	-7.46408
BLOCK10/SES102/SA102S25	SES101	-0.0727797	-7.53686	-7.46408
BLOCK10/SES102/SA102S25	SES105	-0.905995	-8.37008	-7.46408
BLOCK10/SES102/SA102S25	SES147	-1.95373	-9.41781	-7.46408
BLOCK10/SES102/SA102S27	SES007	-0.30591	-8.23588	-7.92997
BLOCK10/SES102/SA102S27	SES101	0.247699	-7.68227	-7.92997
BLOCK10/SES102/SA102S27	SES105	-1.76164	-9.69161	-7.92997
BLOCK10/SES102/SA102S27	SES147	-1.84961	-9.77958	-7.92997
BLOCK10/SES103/SA103S14	SES105	-1.16207	-10.4249	-9.26286
BLOCK10/SES103/SA103S14	SES106	-1.09744	-10.3603	-9.26286
BLOCK10/SES103/SA103S14	SES120	-1.95093	-11.2138	-9.26286
BLOCK10/SES103/SA103S14	SES206	-1.16978	-10.4326	-9.26286
BLOCK10/SES103/SA103S15	SES099	-1.41588	-11.9108	-10.4949
BLOCK10/SES103/SA103S15	SES101	-1.78945	-12.2843	-10.4949
BLOCK10/SES103/SA103S15	SES104	-0.649195	-11.1441	-10.4949
BLOCK10/SES103/SA103S15	SES125	-1.09001	-11.5849	-10.4949
BLOCK10/SES103/SA103S24	SES104	-0.933434	-10.2609	-9.32745
BLOCK10/SES103/SA103S24	SES125	-2.6087	-11.9362	-9.32745
BLOCK10/SES103/SA103S24	SES148	-1.42611	-10.7536	-9.32745
BLOCK10/SES103/SA103S24	SES158	-0.964326	-10.2918	-9.32745
BLOCK10/SES103/SA103S26	SES104	-0.845243	-9.79986	-8.95462
BLOCK10/SES103/SA103S26	SES106	-0.864728	-9.81935	-8.95462
BLOCK10/SES103/SA103S26	SES125	-0.955146	-9.90977	-8.95462
BLOCK10/SES103/SA103S26	SES148	-1.6898	-10.6444	-8.95462
BLOCK10/SES103/SA103S28	SES104	-0.155805	-9.60271	-9.44691
BLOCK10/SES103/SA103S28	SES106	-0.798128	-10.245	-9.44691
BLOCK10/SES103/SA103S28	SES125	-1.9926	-11.4395	-9.44691
BLOCK10/SES103/SA103S28	SES206	-1.36733	-10.8142	-9.44691
BLOCK12/SES121/SA121S12	SES042	-0.700421	-9.92342	-9.223
BLOCK12/SES121/SA121S12	SES087	-0.894442	-10.1174	-9.223
BLOCK12/SES121/SA121S12	SES105	-0.306508	-9.5295	-9.223
BLOCK12/SES121/SA121S12	SES206	-0.0693083	-9.2923	-9.223
BLOCK12/SES121/SA121S14	SES007	-1.20308	-12.7697	-11.5666
BLOCK12/SES121/SA121S14	SES105	-2.27859	-13.8452	-11.5666
BLOCK12/SES121/SA121S14	SES106	-0.614105	-12.1807	-11.5666
BLOCK12/SES121/SA121S14	SES206	-1.578	-13.1446	-11.5666
BLOCK12/SES121/SA121S23	SES105	-1.7446	-12.8984	-11.1538
BLOCK12/SES121/SA121S23	SES106	-0.734428	-11.8883	-11.1538
BLOCK12/SES121/SA121S23	SES120	-1.64825	-12.8021	-11.1538
BLOCK12/SES121/SA121S23	SES206	-0.641059	-11.7949	-11.1538
BLOCK12/SES121/SA121S25	SES007	-0.530902	-12.0979	-11.567
BLOCK12/SES121/SA121S25	SES105	-2.36915	-13.9361	-11.567
BLOCK12/SES121/SA121S25	SES106	0.144055	-11.4229	-11.567
BLOCK12/SES121/SA121S25	SES206	-1.79143	-13.3584	-11.567
BLOCK12/SES121/SA121S27	SES087	1.32784	-9.93065	-11.2585
BLOCK12/SES121/SA121S27	SES105	-2.7057	-13.9642	-11.2585
BLOCK12/SES121/SA121S27	SES120	0.273807	-10.9847	-11.2585
BLOCK12/SES121/SA121S27	SES206	-0.718358	-11.9768	-11.2585
BLOCK12/SES124/SA124S16	SES042	0.0905366	-7.26952	-7.36005
BLOCK12/SES124/SA124S16	SES082	-0.640366	-8.00042	-7.36005
BLOCK12/SES124/SA124S16	SES183	-0.77962	-8.13967	-7.36005
BLOCK12/SES124/SA124S16	SES206	-0.630832	-7.99088	-7.36005
BLOCK12/SES124/SA124S17	SES105	-0.976197	-9.56682	-8.59062
BLOCK12/SES124/SA124S17	SES149	-0.583121	-9.17374	-8.59062
BLOCK12/SES124/SA124S17	SES158	-0.943508	-9.53413	-8.59062
BLOCK12/SES124/SA124S17	SES275	-0.90096	-9.49158	-8.59062
BLOCK12/SES124/SA124S23	SES105	-2.03021	-8.92073	-6.89051
BLOCK12/SES124/SA124S23	SES125	0.727787	-6.16273	-6.89051
BLOCK12/SES124/SA124S23	SES129	-1.62612	-8.51664	-6.89051
BLOCK12/SES124/SA124S23	SES158	-0.833119	-7.72363	-6.89051
BLOCK12/SES124/SA124S26	SES105	-1.31499	-9.59731	-8.28233
BLOCK12/SES124/SA124S26	SES125	-0.0610008	-8.34333	-8.28233
BLOCK12/SES124/SA124S26	SES129	-1.44921	-9.73153	-8.28233
BLOCK12/SES124/SA124S26	SES158	-0.257649	-8.53998	-8.28233
BLOCK12/SES124/SA124S28	SES104	0.0845966	-7.28554	-7.37013
BLOCK12/SES124/SA124S28	SES106	-0.975533	-8.34567	-7.37013
BLOCK12/SES124/SA124S28	SES125	0.104854	-7.26528	-7.37013
BLOCK12/SES124/SA124S28	SES275	-0.894829	-8.26496	-7.37013
BLOCK12/SES126/SA126S13	SES007	-0.450849	-8.82202	-8.37117
BLOCK12/SES126/SA126S13	SES162	-1.0535	-9.42467	-8.37117
BLOCK12/SES126/SA126S13	SES177	-0.395986	-8.76716	-8.37117
BLOCK12/SES126/SA126S13	SES180	-1.07175	-9.44292	-8.37117
BLOCK12/SES126/SA126S14	SES144	-0.341767	-8.11853	-7.77677
BLOCK12/SES126/SA126S14	SES148	-1.14054	-8.9173	-7.77677
BLOCK12/SES126/SA126S14	SES177	-0.756929	-8.53369	-7.77677
BLOCK12/SES126/SA126S14	SES180	-1.03959	-8.81635	-7.77677
BLOCK12/SES126/SA126S20	SES007	-0.898875	-8.00473	-7.10586
BLOCK12/SES126/SA126S20	SES162	-1.45339	-8.55924	-7.10586
BLOCK12/SES126/SA126S20	SES172	-1.28079	-8.38665	-7.10586
BLOCK12/SES126/SA126S20	SES180	-0.67105	-7.77691	-7.10586
BLOCK12/SES126/SA126S24	SES120	-0.0744548	-7.78364	-7.70919
BLOCK12/SES126/SA126S24	SES162	-0.947413	-8.6566	-7.70919
BLOCK12/SES126/SA126S24	SES177	-0.0465569	-7.75575	-7.70919
BLOCK12/SES126/SA126S24	SES180	-0.228508	-7.9377	-7.70919
BLOCK12/SES126/SA126S26	SES120	0.504708	-7.90144	-8.40615
BLOCK12/SES126/SA126S26	SES177	-0.478977	-8.88512	-8.40615
BLOCK12/SES126/SA126S26	SES180	-0.265527	-8.67167	-8.40615
BLOCK12/SES126/SA126S26	SES202	-0.781405	-9.18755	-8.40615
BLOCK12/SES128/SA128S10	SES087	-1.48857	-10.1494	-8.66086
BLOCK12/SES128/SA128S10	SES206	-0.382142	-9.043	-8.66086
BLOCK12/SES128/SA128S10	SES226	0.268237	-8.39262	-8.66086
BLOCK12/SES128/SA128S10	SES270	-0.0791388	-8.74	-8.66086
BLOCK12/SES128/SA128S12	SES120	0.169877	-8.40106	-8.57094
BLOCK12/SES128/SA128S12	SES158	0.00821972	-8.56272	-8.57094
BLOCK12/SES128/SA128S12	SES206	-0.072216	-8.64316	-8.57094
BLOCK12/SES128/SA128S12	SES226	-1.29243	-9.86337	-8.57094
BLOCK12/SES128/SA128S21	SES106	-1.19449	-9.55228	-8.35779
BLOCK12/SES128/SA128S21	SES120	-0.345039	-8.70283	-8.35779
BLOCK12/SES128/SA128S21	SES206	-0.620633	-8.97842	-8.35779
BLOCK12/SES128/SA128S21	SES226	0.63833	-7.71946	-8.35779
BLOCK12/SES128/SA128S24	SES087	-0.546254	-9.84718	-9.30092
BLOCK12/SES128/SA128S24	SES120	-0.116681	-9.4176	-9.30092
BLOCK12/SES128/SA128S24	SES206	0.0397358	-9.26119	-9.30092
BLOCK12/SES128/SA128S24	SES226	-0.847487	-10.1484	-9.30092
BLOCK12/SES128/SA128S27	SES099	0.216888	-7.88318	-8.10007
BLOCK12/SES128/SA128S27	SES120	0.23663	-7.86344	-8.10007
BLOCK12/SES128/SA128S27	SES206	0.00621128	-8.09386	-8.10007
BLOCK12/SES128/SA128S27	SES226	-0.275325	-8.3754	-8.10007
BLOCK13/SES130/SA130S13	SES143	-0.279102	-9.55227	-9.27317
BLOCK13/SES130/SA130S13	SES144	0.566971	-8.7062	-9.27317
BLOCK13/SES130/SA130S13	SES146	-2.00789	-11.2811	-9.27317
BLOCK13/SES130/SA130S13	SES275	-1.8558	-11.129	-9.27317
BLOCK13/SES130/SA130S15	SES143	-0.373438	-8.19105	-7.81761
BLOCK13/SES130/SA130S15	SES144	0.410075	-7.40753	-7.81761
BLOCK13/SES130/SA130S15	SES146	-0.475561	-8.29317	-7.81761
BLOCK13/SES130/SA130S15	SES275	-0.733616	-8.55122	-7.81761
BLOCK13/SES130/SA130S23	SES127	-0.485673	-8.9941	-8.50843
BLOCK13/SES130/SA130S23	SES144	-0.0682487	-8.57668	-8.50843
BLOCK13/SES130/SA130S23	SES146	-0.727759	-9.23619	-8.50843
BLOCK13/SES130/SA130S23	SES162	-0.69685	-9.20528	-8.50843
BLOCK13/SES130/SA130S25	SES127	-0.664744	-7.82981	-7.16507
BLOCK13/SES130/SA130S25	SES144	-0.0965128	-7.26158	-7.16507
BLOCK13/SES130/SA130S25	SES146	-0.597765	-7.76283	-7.16507
BLOCK13/SES130/SA130S25	SES275	-0.747861	-7.91293	-7.16507
BLOCK13/SES130/SA130S28	SES127	-0.00167751	-8.63192	-8.63025
BLOCK13/SES130/SA130S28	SES144	-0.139934	-8.77018	-8.63025
BLOCK13/SES130/SA130S28	SES146	-0.11462	-8.74487	-8.63025
BLOCK13/SES130/SA130S28	SES275	-0.304208	-8.93445	-8.63025
BLOCK13/SES131/SA131S13	SES002	-0.456221	-9.75637	-9.30015
BLOCK13/SES131/SA131S13	SES007	-0.707603	-10.0077	-9.30015
BLOCK13/SES131/SA131S13	SES099	0.323853	-8.97629	-9.30015
BLOCK13/SES131/SA131S13	SES105	-0.762692	-10.0628	-9.30015
BLOCK13/SES131/SA131S14	SES104	-0.217894	-6.94749	-6.72959
BLOCK13/SES131/SA131S14	SES106	-1.62415	-8.35374	-6.72959
BLOCK13/SES131/SA131S14	SES125	-0.978056	-7.70765	-6.72959
BLOCK13/SES131/SA131S14	SES148	0.139471	-6.59012	-6.72959
BLOCK13/SES131/SA131S20	SES104	-0.635245	-10.2979	-9.66262
BLOCK13/SES131/SA131S20	SES106	-0.619676	-10.2823	-9.66262
BLOCK13/SES131/SA131S20	SES125	-0.586316	-10.2489	-9.66262
BLOCK13/SES131/SA131S20	SES148	-0.867663	-10.5303	-9.66262
BLOCK13/SES131/SA131S22	SES099	-0.17043	-7.77156	-7.60113
BLOCK13/SES131/SA131S22	SES104	-0.354329	-7.95546	-7.60113
BLOCK13/SES131/SA131S22	SES125	-0.141624	-7.74275	-7.60113
BLOCK13/SES131/SA131S22	SES206	-0.517871	-8.119	-7.60113
BLOCK13/SES131/SA131S29	SES087	-0.902477	-10.5578	-9.65536
BLOCK13/SES131/SA131S29	SES104	-0.855433	-10.5108	-9.65536
BLOCK13/SES131/SA131S29	SES125	-2.65121	-12.3066	-9.65536
BLOCK13/SES131/SA131S29	SES206	-1.43022	-11.0856	-9.65536
BLOCK13/SES132/SA132S11	SES083	-1.3469	-9.49085	-8.14395
BLOCK13/SES132/SA132S11	SES120	0.114717	-8.02923	-8.14395
BLOCK13/SES132/SA132S11	SES127	-1.52954	-9.67349	-8.14395
BLOCK13/SES132/SA132S11	SES275	-1.15046	-9.29441	-8.14395
BLOCK13/SES132/SA132S12	SES083	-1.34667	-9.16714	-7.82048
BLOCK13/SES132/SA132S12	SES143	-1.77034	-9.59082	-7.82048
BLOCK13/SES132/SA132S12	SES144	-0.585202	-8.40568	-7.82048
BLOCK13/SES132/SA132S12	SES148	-0.980051	-8.80053	-7.82048
BLOCK13/SES132/SA132S22	SES062	-0.251639	-8.56705	-8.31541
BLOCK13/SES132/SA132S22	SES083	-1.44538	-9.76079	-8.31541
BLOCK13/SES132/SA132S22	SES127	-1.44133	-9.75674	-8.31541
BLOCK13/SES132/SA132S22	SES275	-0.750486	-9.0659	-8.31541
BLOCK13/SES132/SA132S24	SES007	-0.204746	-7.78846	-7.58371
BLOCK13/SES132/SA132S24	SES083	-1.27917	-8.86289	-7.58371
BLOCK13/SES132/SA132S24	SES127	-1.85662	-9.44033	-7.58371
BLOCK13/SES132/SA132S24	SES275	-0.918707	-8.50242	-7.58371
BLOCK13/SES132/SA132S27	SES083	-1.77752	-10.9482	-9.17064
BLOCK13/SES132/SA132S27	SES120	1.01984	-8.1508	-9.17064
BLOCK13/SES132/SA132S27	SES127	-3.31254	-12.4832	-9.17064
BLOCK13/SES132/SA132S27	SES275	-1.51812	-10.6888	-9.17064
BLOCK14/SES141/SA141S09	SES143	-0.943972	-8.13057	-7.1866
BLOCK14/SES141/SA141S09	SES144	-0.354788	-7.54138	-7.1866
BLOCK14/SES141/SA141S09	SES162	-1.18443	-8.37103	-7.1866
BLOCK14/SES141/SA141S09	SES180	-0.819237	-8.00583	-7.1866
BLOCK14/SES141/SA141S15	SES127	-1.17769	-9.46812	-8.29043
BLOCK14/SES141/SA141S15	SES144	-0.669326	-8.95975	-8.29043
BLOCK14/SES141/SA141S15	SES162	-1.32343	-9.61385	-8.29043
BLOCK14/SES141/SA141S15	SES180	-0.845798	-9.13623	-8.29043
BLOCK14/SES141/SA141S24	SES127	-1.47817	-9.47994	-8.00177
BLOCK14/SES141/SA141S24	SES144	-0.982348	-8.98412	-8.00177
BLOCK14/SES141/SA141S24	SES162	-1.43132	-9.4331	-8.00177
BLOCK14/SES141/SA141S24	SES183	-1.14049	-9.14226	-8.00177
BLOCK14/SES141/SA141S26	SES142	0.167998	-8.54906	-8.71706
BLOCK14/SES141/SA141S26	SES144	-1.05401	-9.77107	-8.71706
BLOCK14/SES141/SA141S26	SES172	-0.801893	-9.51895	-8.71706
BLOCK14/SES141/SA141S26	SES180	-0.397174	-9.11423	-8.71706
BLOCK14/SES141/SA141S29	SES127	-0.436275	-8.08405	-7.64777
BLOCK14/SES141/SA141S29	SES142	0.310431	-7.33734	-7.64777
BLOCK14/SES141/SA141S29	SES144	-0.312299	-7.96007	-7.64777
BLOCK14/SES141/SA141S29	SES180	0.0771017	-7.57067	-7.64777
BLOCK15/SES157/SA157S08	SES083	-0.617354	-8.17555	-7.55819
BLOCK15/SES157/SA157S08	SES127	-0.804824	-8.36302	-7.55819
BLOCK15/SES157/SA157S08	SES148	-0.20215	-7.76034	-7.55819
BLOCK15/SES157/SA157S08	SES292	-0.734745	-8.29294	-7.55819
BLOCK15/SES157/SA157S11	SES083	-1.07341	-9.36555	-8.29214
BLOCK15/SES157/SA157S11	SES127	-0.758646	-9.05079	-8.29214
BLOCK15/SES157/SA157S11	SES148	-1.18999	-9.48214	-8.29214
BLOCK15/SES157/SA157S11	SES292	-1.3022	-9.59435	-8.29214
BLOCK15/SES157/SA157S21	SES127	-0.0345392	-7.27938	-7.24484
BLOCK15/SES157/SA157S21	SES148	0.127896	-7.11695	-7.24484
BLOCK15/SES157/SA157S21	SES158	-3.31844	-10.5633	-7.24484
BLOCK15/SES157/SA157S21	SES292	-0.957433	-8.20228	-7.24484
BLOCK15/SES157/SA157S24	SES127	-0.309755	-8.89164	-8.58188
BLOCK15/SES157/SA157S24	SES148	-0.275081	-8.85696	-8.58188
BLOCK15/SES157/SA157S24	SES183	-0.554893	-9.13678	-8.58188
BLOCK15/SES157/SA157S24	SES292	-0.823483	-9.40537	-8.58188
BLOCK15/SES157/SA157S26	SES007	-0.64985	-8.51428	-7.86443
BLOCK15/SES157/SA157S26	SES127	-0.0183344	-7.88276	-7.86443
BLOCK15/SES157/SA157S26	SES147	-0.616265	-8.48069	-7.86443
BLOCK15/SES157/SA157S26	SES148	-0.702813	-8.56724	-7.86443
BLOCK16/SES161/SA161S10	SES007	-0.560494	-8.71519	-8.15469
BLOCK16/SES161/SA161S10	SES105	-0.766342	-8.92104	-8.15469
BLOCK16/SES161/SA161S10	SES158	-1.08656	-9.24125	-8.15469
BLOCK16/SES161/SA161S10	SES275	-0.507414	-8.66211	-8.15469
BLOCK16/SES161/SA161S12	SES007	-1.70538	-11.605	-9.89964
BLOCK16/SES161/SA161S12	SES105	-1.43902	-11.3387	-9.89964
BLOCK16/SES161/SA161S12	SES158	-0.976118	-10.8758	-9.89964
BLOCK16/SES161/SA161S12	SES275	-3.33704	-13.2367	-9.89964
BLOCK16/SES161/SA161S20	SES007	-0.343369	-10.1279	-9.78457
BLOCK16/SES161/SA161S20	SES105	-1.88602	-11.6706	-9.78457
BLOCK16/SES161/SA161S20	SES158	-0.0701818	-9.85476	-9.78457
BLOCK16/SES161/SA161S20	SES275	-2.18533	-11.9699	-9.78457
BLOCK16/SES161/SA161S23	SES007	-2.45103	-12.5316	-10.0806
BLOCK16/SES161/SA161S23	SES105	-0.702223	-10.7828	-10.0806
BLOCK16/SES161/SA161S23	SES148	-1.27717	-11.3578	-10.0806
BLOCK16/SES161/SA161S23	SES158	-2.75478	-12.8354	-10.0806
BLOCK16/SES161/SA161S28	SES007	-0.873515	-9.87946	-9.00595
BLOCK16/SES161/SA161S28	SES105	-1.93463	-10.9406	-9.00595
BLOCK16/SES161/SA161S28	SES158	-0.221943	-9.22789	-9.00595
BLOCK16/SES161/SA161S28	SES206	-0.845315	-9.85126	-9.00595
BLOCK16/SES164/SA164S11	SES104	-0.66678	-9.62965	-8.96287
BLOCK16/SES164/SA164S11	SES125	0.501595	-8.46127	-8.96287
BLOCK16/SES164/SA164S11	SES158	-0.442936	-9.4058	-8.96287
BLOCK16/SES164/SA164S11	SES206	-1.89839	-10.8613	-8.96287
BLOCK16/SES164/SA164S13	SES099	-2.08303	-11.2942	-9.21112
BLOCK16/SES164/SA164S13	SES104	-0.190721	-9.40184	-9.21112
BLOCK16/SES164/SA164S13	SES125	-0.313498	-9.52462	-9.21112
BLOCK16/SES164/SA164S13	SES206	-1.67662	-10.8877	-9.21112
BLOCK16/SES164/SA164S24	SES002	0.800109	-7.88271	-8.68282
BLOCK16/SES164/SA164S24	SES099	-0.725157	-9.40798	-8.68282
BLOCK16/SES164/SA164S24	SES125	-0.195621	-8.87844	-8.68282
BLOCK16/SES164/SA164S24	SES226	1.14971	-7.53312	-8.68282
BLOCK16/SES164/SA164S27	SES087	-1.19454	-10.6094	-9.41486
BLOCK16/SES164/SA164S27	SES125	-0.103041	-9.5179	-9.41486
BLOCK16/SES164/SA164S27	SES206	-2.27275	-11.6876	-9.41486
BLOCK16/SES164/SA164S27	SES226	0.555659	-8.8592	-9.41486
BLOCK16/SES164/SA164S29	SES002	0.689974	-8.49262	-9.18259
BLOCK16/SES164/SA164S29	SES019	-0.853817	-10.0364	-9.18259
BLOCK16/SES164/SA164S29	SES125	0.188823	-8.99377	-9.18259
BLOCK16/SES164/SA164S29	SES226	0.42774	-8.75485	-9.18259
BLOCK16/SES169/SA169S13	SES117	-1.01683	-9.38522	-8.36839
BLOCK16/SES169/SA169S13	SES144	-0.14759	-8.51598	-8.36839
BLOCK16/SES169/SA169S13	SES146	-0.407509	-8.7759	-8.36839
BLOCK16/SES169/SA169S13	SES162	-0.848494	-9.21688	-8.36839
BLOCK16/SES169/SA169S14	SES144	-0.803312	-7.5801	-6.77679
BLOCK16/SES169/SA169S14	SES148	-0.359181	-7.13597	-6.77679
BLOCK16/SES169/SA169S14	SES177	-0.183325	-6.96011	-6.77679
BLOCK16/SES169/SA169S14	SES180	-0.722211	-7.499	-6.77679
BLOCK16/SES169/SA169S24	SES117	-0.742683	-9.6155	-8.87281
BLOCK16/SES169/SA169S24	SES144	-0.410311	-9.28312	-8.87281
BLOCK16/SES169/SA169S24	SES146	-0.761348	-9.63416	-8.87281
BLOCK16/SES169/SA169S24	SES162	-0.69082	-9.56363	-8.87281
BLOCK16/SES169/SA169S27	SES127	-0.524925	-8.57535	-8.05043
BLOCK16/SES169/SA169S27	SES129	-0.674102	-8.72453	-8.05043
BLOCK16/SES169/SA169S27	SES144	-0.457332	-8.50776	-8.05043
BLOCK16/SES169/SA169S27	SES146	-0.367477	-8.4179	-8.05043
BLOCK16/SES169/SA169S29	SES144	0.0339375	-7.09731	-7.13125
BLOCK16/SES169/SA169S29	SES162	-0.224825	-7.35608	-7.13125
BLOCK16/SES169/SA169S29	SES177	-0.444086	-7.57534	-7.13125
BLOCK16/SES169/SA169S29	SES180	-0.594803	-7.72605	-7.13125
BLOCK17/SES171/SA171S12	SES083	-0.564806	-9.84962	-9.28481
BLOCK17/SES171/SA171S12	SES148	-1.65703	-10.9418	-9.28481
BLOCK17/SES171/SA171S12	SES172	-0.576737	-9.86155	-9.28481
BLOCK17/SES171/SA171S12	SES292	-2.11882	-11.4036	-9.28481
BLOCK17/SES171/SA171S15	SES148	-0.846924	-9.43618	-8.58926
BLOCK17/SES171/SA171S15	SES177	-0.69328	-9.28254	-8.58926
BLOCK17/SES171/SA171S15	SES180	-1.91477	-10.504	-8.58926
BLOCK17/SES171/SA171S15	SES292	-1.0744	-9.66366	-8.58926
BLOCK17/SES171/SA171S22	SES007	-0.560672	-7.36349	-6.80282
BLOCK17/SES171/SA171S22	SES148	-0.343686	-7.1465	-6.80282
BLOCK17/SES171/SA171S22	SES177	-0.10121	-6.90403	-6.80282
BLOCK17/SES171/SA171S22	SES180	-1.40975	-8.21257	-6.80282
BLOCK17/SES171/SA171S25	SES101	-1.04815	-9.76287	-8.71472
BLOCK17/SES171/SA171S25	SES120	-2.44514	-11.1599	-8.71472
BLOCK17/SES171/SA171S25	SES177	-1.13299	-9.84771	-8.71472
BLOCK17/SES171/SA171S25	SES180	-1.25723	-9.97195	-8.71472
BLOCK17/SES171/SA171S27	SES177	-0.256497	-9.24916	-8.99266
BLOCK17/SES171/SA171S27	SES180	-2.29419	-11.2869	-8.99266
BLOCK17/SES171/SA171S27	SES189	-0.247441	-9.2401	-8.99266
BLOCK17/SES171/SA171S27	SES292	-1.91746	-10.9101	-8.99266
BLOCK17/SES173/SA173S13	SES162	-1.89228	-9.87719	-7.98491
BLOCK17/SES173/SA173S13	SES177	-0.702562	-8.68747	-7.98491
BLOCK17/SES173/SA173S13	SES180	-1.44758	-9.43249	-7.98491
BLOCK17/SES173/SA173S13	SES292	0.152156	-7.83275	-7.98491
BLOCK17/SES173/SA173S14	SES007	-0.892689	-8.57103	-7.67834
BLOCK17/SES173/SA173S14	SES162	-2.60157	-10.2799	-7.67834
BLOCK17/SES173/SA173S14	SES177	-1.49055	-9.16889	-7.67834
BLOCK17/SES173/SA173S14	SES180	-1.54255	-9.22089	-7.67834
BLOCK17/SES173/SA173S24	SES144	-1.77203	-10.1268	-8.35475
BLOCK17/SES173/SA173S24	SES162	-2.03493	-10.3897	-8.35475
BLOCK17/SES173/SA173S24	SES177	-0.584255	-8.939	-8.35475
BLOCK17/SES173/SA173S24	SES180	-1.73409	-10.0888	-8.35475
BLOCK17/SES173/SA173S27	SES162	-3.19206	-11.4685	-8.27649
BLOCK17/SES173/SA173S27	SES177	-1.59151	-9.86799	-8.27649
BLOCK17/SES173/SA173S27	SES180	-1.30884	-9.58532	-8.27649
BLOCK17/SES173/SA173S27	SES292	0.175609	-8.10088	-8.27649
BLOCK17/SES173/SA173S29	SES162	-1.12055	-9.71038	-8.58983
BLOCK17/SES173/SA173S29	SES175	-0.498173	-9.088	-8.58983
BLOCK17/SES173/SA173S29	SES177	-0.115083	-8.70491	-8.58983
BLOCK17/SES173/SA173S29	SES292	-0.282454	-8.87228	-8.58983
BLOCK18/SES182/SA182S10	SES144	-0.997389	-8.21837	-7.22098
BLOCK18/SES182/SA182S10	SES177	-0.87334	-8.09432	-7.22098
BLOCK18/SES182/SA182S10	SES180	-1.64436	-8.86534	-7.22098
BLOCK18/SES182/SA182S10	SES275	-0.844505	-8.06549	-7.22098
BLOCK18/SES182/SA182S12	SES144	-0.784809	-7.98689	-7.20208
BLOCK18/SES182/SA182S12	SES177	-0.90061	-8.10269	-7.20208
BLOCK18/SES182/SA182S12	SES180	-1.91025	-9.11233	-7.20208
BLOCK18/SES182/SA182S12	SES275	-0.549189	-7.75127	-7.20208
BLOCK18/SES182/SA182S21	SES117	-1.39556	-10.5532	-9.1576
BLOCK18/SES182/SA182S21	SES144	-0.604301	-9.7619	-9.1576
BLOCK18/SES182/SA182S21	SES162	-0.980706	-10.1383	-9.1576
BLOCK18/SES182/SA182S21	SES180	-2.00323	-11.1608	-9.1576
BLOCK18/SES182/SA182S23	SES117	-1.27447	-10.8661	-9.59166
BLOCK18/SES182/SA182S23	SES144	-1.3043	-10.896	-9.59166
BLOCK18/SES182/SA182S23	SES180	-2.29835	-11.89	-9.59166
BLOCK18/SES182/SA182S23	SES275	-1.01219	-10.6038	-9.59166
BLOCK18/SES182/SA182S25	SES007	0.12994	-8.29774	-8.42768
BLOCK18/SES182/SA182S25	SES162	-1.0793	-9.50698	-8.42768
BLOCK18/SES182/SA182S25	SES177	-0.369116	-8.7968	-8.42768
BLOCK18/SES182/SA182S25	SES180	-1.81385	-10.2415	-8.42768
BLOCK18/SES184/SA184S12	SES177	-1.12493	-8.79038	-7.66545
BLOCK18/SES184/SA184S12	SES180	-0.179516	-7.84497	-7.66545
BLOCK18/SES184/SA184S12	SES189	-1.60262	-9.26807	-7.66545
BLOCK18/SES184/SA184S12	SES292	-0.231675	-7.89713	-7.66545
BLOCK18/SES184/SA184S13	SES101	-0.384772	-8.55248	-8.16771
BLOCK18/SES184/SA184S13	SES177	-0.617032	-8.78474	-8.16771
BLOCK18/SES184/SA184S13	SES180	-0.330406	-8.49811	-8.16771
BLOCK18/SES184/SA184S13	SES292	-0.535546	-8.70325	-8.16771
BLOCK18/SES184/SA184S22	SES177	-1.16106	-9.48131	-8.32025
BLOCK18/SES184/SA184S22	SES180	-0.192399	-8.51265	-8.32025
BLOCK18/SES184/SA184S22	SES189	-0.90932	-9.22957	-8.32025
BLOCK18/SES184/SA184S22	SES292	-0.867291	-9.18754	-8.32025
BLOCK18/SES184/SA184S25	SES101	-0.402596	-8.34333	-7.94074
BLOCK18/SES184/SA184S25	SES177	-1.09342	-9.03416	-7.94074
BLOCK18/SES184/SA184S25	SES180	0.0153928	-7.92534	-7.94074
BLOCK18/SES184/SA184S25	SES292	-0.482083	-8.42282	-7.94074
BLOCK18/SES184/SA184S27	SES083	-0.786727	-8.81665	-8.02993
BLOCK18/SES184/SA184S27	SES177	-0.4216	-8.45153	-8.02993
BLOCK18/SES184/SA184S27	SES202	-0.287445	-8.31737	-8.02993
BLOCK18/SES184/SA184S27	SES292	-0.638841	-8.66877	-8.02993
BLOCK20/SES204/SA204S12	SES062	-0.448105	-8.10408	-7.65598
BLOCK20/SES204/SA204S12	SES083	-1.59089	-9.24687	-7.65598
BLOCK20/SES204/SA204S12	SES206	-0.176633	-7.83261	-7.65598
BLOCK20/SES204/SA204S12	SES226	-0.912414	-8.56839	-7.65598
BLOCK20/SES204/SA204S14	SES068	0.0243692	-7.02567	-7.05004
BLOCK20/SES204/SA204S14	SES087	0.28803	-6.76201	-7.05004
BLOCK20/SES204/SA204S14	SES206	-0.390038	-7.44008	-7.05004
BLOCK20/SES204/SA204S14	SES226	-0.869519	-7.91956	-7.05004
BLOCK20/SES204/SA204S22	SES068	-0.389445	-7.99006	-7.60061
BLOCK20/SES204/SA204S22	SES082	-0.52375	-8.12436	-7.60061
BLOCK20/SES204/SA204S22	SES083	-1.95448	-9.55509	-7.60061
BLOCK20/SES204/SA204S22	SES206	-0.28742	-7.88803	-7.60061
BLOCK20/SES204/SA204S25	SES062	-0.531357	-7.93164	-7.40028
BLOCK20/SES204/SA204S25	SES083	-1.48289	-8.88317	-7.40028
BLOCK20/SES204/SA204S25	SES206	-0.216627	-7.61691	-7.40028
BLOCK20/SES204/SA204S25	SES226	-0.85181	-8.25209	-7.40028
BLOCK20/SES204/SA204S27	SES068	0.0939655	-8.36623	-8.4602
BLOCK20/SES204/SA204S27	SES082	-0.706227	-9.16643	-8.4602
BLOCK20/SES204/SA204S27	SES087	0.541941	-7.91826	-8.4602
BLOCK20/SES204/SA204S27	SES206	-1.23846	-9.69866	-8.4602
BLOCK20/SES207/SA207S10	SES127	-1.5259	-9.40419	-7.87829
BLOCK20/SES207/SA207S10	SES183	-0.684175	-8.56246	-7.87829
BLOCK20/SES207/SA207S10	SES189	-0.422167	-8.30046	-7.87829
BLOCK20/SES207/SA207S10	SES292	-1.31637	-9.19466	-7.87829
BLOCK20/SES207/SA207S11	SES127	-1.18802	-9.95641	-8.7684
BLOCK20/SES207/SA207S11	SES183	-0.809896	-9.57829	-8.7684
BLOCK20/SES207/SA207S11	SES187	-0.697644	-9.46604	-8.7684
BLOCK20/SES207/SA207S11	SES292	-0.415073	-9.18347	-8.7684
BLOCK20/SES207/SA207S25	SES068	-0.912166	-9.83799	-8.92582
BLOCK20/SES207/SA207S25	SES083	-1.42104	-10.3469	-8.92582
BLOCK20/SES207/SA207S25	SES127	-0.0901203	-9.01594	-8.92582
BLOCK20/SES207/SA207S25	SES187	-0.448722	-9.37454	-8.92582
BLOCK20/SES207/SA207S27	SES127	-0.7643	-9.73005	-8.96575
BLOCK20/SES207/SA207S27	SES183	-1.04237	-10.0081	-8.96575
BLOCK20/SES207/SA207S27	SES187	-0.487648	-9.4534	-8.96575
BLOCK20/SES207/SA207S27	SES292	-0.963193	-9.92894	-8.96575
BLOCK20/SES207/SA207S29	SES083	-1.60924	-9.93713	-8.32789
BLOCK20/SES207/SA207S29	SES085	-0.925652	-9.25354	-8.32789
BLOCK20/SES207/SA207S29	SES172	-0.317059	-8.64495	-8.32789
BLOCK20/SES207/SA207S29	SES189	-2.00903	-10.3369	-8.32789
BLOCK22/SES221/SA221S12	SES068	0.257906	-7.0554	-7.31331
BLOCK22/SES221/SA221S12	SES143	-1.33241	-8.64572	-7.31331
BLOCK22/SES221/SA221S12	SES175	-0.395457	-7.70877	-7.31331
BLOCK22/SES221/SA221S12	SES202	-0.457396	-7.7707	-7.31331
BLOCK22/SES221/SA221S15	SES085	-0.107554	-7.73363	-7.62607
BLOCK22/SES221/SA221S15	SES143	-1.07933	-8.70541	-7.62607
BLOCK22/SES221/SA221S15	SES175	-0.677432	-8.30351	-7.62607
BLOCK22/SES221/SA221S15	SES187	-0.884779	-8.51085	-7.62607
BLOCK22/SES221/SA221S23	SES068	0.244026	-7.22584	-7.46986
BLOCK22/SES221/SA221S23	SES143	-0.988784	-8.45865	-7.46986
BLOCK22/SES221/SA221S23	SES175	-0.905382	-8.37524	-7.46986
BLOCK22/SES221/SA221S23	SES189	-1.44189	-8.91175	-7.46986
BLOCK22/SES221/SA221S27	SES085	0.46952	-7.57016	-8.03968
BLOCK22/SES221/SA221S27	SES143	-0.828575	-8.86825	-8.03968
BLOCK22/SES221/SA221S27	SES175	-0.721007	-8.76069	-8.03968
BLOCK22/SES221/SA221S27	SES189	-1.17914	-9.21882	-8.03968
BLOCK22/SES221/SA221S29	SES085	0.582811	-6.93437	-7.51718
BLOCK22/SES221/SA221S29	SES143	-0.726947	-8.24413	-7.51718
BLOCK22/SES221/SA221S29	SES175	-0.230351	-7.74753	-7.51718
BLOCK22/SES221/SA221S29	SES187	-1.37866	-8.89584	-7.51718
BLOCK22/SES223/SA223S11	SES143	-0.615106	-8.77773	-8.16263
BLOCK22/SES223/SA223S11	SES144	-1.46905	-9.63168	-8.16263
BLOCK22/SES223/SA223S11	SES175	-0.442733	-8.60536	-8.16263
BLOCK22/SES223/SA223S11	SES187	-0.912581	-9.07521	-8.16263
BLOCK22/SES223/SA223S13	SES068	-0.160326	-8.09894	-7.93861
BLOCK22/SES223/SA223S13	SES143	-1.16631	-9.10492	-7.93861
BLOCK22/SES223/SA223S13	SES146	-1.07151	-9.01011	-7.93861
BLOCK22/SES223/SA223S13	SES202	-0.4944	-8.43301	-7.93861
BLOCK22/SES223/SA223S22	SES143	-0.254416	-8.0622	-7.80778
BLOCK22/SES223/SA223S22	SES144	-1.64201	-9.44979	-7.80778
BLOCK22/SES223/SA223S22	SES175	-0.434915	-8.2427	-7.80778
BLOCK22/SES223/SA223S22	SES187	-1.15298	-8.96076	-7.80778
BLOCK22/SES223/SA223S25	SES068	-0.287313	-8.21583	-7.92851
BLOCK22/SES223/SA223S25	SES143	-0.896159	-8.82467	-7.92851
BLOCK22/SES223/SA223S25	SES175	-0.261637	-8.19015	-7.92851
BLOCK22/SES223/SA223S25	SES187	-1.17674	-9.10526	-7.92851
BLOCK22/SES223/SA223S27	SES143	-0.610059	-9.0849	-8.47484
BLOCK22/SES223/SA223S27	SES146	-1.20524	-9.68008	-8.47484
BLOCK22/SES223/SA223S27	SES187	-0.953487	-9.42833	-8.47484
BLOCK22/SES223/SA223S27	SES292	0.0434504	-8.43139	-8.47484
BLOCK27/SES273/SA273S12	SES099	0.143908	-7.85753	-8.00144
BLOCK27/SES273/SA273S12	SES104	0.40449	-7.59695	-8.00144
BLOCK27/SES273/SA273S12	SES125	-0.191296	-8.19274	-8.00144
BLOCK27/SES273/SA273S12	SES206	0.149127	-7.85231	-8.00144
BLOCK27/SES273/SA273S13	SES099	-0.731264	-8.49327	-7.762
BLOCK27/SES273/SA273S13	SES104	0.359911	-7.40209	-7.762
BLOCK27/SES273/SA273S13	SES206	-0.710943	-8.47295	-7.762
BLOCK27/SES273/SA273S13	SES292	-0.619101	-8.3811	-7.762
BLOCK27/SES273/SA273S21	SES099	-0.721534	-8.96811	-8.24658
BLOCK27/SES273/SA273S21	SES148	-1.29007	-9.53665	-8.24658
BLOCK27/SES273/SA273S21	SES149	-1.35221	-9.59879	-8.24658
BLOCK27/SES273/SA273S21	SES177	-1.19378	-9.44036	-8.24658
BLOCK27/SES273/SA273S25	SES104	0.276855	-8.53758	-8.81443
BLOCK27/SES273/SA273S25	SES125	-0.300506	-9.11494	-8.81443
BLOCK27/SES273/SA273S25	SES158	0.521029	-8.2934	-8.81443
BLOCK27/SES273/SA273S25	SES206	-0.61132	-9.42575	-8.81443
BLOCK27/SES273/SA273S27	SES099	-0.340496	-7.46297	-7.12248
BLOCK27/SES273/SA273S27	SES104	-0.0604048	-7.18288	-7.12248
BLOCK27/SES273/SA273S27	SES149	-0.569483	-7.69196	-7.12248
BLOCK27/SES273/SA273S27	SES275	-0.889465	-8.01194	-7.12248
BLOCK27/SES274/SA274S10	SES105	-1.33255	-8.16006	-6.82751
BLOCK27/SES274/SA274S10	SES125	-1.31422	-8.14172	-6.82751
BLOCK27/SES274/SA274S10	SES129	0.103152	-6.72435	-6.82751
BLOCK27/SES274/SA274S10	SES158	-3.00154	-9.82905	-6.82751
BLOCK27/SES274/SA274S11	SES105	-0.850117	-7.86412	-7.014
BLOCK27/SES274/SA274S11	SES149	-0.498984	-7.51299	-7.014
BLOCK27/SES274/SA274S11	SES158	-1.18787	-8.20187	-7.014
BLOCK27/SES274/SA274S11	SES275	-0.0821419	-7.09615	-7.014
BLOCK27/SES274/SA274S21	SES105	-0.767449	-8.08864	-7.32119
BLOCK27/SES274/SA274S21	SES129	0.347543	-6.97364	-7.32119
BLOCK27/SES274/SA274S21	SES149	-1.46873	-8.78992	-7.32119
BLOCK27/SES274/SA274S21	SES158	-2.4621	-9.78328	-7.32119
BLOCK27/SES274/SA274S24	SES105	-1.0696	-9.38076	-8.31116
BLOCK27/SES274/SA274S24	SES129	0.826101	-7.48506	-8.31116
BLOCK27/SES274/SA274S24	SES149	-1.73807	-10.0492	-8.31116
BLOCK27/SES274/SA274S24	SES158	-2.69688	-11.008	-8.31116
BLOCK27/SES274/SA274S29	SES105	-1.24481	-8.90337	-7.65856
BLOCK27/SES274/SA274S29	SES106	-1.258	-8.91656	-7.65856
BLOCK27/SES274/SA274S29	SES120	-0.655381	-8.31394	-7.65856
BLOCK27/SES274/SA274S29	SES275	-0.622878	-8.28144	-7.65856
BLOCK27/SES276/SA276S16	SES148	-0.363572	-7.76942	-7.40585
BLOCK27/SES276/SA276S16	SES172	0.225663	-7.18019	-7.40585
BLOCK27/SES276/SA276S16	SES180	-0.358656	-7.76451	-7.40585
BLOCK27/SES276/SA276S16	SES292	-0.251206	-7.65706	-7.40585
BLOCK27/SES276/SA276S17	SES101	-0.189805	-8.33381	-8.14401
BLOCK27/SES276/SA276S17	SES177	-1.07447	-9.21848	-8.14401
BLOCK27/SES276/SA276S17	SES180	-0.566677	-8.71069	-8.14401
BLOCK27/SES276/SA276S17	SES292	-0.801995	-8.946	-8.14401
BLOCK27/SES276/SA276S24	SES101	-0.195061	-7.32908	-7.13402
BLOCK27/SES276/SA276S24	SES177	-0.305597	-7.43962	-7.13402
BLOCK27/SES276/SA276S24	SES180	-0.7732	-7.90722	-7.13402
BLOCK27/SES276/SA276S24	SES292	-0.913703	-8.04773	-7.13402
BLOCK27/SES276/SA276S26	SES101	-0.35513	-7.52287	-7.16774
BLOCK27/SES276/SA276S26	SES177	-0.649564	-7.8173	-7.16774
BLOCK27/SES276/SA276S26	SES180	-0.406506	-7.57424	-7.16774
BLOCK27/SES276/SA276S26	SES292	-0.117648	-7.28538	-7.16774
BLOCK27/SES276/SA276S28	SES101	0.0356207	-7.47981	-7.51543
BLOCK27/SES276/SA276S28	SES177	-0.804578	-8.32001	-7.51543
BLOCK27/SES276/SA276S28	SES180	0.0260811	-7.48935	-7.51543
BLOCK27/SES276/SA276S28	SES292	0.133471	-7.38196	-7.51543
BLOCK27/SES277/SA277S12	SES101	-0.281037	-9.28336	-9.00232
BLOCK27/SES277/SA277S12	SES177	-1.18045	-10.1828	-9.00232
BLOCK27/SES277/SA277S12	SES180	-1.13964	-10.142	-9.00232
BLOCK27/SES277/SA277S12	SES292	-1.32551	-10.3278	-9.00232
BLOCK27/SES277/SA277S14	SES177	-0.605293	-9.91072	-9.30543
BLOCK27/SES277/SA277S14	SES180	-1.12012	-10.4256	-9.30543
BLOCK27/SES277/SA277S14	SES189	0.209132	-9.0963	-9.30543
BLOCK27/SES277/SA277S14	SES292	-2.27844	-11.5839	-9.30543
BLOCK27/SES277/SA277S21	SES177	-0.395206	-9.5126	-9.1174
BLOCK27/SES277/SA277S21	SES180	-0.881347	-9.99874	-9.1174
BLOCK27/SES277/SA277S21	SES189	0.396646	-8.72075	-9.1174
BLOCK27/SES277/SA277S21	SES292	-1.61908	-10.7365	-9.1174
BLOCK27/SES277/SA277S24	SES144	0.0268641	-9.57779	-9.60465
BLOCK27/SES277/SA277S24	SES177	-0.375333	-9.97999	-9.60465
BLOCK27/SES277/SA277S24	SES180	-1.54453	-11.1492	-9.60465
BLOCK27/SES277/SA277S24	SES189	0.410463	-9.19419	-9.60465
BLOCK27/SES277/SA277S29	SES177	-0.743704	-7.61498	-6.87127
BLOCK27/SES277/SA277S29	SES180	-0.391686	-7.26296	-6.87127
BLOCK27/SES277/SA277S29	SES202	-0.0310421	-6.90232	-6.87127
BLOCK27/SES277/SA277S29	SES292	-1.59404	-8.46531	-6.87127
BLOCK27/SES279/SA279S09	SES120	-0.878994	-8.11089	-7.23189
BLOCK27/SES279/SA279S09	SES146	-1.04681	-8.2787	-7.23189
BLOCK27/SES279/SA279S09	SES206	-0.234797	-7.46669	-7.23189
BLOCK27/SES279/SA279S09	SES226	-0.992081	-8.22398	-7.23189
BLOCK27/SES279/SA279S10	SES099	-0.472462	-8.46694	-7.99448
BLOCK27/SES279/SA279S10	SES206	-0.721744	-8.71622	-7.99448
BLOCK27/SES279/SA279S10	SES226	-1.7163	-9.71078	-7.99448
BLOCK27/SES279/SA279S10	SES292	-0.390855	-8.38533	-7.99448
BLOCK27/SES279/SA279S20	SES099	-1.35603	-9.78069	-8.42465
BLOCK27/SES279/SA279S20	SES206	-0.515753	-8.94041	-8.42465
BLOCK27/SES279/SA279S20	SES226	-1.47572	-9.90037	-8.42465
BLOCK27/SES279/SA279S20	SES292	-0.442758	-8.86741	-8.42465
BLOCK27/SES279/SA279S26	SES099	0.316497	-8.84221	-9.15871
BLOCK27/SES279/SA279S26	SES206	0.27472	-8.88399	-9.15871
BLOCK27/SES279/SA279S26	SES226	-0.567998	-9.7267	-9.15871
BLOCK27/SES279/SA279S26	SES292	0.578197	-8.58051	-9.15871
BLOCK27/SES279/SA279S28	SES099	-0.429255	-7.78506	-7.35581
BLOCK27/SES279/SA279S28	SES120	-0.361758	-7.71757	-7.35581
BLOCK27/SES279/SA279S28	SES177	-1.52547	-8.88128	-7.35581
BLOCK27/SES279/SA279S28	SES206	-0.613756	-7.96956	-7.35581
BLOCK29/SES290/SA290S12	SES162	-0.000720978	-6.43792	-6.4372
BLOCK29/SES290/SA290S12	SES177	-0.00983381	-6.44704	-6.4372
BLOCK29/SES290/SA290S12	SES180	-0.39009	-6.82729	-6.4372
BLOCK29/SES290/SA290S12	SES292	-1.15429	-7.59149	-6.4372
BLOCK29/SES290/SA290S13	SES007	0.106047	-6.87653	-6.98258
BLOCK29/SES290/SA290S13	SES162	-1.00952	-7.9921	-6.98258
BLOCK29/SES290/SA290S13	SES177	-0.572608	-7.55519	-6.98258
BLOCK29/SES290/SA290S13	SES180	-0.101725	-7.0843	-6.98258
BLOCK29/SES290/SA290S22	SES177	-0.453806	-7.6031	-7.14929
BLOCK29/SES290/SA290S22	SES180	-0.271235	-7.42053	-7.14929
BLOCK29/SES290/SA290S22	SES202	-0.193503	-7.34279	-7.14929
BLOCK29/SES290/SA290S22	SES292	-0.217522	-7.36681	-7.14929
BLOCK29/SES290/SA290S25	SES162	-0.414623	-7.59508	-7.18046
BLOCK29/SES290/SA290S25	SES177	-0.343328	-7.52379	-7.18046
BLOCK29/SES290/SA290S25	SES180	-0.403848	-7.58431	-7.18046
BLOCK29/SES290/SA290S25	SES292	-0.26246	-7.44292	-7.18046
BLOCK29/SES290/SA290S29	SES177	-0.218451	-6.99824	-6.77979
BLOCK29/SES290/SA290S29	SES180	0.298459	-6.48133	-6.77979
BLOCK29/SES290/SA290S29	SES275	-0.254926	-7.03472	-6.77979
BLOCK29/SES290/SA290S29	SES292	-0.434844	-7.21464	-6.77979
BLOCK29/SES291/SA291S11	SES105	-1.11836	-9.87219	-8.75383
BLOCK29/SES291/SA291S11	SES125	-0.657563	-9.41139	-8.75383
BLOCK29/SES291/SA291S11	SES158	-0.105747	-8.85958	-8.75383
BLOCK29/SES291/SA291S11	SES275	-0.575203	-9.32903	-8.75383
BLOCK29/SES291/SA291S12	SES158	0.734774	-7.34294	-8.07771
BLOCK29/SES291/SA291S12	SES226	-0.839181	-8.91689	-8.07771
BLOCK29/SES291/SA291S12	SES270	-0.31371	-8.39142	-8.07771
BLOCK29/SES291/SA291S12	SES275	-2.01032	-10.088	-8.07771
BLOCK29/SES291/SA291S22	SES082	-0.244646	-8.51956	-8.27491
BLOCK29/SES291/SA291S22	SES158	0.155435	-8.11948	-8.27491
BLOCK29/SES291/SA291S22	SES259	-0.576217	-8.85113	-8.27491
BLOCK29/SES291/SA291S22	SES275	-0.91729	-9.1922	-8.27491
BLOCK29/SES291/SA291S24	SES104	0.539177	-7.21281	-7.75199
BLOCK29/SES291/SA291S24	SES125	-0.180568	-7.93255	-7.75199
BLOCK29/SES291/SA291S24	SES158	0.121716	-7.63027	-7.75199
BLOCK29/SES291/SA291S24	SES275	-1.23728	-8.98926	-7.75199
BLOCK29/SES291/SA291S27	SES158	0.20832	-7.61372	-7.82204
BLOCK29/SES291/SA291S27	SES172	-1.53596	-9.358	-7.82204
BLOCK29/SES291/SA291S27	SES275	-1.04525	-8.86729	-7.82204
BLOCK29/SES291/SA291S27	SES292	0.0302882	-7.79175	-7.82204
