BLOCK00/SES002/SA002S12	SES002	1.72785	13.3903	11.6625
BLOCK00/SES002/SA002S13	SES002	2.30838	13.3305	11.0221
BLOCK00/SES002/SA002S23	SES002	1.51913	13.4729	11.9538
BLOCK00/SES002/SA002S26	SES002	1.86325	14.2978	12.4345
BLOCK00/SES002/SA002S28	SES002	1.68051	12.5213	10.8408
BLOCK00/SES007/SA007S14	SES007	1.83025	16.4367	14.6065
BLOCK00/SES007/SA007S15	SES007	0.779664	13.8985	13.1188
BLOCK00/SES007/SA007S24	SES007	1.3753	14.0612	12.6859
BLOCK00/SES007/SA007S27	SES007	1.1039	13.0388	11.9349
BLOCK00/SES007/SA007S29	SES007	0.497137	13.9384	13.4413
BLOCK00/SES008/SA008S11	SES008	1.48948	14.6585	13.169
BLOCK00/SES008/SA008S12	SES008	1.28578	14.4073	13.1215
BLOCK00/SES008/SA008S19	SES008	2.27743	15.5286	13.2512
BLOCK00/SES008/SA008S22	SES008	1.17007	13.7046	12.5346
BLOCK00/SES008/SA008S29	SES008	1.56135	15.5157	13.9543
BLOCK01/SES014/SA014S10	SES014	2.58389	14.6388	12.0549
BLOCK01/SES014/SA014S12	SES014	3.39378	17.3113	13.9175
BLOCK01/SES014/SA014S24	SES014	2.17643	15.3803	13.2039
BLOCK01/SES014/SA014S26	SES014	2.65568	17.9074	15.2517
BLOCK01/SES014/SA014S28	SES014	4.34792	18.3252	13.9772
BLOCK01/SES016/SA016S12	SES016	1.77106	14.334	12.563
BLOCK01/SES016/SA016S13	SES016	1.77524	16.0355	14.2603
BLOCK01/SES016/SA016S22	SES016	2.03542	16.6225	14.5871
BLOCK01/SES016/SA016S25	SES016	2.09507	17.1079	15.0128
BLOCK01/SES016/SA016S27	SES016	1.89822	17.4234	15.5252
BLOCK01/SES019/SA019S13	SES019	3.64777	12.7117	9.06395
BLOCK01/SES019/SA019S14	SES019	2.81592	12.8701	10.0542
BLOCK01/SES019/SA019S22	SES019	3.84602	13.6202	9.77421
BLOCK01/SES019/SA019S25	SES019	3.23213	13.2595	10.0274
BLOCK01/SES019/SA019S29	SES019	4.00737	13.7979	9.79055
BLOCK02/SES029/SA029S11	SES029	1.55333	15.1459	13.5925
BLOCK02/SES029/SA029S12	SES029	0.943954	14.9326	13.9887
BLOCK02/SES029/SA029S20	SES029	1.23474	14.6442	13.4094
BLOCK02/SES029/SA029S25	SES029	0.933763	16.8038	15.8701
BLOCK02/SES029/SA029S28	SES029	0.814163	14.6306	13.8165
BLOCK04/SES042/SA042S12	SES042	2.78366	14.3551	11.5714
BLOCK04/SES042/SA042S15	SES042	3.05671	15.2122	12.1555
BLOCK04/SES042/SA042S22	SES042	3.99969	17.4778	13.4781
BLOCK04/SES042/SA042S25	SES042	3.01071	13.334	10.3233
BLOCK04/SES042/SA042S27	SES042	2.69808	15.4364	12.7384
BLOCK04/SES048/SA048S11	SES048	1.76419	15.1367	13.3725
BLOCK04/SES048/SA048S12	SES048	0.999948	14.3768	13.3768
BLOCK04/SES048/SA048S20	SES048	0.671273	14.2584	13.5871
BLOCK04/SES048/SA048S23	SES048	1.60812	13.6486	12.0405
BLOCK04/SES048/SA048S27	SES048	0.873798	15.3929	14.5191
BLOCK06/SES060/SA060S11	SES060	2.0027	16.2514	14.2487
BLOCK06/SES060/SA060S12	SES060	0.674273	14.5532	13.8789
BLOCK06/SES060/SA060S22	SES060	0.0466194	12.956	12.9094
BLOCK06/SES060/SA060S24	SES060	1.45867	15.2815	13.8228
BLOCK06/SES060/SA060S28	SES060	1.6567	17.0448	15.3881
BLOCK06/SES062/SA062S10	SES062	1.0892	15.1319	14.0427
BLOCK06/SES062/SA062S11	SES062	1.53378	15.6906	14.1568
BLOCK06/SES062/SA062S21	SES062	1.70626	17.826	16.1198
BLOCK06/SES062/SA062S26	SES062	1.39321	16.5843	15.1911
BLOCK06/SES062/SA062S29	SES062	1.99587	18.0167	16.0209
BLOCK06/SES068/SA068S14	SES068	0.741446	16.1661	15.4246
BLOCK06/SES068/SA068S15	SES068	1.72412	17.3405	15.6163
BLOCK06/SES068/SA068S23	SES068	1.54516	14.8872	13.3421
BLOCK06/SES068/SA068S27	SES068	2.33687	17.97	15.6331
BLOCK06/SES068/SA068S29	SES068	0.827147	15.0726	14.2455
BLOCK08/SES082/SA082S12	SES082	0.810587	12.0864	11.2758
BLOCK08/SES082/SA082S14	SES082	1.16741	12.1713	11.0038
BLOCK08/SES082/SA082S21	SES082	0.943792	12.3534	11.4096
BLOCK08/SES082/SA082S24	SES082	1.3058	14.1349	12.8291
BLOCK08/SES082/SA082S28	SES082	1.23697	13.064	11.827
BLOCK08/SES083/SA083S14	SES083	0.537906	15.0251	14.4872
BLOCK08/SES083/SA083S15	SES083	1.28494	16.3619	15.077
BLOCK08/SES083/SA083S24	SES083	0.894813	15.1571	14.2622
BLOCK08/SES083/SA083S26	SES083	0.930384	14.1426	13.2122
BLOCK08/SES083/SA083S29	SES083	0.652642	15.2522	14.5996
BLOCK08/SES085/SA085S10	SES085	0.906013	15.5812	14.6752
BLOCK08/SES085/SA085S13	SES085	0.516202	15.4638	14.9476
BLOCK08/SES085/SA085S22	SES085	0.85815	17.35	16.4919
BLOCK08/SES085/SA085S26	SES085	0.763561	18.05	17.2864
BLOCK08/SES085/SA085S28	SES085	1.26595	15.848	14.5821
BLOCK08/SES087/SA087S15	SES087	1.71937	13.5186	11.7992
BLOCK08/SES087/SA087S16	SES087	1.86908	13.6376	11.7685
BLOCK08/SES087/SA087S24	SES087	2.11444	13.8717	11.7572
BLOCK08/SES087/SA087S26	SES087	2.05703	15.0467	12.9897
BLOCK08/SES087/SA087S29	SES087	2.32077	13.5347	11.214
BLOCK09/SES099/SA099S15	SES099	2.23528	13.0716	10.8363
BLOCK09/SES099/SA099S16	SES099	2.15211	13.2437	11.0915
BLOCK09/SES099/SA099S24	SES099	1.6922	13.4376	11.7454
BLOCK09/SES099/SA099S26	SES099	2.39468	13.5954	11.2008
BLOCK09/SES099/SA099S29	SES099	2.3762	14.1079	11.7317
BLOCK10/SES101/SA101S11	SES101	0.811007	14.3589	13.5479
BLOCK10/SES101/SA101S13	SES101	1.91194	16.8439	14.932
BLOCK10/SES101/SA101S22	SES101	1.19275	14.9938	13.8011
BLOCK10/SES101/SA101S24	SES101	1.25131	14.3714	13.1201
BLOCK10/SES101/SA101S28	SES101	0.989717	14.6335	13.6437
BLOCK10/SES104/SA104S11	SES104	2.45145	16.7198	14.2683
BLOCK10/SES104/SA104S12	SES104	2.18594	14.7454	12.5595
BLOCK10/SES104/SA104S21	SES104	2.1038	14.1021	11.9983
BLOCK10/SES104/SA104S24	SES104	1.96659	14.2068	12.2402
BLOCK10/SES104/SA104S28	SES104	2.15497	15.2121	13.0571
BLOCK10/SES105/SA105S12	SES105	0.878345	12.3283	11.45
BLOCK10/SES105/SA105S13	SES105	0.866657	12.2234	11.3567
BLOCK10/SES105/SA105S22	SES105	0.438331	11.318	10.8797
BLOCK10/SES105/SA105S26	SES105	1.10244	12.4959	11.3935
BLOCK10/SES105/SA105S29	SES105	1.28982	13.8135	12.5236
BLOCK10/SES106/SA106S09	SES106	1.88549	11.9325	10.047
BLOCK10/SES106/SA106S11	SES106	2.39555	14.2146	11.8191
BLOCK10/SES106/SA106S22	SES106	3.97777	14.0268	10.049
BLOCK10/SES106/SA106S27	SES106	2.15246	12.9164	10.764
BLOCK10/SES106/SA106S29	SES106	1.44694	12.6172	11.1703
BLOCK11/SES117/SA117S12	SES117	1.38588	15.3853	13.9994
BLOCK11/SES117/SA117S13	SES117	0.973876	16.2642	15.2903
BLOCK11/SES117/SA117S23	SES117	1.6279	14.9929	13.365
BLOCK11/SES117/SA117S25	SES117	1.24892	14.567	13.3181
BLOCK11/SES117/SA117S28	SES117	1.38208	14.2356	12.8535
BLOCK12/SES120/SA120S08	SES120	1.14871	11.8264	10.6777
BLOCK12/SES120/SA120S11	SES120	1.72742	11.3339	9.60648
BLOCK12/SES120/SA120S22	SES120	0.582	14.1078	13.5258
BLOCK12/SES120/SA120S24	SES120	1.38819	13.2101	11.8219
BLOCK12/SES120/SA120S28	SES120	0.811065	10.9102	10.0991
BLOCK12/SES125/SA125S13	SES125	2.49722	14.341	11.8437
BLOCK12/SES125/SA125S14	SES125	1.32496	12.9673	11.6423
BLOCK12/SES125/SA125S25	SES125	1.92985	14.2006	12.2708
BLOCK12/SES125/SA125S27	SES125	2.28567	15.4887	13.203
BLOCK12/SES125/SA125S29	SES125	2.0162	13.8024	11.7862
BLOCK12/SES127/SA127S11	SES127	0.86131	15.1611	14.2998
BLOCK12/SES127/SA127S12	SES127	0.398747	14.9391	14.5404
BLOCK12/SES127/SA127S23	SES127	0.574524	15.0358	14.4613
BLOCK12/SES127/SA127S25	SES127	0.499472	14.5038	14.0043
BLOCK12/SES127/SA127S27	SES127	1.05766	15.8738	14.8161
BLOCK12/SES129/SA129S11	SES129	1.87456	15.7295	13.8549
BLOCK12/SES129/SA129S12	SES129	1.99495	15.3567	13.3618
BLOCK12/SES129/SA129S22	SES129	1.6593	14.648	12.9887
BLOCK12/SES129/SA129S27	SES129	1.76978	15.036	13.2663
BLOCK12/SES129/SA129S29	SES129	1.4515	14.9029	13.4514
BLOCK14/SES142/SA142S11	SES142	2.69111	16.7566	14.0655
BLOCK14/SES142/SA142S12	SES142	1.13185	15.3745	14.2427
BLOCK14/SES142/SA142S24	SES142	1.70361	16.9066	15.203
BLOCK14/SES142/SA142S27	SES142	1.76992	15.7373	13.9674
BLOCK14/SES142/SA142S29	SES142	2.73795	17.1969	14.459
BLOCK14/SES143/SA143S12	SES143	1.50399	15.1367	13.6328
BLOCK14/SES143/SA143S13	SES143	1.30659	14.0639	12.7573
BLOCK14/SES143/SA143S23	SES143	1.31886	15.1996	13.8807
BLOCK14/SES143/SA143S25	SES143	1.70561	16.5194	14.8138
BLOCK14/SES143/SA143S28	SES143	1.54532	15.4297	13.8844
BLOCK14/SES144/SA144S09	SES144	1.1468	15.0228	13.876
BLOCK14/SES144/SA144S11	SES144	1.44513	13.6965	12.2514
BLOCK14/SES144/SA144S21	SES144	0.244731	13.8192	13.5745
BLOCK14/SES144/SA144S25	SES144	0.971335	13.188	12.2167
BLOCK14/SES144/SA144S29	SES144	0.341025	15.0781	14.7371
BLOCK14/SES146/SA146S14	SES146	0.982185	12.081	11.0988
BLOCK14/SES146/SA146S15	SES146	0.916707	12.958	12.0413
BLOCK14/SES146/SA146S24	SES146	1.07797	12.7641	11.6861
BLOCK14/SES146/SA146S26	SES146	1.60142	13.431	11.8296
BLOCK14/SES146/SA146S29	SES146	0.960582	12.2581	11.2975
BLOCK14/SES147/SA147S11	SES147	1.56054	14.4256	12.8651
BLOCK14/SES147/SA147S13	SES147	2.66126	15.9745	13.3133
BLOCK14/SES147/SA147S23	SES147	1.28198	15.4935	14.2115
BLOCK14/SES147/SA147S26	SES147	1.58707	15.0342	13.4471
BLOCK14/SES147/SA147S28	SES147	1.90439	15.221	13.3166
BLOCK14/SES148/SA148S10	SES148	1.93266	13.4495	11.5168
BLOCK14/SES148/SA148S12	SES148	1.41357	12.4477	11.0342
BLOCK14/SES148/SA148S22	SES148	1.73197	14.2673	12.5353
BLOCK14/SES148/SA148S26	SES148	-0.0307875	13.6724	13.7032
BLOCK14/SES148/SA148S29	SES148	0.523848	12.9505	12.4267
BLOCK14/SES149/SA149S13	SES149	-0.0915709	12.8681	12.9597
BLOCK14/SES149/SA149S14	SES149	0.661279	14.1737	13.5124
BLOCK14/SES149/SA149S24	SES149	1.73332	14.8136	13.0802
BLOCK14/SES149/SA149S26	SES149	2.0446	15.8055	13.7609
BLOCK14/SES149/SA149S28	SES149	1.69171	16.3341	14.6424
BLOCK15/SES158/SA158S13	SES158	2.28909	12.3372	10.0481
BLOCK15/SES158/SA158S14	SES158	3.02458	12.4066	9.38201
BLOCK15/SES158/SA158S23	SES158	1.80682	12.6454	10.8385
BLOCK15/SES158/SA158S26	SES158	3.03577	12.565	9.5292
BLOCK15/SES158/SA158S28	SES158	1.30041	11.5381	10.2377
BLOCK16/SES162/SA162S10	SES162	0.992569	12.1412	11.1486
BLOCK16/SES162/SA162S11	SES162	0.800199	14.9168	14.1166
BLOCK16/SES162/SA162S21	SES162	1.58057	14.6905	13.1099
BLOCK16/SES162/SA162S24	SES162	1.18536	14.4202	13.2349
BLOCK16/SES162/SA162S27	SES162	1.46872	13.7058	12.237
BLOCK16/SES167/SA167S14	SES167	1.46396	17.255	15.7911
BLOCK16/SES167/SA167S15	SES167	2.0192	16.2889	14.2697
BLOCK16/SES167/SA167S21	SES167	2.30603	17.5257	15.2197
BLOCK16/SES167/SA167S25	SES167	2.29952	16.7092	14.4097
BLOCK16/SES167/SA167S29	SES167	2.68307	18.2562	15.5731
BLOCK17/SES172/SA172S12	SES172	1.29415	15.3339	14.0397
BLOCK17/SES172/SA172S13	SES172	1.53935	14.9123	13.373
BLOCK17/SES172/SA172S23	SES172	1.05641	17.1418	16.0854
BLOCK17/SES172/SA172S27	SES172	1.00882	14.9091	13.9002
BLOCK17/SES172/SA172S29	SES172	1.55845	15.1766	13.6182
BLOCK17/SES175/SA175S11	SES175	0.989679	16.1508	15.1611
BLOCK17/SES175/SA175S13	SES175	1.82117	15.4247	13.6035
BLOCK17/SES175/SA175S23	SES175	1.62519	16.2141	14.589
BLOCK17/SES175/SA175S25	SES175	0.945351	13.5686	12.6232
BLOCK17/SES175/SA175S28	SES175	1.10477	17.0098	15.905
BLOCK17/SES177/SA177S15	SES177	0.928498	15.1849	14.2564
BLOCK17/SES177/SA177S17	SES177	0.706244	15.1614	14.4551
BLOCK17/SES177/SA177S23	SES177	0.443541	14.984	14.5405
BLOCK17/SES177/SA177S26	SES177	1.31092	17.4276	16.1167
BLOCK17/SES177/SA177S28	SES177	0.691643	16.0384	15.3467
BLOCK18/SES180/SA180S13	SES180	0.628067	15.1387	14.5106
BLOCK18/SES180/SA180S15	SES180	0.928588	14.5135	13.5849
BLOCK18/SES180/SA180S24	SES180	1.00725	16.4799	15.4727
BLOCK18/SES180/SA180S26	SES180	1.085	15.8486	14.7636
BLOCK18/SES180/SA180S29	SES180	1.34365	16.0676	14.724
BLOCK18/SES183/SA183S13	SES183	1.30867	12.7914	11.4828
BLOCK18/SES183/SA183S14	SES183	0.194922	12.5275	12.3326
BLOCK18/SES183/SA183S24	SES183	1.77934	12.6124	10.833
BLOCK18/SES183/SA183S27	SES183	1.44801	12.4824	11.0344
BLOCK18/SES183/SA183S29	SES183	1.20373	14.2633	13.0596
BLOCK18/SES187/SA187S13	SES187	1.34773	16.0238	14.6761
BLOCK18/SES187/SA187S14	SES187	1.42068	15.5117	14.091
BLOCK18/SES187/SA187S24	SES187	2.24883	17.7421	15.4933
BLOCK18/SES187/SA187S27	SES187	1.69717	16.0607	14.3635
BLOCK18/SES187/SA187S29	SES187	1.61554	16.8305	15.215
BLOCK18/SES189/SA189S10	SES189	1.7667	13.4179	11.6512
BLOCK18/SES189/SA189S13	SES189	2.03029	12.6662	10.6359
BLOCK18/SES189/SA189S24	SES189	2.39228	13.2522	10.8599
BLOCK18/SES189/SA189S26	SES189	1.46679	14.2983	12.8316
BLOCK18/SES189/SA189S29	SES189	2.44981	14.8113	12.3615
BLOCK20/SES202/SA202S12	SES202	1.16843	12.5532	11.3847
BLOCK20/SES202/SA202S14	SES202	2.17142	15.9681	13.7967
BLOCK20/SES202/SA202S24	SES202	1.55594	15.7478	14.1918
BLOCK20/SES202/SA202S27	SES202	1.59007	17.2894	15.6993
BLOCK20/SES202/SA202S29	SES202	1.7173	17.7081	15.9908
BLOCK20/SES206/SA206S15	SES206	0.126658	12.9007	12.774
BLOCK20/SES206/SA206S17	SES206	2.15017	15.3009	13.1507
BLOCK20/SES206/SA206S24	SES206	2.59294	15.7821	13.1892
BLOCK20/SES206/SA206S27	SES206	2.13268	13.9954	11.8627
BLOCK20/SES206/SA206S29	SES206	1.46239	15.4041	13.9417
BLOCK22/SES226/SA226S12	SES226	1.54832	13.2736	11.7253
BLOCK22/SES226/SA226S13	SES226	0.0498571	11.3745	11.3247
BLOCK22/SES226/SA226S20	SES226	1.68462	12.673	10.9884
BLOCK22/SES226/SA226S23	SES226	2.0278	13.7898	11.762
BLOCK22/SES226/SA226S28	SES226	2.25677	14.1714	11.9146
BLOCK25/SES259/SA259S13	SES259	3.9541	15.3811	11.427
BLOCK25/SES259/SA259S14	SES259	2.6201	14.3118	11.6917
BLOCK25/SES259/SA259S22	SES259	2.54961	14.0488	11.4992
BLOCK25/SES259/SA259S24	SES259	2.3131	15.3543	13.0412
BLOCK25/SES259/SA259S28	SES259	2.43427	14.5778	12.1436
BLOCK27/SES270/SA270S14	SES270	2.89381	12.3556	9.46177
BLOCK27/SES270/SA270S16	SES270	1.23681	12.3493	11.1125
BLOCK27/SES270/SA270S22	SES270	3.41334	13.5228	10.1094
BLOCK27/SES270/SA270S26	SES270	2.37073	11.1537	8.78294
BLOCK27/SES270/SA270S28	SES270	1.87591	12.9409	11.065
BLOCK27/SES275/SA275S17	SES275	1.31608	13.7799	12.4638
BLOCK27/SES275/SA275S18	SES275	0.877603	14.087	13.2094
BLOCK27/SES275/SA275S24	SES275	0.898773	12.4778	11.579
BLOCK27/SES275/SA275S26	SES275	1.37771	13.8472	12.4695
BLOCK27/SES275/SA275S28	SES275	0.736005	13.3345	12.5985
BLOCK29/SES292/SA292S10	SES292	0.855631	13.7901	12.9345
BLOCK29/SES292/SA292S12	SES292	0.517466	14.4627	13.9452
BLOCK29/SES292/SA292S22	SES292	0.644789	14.9285	14.2837
BLOCK29/SES292/SA292S24	SES292	0.892557	15.2909	14.3984
BLOCK29/SES292/SA292S27	SES292	0.511244	14.7919	14.2806
BLOCK00/SES001/SA001S14	SES062	-2.16932	8.05502	10.2243
BLOCK00/SES001/SA001S14	SES082	-1.66784	8.5565	10.2243
BLOCK00/SES001/SA001S14	SES106	-1.33405	8.89029	10.2243
BLOCK00/SES001/SA001S14	SES206	-0.947953	9.27639	10.2243
BLOCK00/SES001/SA001S15	SES062	-2.22865	9.774	12.0026
BLOCK00/SES001/SA001S15	SES104	-2.1228	9.87984	12.0026
BLOCK00/SES001/SA001S15	SES106	-1.29469	10.708	12.0026
BLOCK00/SES001/SA001S15	SES206	-1.20283	10.7998	12.0026
BLOCK00/SES001/SA001S24	SES062	-2.66879	7.66817	10.337
BLOCK00/SES001/SA001S24	SES082	-1.77898	8.55798	10.337
BLOCK00/SES001/SA001S24	SES087	-1.49289	8.84407	10.337
BLOCK00/SES001/SA001S24	SES206	-1.5997	8.73726	10.337
BLOCK00/SES001/SA001S27	SES062	-1.50964	11.2369	12.7465
BLOCK00/SES001/SA001S27	SES082	-1.15252	11.594	12.7465
BLOCK00/SES001/SA001S27	SES087	-0.981624	11.7649	12.7465
BLOCK00/SES001/SA001S27	SES206	-1.29121	11.4553	12.7465
BLOCK00/SES001/SA001S29	SES062	-2.47199	8.17871	10.6507
BLOCK00/SES001/SA001S29	SES082	-1.04271	9.60799	10.6507
BLOCK00/SES001/SA001S29	SES158	-0.760118	9.89058	10.6507
BLOCK00/SES001/SA001S29	SES206	-1.76397	8.88673	10.6507
BLOCK00/SES003/SA003S11	SES002	-0.18814	11.1646	11.3527
BLOCK00/SES003/SA003S11	SES019	-0.831547	10.5212	11.3527
BLOCK00/SES003/SA003S11	SES082	-0.0732555	11.2795	11.3527
BLOCK00/SES003/SA003S11	SES125	-1.11796	10.2348	11.3527
BLOCK00/SES003/SA003S15	SES016	-1.82976	10.8957	12.7254
BLOCK00/SES003/SA003S15	SES019	-1.02372	11.7017	12.7254
BLOCK00/SES003/SA003S15	SES062	-1.781	10.9444	12.7254
BLOCK00/SES003/SA003S15	SES206	-0.755704	11.9697	12.7254
BLOCK00/SES003/SA003S22	SES002	-0.764733	11.2204	11.9851
BLOCK00/SES003/SA003S22	SES062	-0.866102	11.119	11.9851
BLOCK00/SES003/SA003S22	SES082	-1.34734	10.6378	11.9851
BLOCK00/SES003/SA003S22	SES087	-0.542415	11.4427	11.9851
BLOCK00/SES003/SA003S25	SES062	-2.49271	8.52066	11.0134
BLOCK00/SES003/SA003S25	SES082	-0.394412	10.619	11.0134
BLOCK00/SES003/SA003S25	SES087	-0.841065	10.1723	11.0134
BLOCK00/SES003/SA003S25	SES206	-1.36608	9.6473	11.0134
BLOCK00/SES003/SA003S29	SES002	-0.394964	10.6286	11.0235
BLOCK00/SES003/SA003S29	SES062	-1.96577	9.05776	11.0235
BLOCK00/SES003/SA003S29	SES082	-0.817549	10.206	11.0235
BLOCK00/SES003/SA003S29	SES087	-0.824909	10.1986	11.0235
BLOCK00/SES004/SA004S12	SES083	-1.56541	11.1785	12.744
BLOCK00/SES004/SA004S12	SES148	-1.81164	10.9323	12.744
BLOCK00/SES004/SA004S12	SES172	-0.594448	12.1495	12.744
BLOCK00/SES004/SA004S12	SES292	-1.42177	11.3222	12.744
BLOCK00/SES004/SA004S17	SES083	-1.43622	10.7656	12.2019
BLOCK00/SES004/SA004S17	SES162	-0.74892	11.4529	12.2019
BLOCK00/SES004/SA004S17	SES172	-0.658807	11.543	12.2019
BLOCK00/SES004/SA004S17	SES292	-1.67019	10.5317	12.2019
BLOCK00/SES004/SA004S24	SES083	-1.39467	11.4159	12.8105
BLOCK00/SES004/SA004S24	SES148	-2.10397	10.7066	12.8105
BLOCK00/SES004/SA004S24	SES172	-0.628118	12.1824	12.8105
BLOCK00/SES004/SA004S24	SES292	-1.05745	11.7531	12.8105
BLOCK00/SES004/SA004S26	SES083	-1.91052	11.0362	12.9467
BLOCK00/SES004/SA004S26	SES127	-1.58124	11.3655	12.9467
BLOCK00/SES004/SA004S26	SES148	-3.04352	9.9032	12.9467
BLOCK00/SES004/SA004S26	SES292	-2.21613	10.7306	12.9467
BLOCK00/SES004/SA004S28	SES083	-1.3059	13.678	14.9839
BLOCK00/SES004/SA004S28	SES127	-1.0125	13.9714	14.9839
BLOCK00/SES004/SA004S28	SES187	-0.712203	14.2717	14.9839
BLOCK00/SES004/SA004S28	SES292	-1.78802	13.1959	14.9839
BLOCK00/SES006/SA006S10	SES014	-2.78499	6.06681	8.8518
BLOCK00/SES006/SA006S10	SES158	-1.0721	7.7797	8.8518
BLOCK00/SES006/SA006S10	SES226	-3.03204	5.81975	8.8518
BLOCK00/SES006/SA006S10	SES270	-0.564165	8.28763	8.8518
BLOCK00/SES006/SA006S11	SES158	-1.16101	8.20228	9.36329
BLOCK00/SES006/SA006S11	SES226	-2.16839	7.1949	9.36329
BLOCK00/SES006/SA006S11	SES270	-0.8323	8.53099	9.36329
BLOCK00/SES006/SA006S11	SES275	-2.18982	7.17347	9.36329
BLOCK00/SES006/SA006S23	SES062	-2.93218	8.8385	11.7707
BLOCK00/SES006/SA006S23	SES105	-2.91506	8.85561	11.7707
BLOCK00/SES006/SA006S23	SES158	-1.79187	9.9788	11.7707
BLOCK00/SES006/SA006S23	SES275	-2.14398	9.6267	11.7707
BLOCK00/SES006/SA006S26	SES104	-3.47738	7.31369	10.7911
BLOCK00/SES006/SA006S26	SES158	-1.25567	9.53539	10.7911
BLOCK00/SES006/SA006S26	SES270	-0.260221	10.5308	10.7911
BLOCK00/SES006/SA006S26	SES275	-1.98686	8.8042	10.7911
BLOCK00/SES006/SA006S28	SES007	-1.96972	7.41169	9.38141
BLOCK00/SES006/SA006S28	SES105	-2.49076	6.89065	9.38141
BLOCK00/SES006/SA006S28	SES158	-1.21853	8.16288	9.38141
BLOCK00/SES006/SA006S28	SES275	-2.75232	6.62909	9.38141
BLOCK00/SES009/SA009S12	SES083	-2.17401	11.2962	13.4702
BLOCK00/SES009/SA009S12	SES148	-2.47452	10.9957	13.4702
BLOCK00/SES009/SA009S12	SES177	-1.31208	12.1581	13.4702
BLOCK00/SES009/SA009S12	SES292	-1.36749	12.1027	13.4702
BLOCK00/SES009/SA009S15	SES007	-0.0479002	14.0801	14.128
BLOCK00/SES009/SA009S15	SES099	-3.59384	10.5341	14.128
BLOCK00/SES009/SA009S15	SES148	-2.01	12.118	14.128
BLOCK00/SES009/SA009S15	SES172	-1.12208	13.0059	14.128
BLOCK00/SES009/SA009S24	SES146	-1.29601	12.728	14.024
BLOCK00/SES009/SA009S24	SES148	-2.70126	11.3227	14.024
BLOCK00/SES009/SA009S24	SES177	-0.512359	13.5116	14.024
BLOCK00/SES009/SA009S24	SES292	-1.0568	12.9672	14.024
BLOCK00/SES009/SA009S26	SES083	-2.18236	10.8572	13.0396
BLOCK00/SES009/SA009S26	SES101	-2.25354	10.786	13.0396
BLOCK00/SES009/SA009S26	SES120	-1.29486	11.7447	13.0396
BLOCK00/SES009/SA009S26	SES177	-0.802542	12.237	13.0396
BLOCK00/SES009/SA009S29	SES083	-1.61321	12.2941	13.9073
BLOCK00/SES009/SA009S29	SES101	-1.65227	12.255	13.9073
BLOCK00/SES009/SA009S29	SES177	-0.537224	13.3701	13.9073
BLOCK00/SES009/SA009S29	SES292	-0.866793	13.0405	13.9073
BLOCK01/SES011/SA011S10	SES019	-0.791826	10.9662	11.758
BLOCK01/SES011/SA011S10	SES042	0.269811	12.0278	11.758
BLOCK01/SES011/SA011S10	SES082	-1.3906	10.3674	11.758
BLOCK01/SES011/SA011S10	SES206	-0.576405	11.1816	11.758
BLOCK01/SES011/SA011S11	SES019	-1.48773	9.08073	10.5685
BLOCK01/SES011/SA011S11	SES042	-1.33701	9.23144	10.5685
BLOCK01/SES011/SA011S11	SES082	-1.80958	8.75887	10.5685
BLOCK01/SES011/SA011S11	SES206	-1.52183	9.04663	10.5685
BLOCK01/SES011/SA011S22	SES019	-0.557575	10.3128	10.8703
BLOCK01/SES011/SA011S22	SES042	0.554469	11.4248	10.8703
BLOCK01/SES011/SA011S22	SES082	-1.2216	9.64873	10.8703
BLOCK01/SES011/SA011S22	SES206	-0.922359	9.94797	10.8703
BLOCK01/SES011/SA011S24	SES019	-1.51108	10.3597	11.8707
BLOCK01/SES011/SA011S24	SES042	0.124679	11.9954	11.8707
BLOCK01/SES011/SA011S24	SES104	-1.67396	10.1968	11.8707
BLOCK01/SES011/SA011S24	SES206	-1.17937	10.6914	11.8707
BLOCK01/SES011/SA011S27	SES082	0.238073	11.5272	11.2891
BLOCK01/SES011/SA011S27	SES087	-1.33648	9.95267	11.2891
BLOCK01/SES011/SA011S27	SES125	-0.978265	10.3109	11.2891
BLOCK01/SES011/SA011S27	SES206	-0.586416	10.7027	11.2891
BLOCK01/SES012/SA012S11	SES007	-0.833601	13.3045	14.1381
BLOCK01/SES012/SA012S11	SES082	-1.2857	12.8524	14.1381
BLOCK01/SES012/SA012S11	SES083	-1.57152	12.5666	14.1381
BLOCK01/SES012/SA012S11	SES206	-1.51409	12.624	14.1381
BLOCK01/SES012/SA012S14	SES082	-0.349758	12.5969	12.9467
BLOCK01/SES012/SA012S14	SES087	-1.97583	10.9708	12.9467
BLOCK01/SES012/SA012S14	SES206	-0.661494	12.2852	12.9467
BLOCK01/SES012/SA012S14	SES292	-1.51327	11.4334	12.9467
BLOCK01/SES012/SA012S24	SES082	0.00634956	11.9327	11.9263
BLOCK01/SES012/SA012S24	SES087	-0.872125	11.0542	11.9263
BLOCK01/SES012/SA012S24	SES120	-1.39913	10.5272	11.9263
BLOCK01/SES012/SA012S24	SES206	-0.54718	11.3792	11.9263
BLOCK01/SES012/SA012S26	SES019	-3.12893	10.1841	13.313
BLOCK01/SES012/SA012S26	SES082	-1.47415	11.8388	13.313
BLOCK01/SES012/SA012S26	SES206	-0.114606	13.1984	13.313
BLOCK01/SES012/SA012S26	SES292	-0.854679	12.4583	13.313
BLOCK01/SES012/SA012S29	SES062	-1.83015	12.1911	14.0213
BLOCK01/SES012/SA012S29	SES082	-0.792789	13.2285	14.0213
BLOCK01/SES012/SA012S29	SES083	-1.58899	12.4323	14.0213
BLOCK01/SES012/SA012S29	SES206	-0.866253	13.155	14.0213
BLOCK01/SES013/SA013S16	SES062	-2.63546	8.77735	11.4128
BLOCK01/SES013/SA013S16	SES106	-1.05013	10.3627	11.4128
BLOCK01/SES013/SA013S16	SES206	-1.08648	10.3263	11.4128
BLOCK01/SES013/SA013S16	SES226	-0.649222	10.7636	11.4128
BLOCK01/SES013/SA013S17	SES062	-2.03749	10.8633	12.9007
BLOCK01/SES013/SA013S17	SES106	-1.55264	11.3481	12.9007
BLOCK01/SES013/SA013S17	SES206	0.36974	13.2705	12.9007
BLOCK01/SES013/SA013S17	SES226	-0.571894	12.3289	12.9007
BLOCK01/SES013/SA013S23	SES104	-0.863124	11.1078	11.9709
BLOCK01/SES013/SA013S23	SES106	-0.266143	11.7048	11.9709
BLOCK01/SES013/SA013S23	SES206	-0.510394	11.4605	11.9709
BLOCK01/SES013/SA013S23	SES270	-0.30746	11.6634	11.9709
BLOCK01/SES013/SA013S25	SES042	-1.93713	11.0558	12.9929
BLOCK01/SES013/SA013S25	SES104	-0.762127	12.2308	12.9929
BLOCK01/SES013/SA013S25	SES106	-0.949482	12.0434	12.9929
BLOCK01/SES013/SA013S25	SES206	-0.533597	12.4593	12.9929
BLOCK01/SES013/SA013S29	SES062	-3.7159	8.4834	12.1993
BLOCK01/SES013/SA013S29	SES104	-1.73114	10.4682	12.1993
BLOCK01/SES013/SA013S29	SES106	-1.12163	11.0777	12.1993
BLOCK01/SES013/SA013S29	SES206	-1.05827	11.141	12.1993
BLOCK02/SES021/SA021S13	SES016	-2.70704	11.1716	13.8787
BLOCK02/SES021/SA021S13	SES029	-1.14017	12.7385	13.8787
BLOCK02/SES021/SA021S13	SES087	-0.929268	12.9494	13.8787
BLOCK02/SES021/SA021S13	SES206	-1.13836	12.7403	13.8787
BLOCK02/SES021/SA021S15	SES087	-0.399885	14.4741	14.874
BLOCK02/SES021/SA021S15	SES125	-0.903807	13.9702	14.874
BLOCK02/SES021/SA021S15	SES206	-0.358068	14.5159	14.874
BLOCK02/SES021/SA021S15	SES226	-1.73247	13.1415	14.874
BLOCK02/SES021/SA021S23	SES062	-2.8284	8.93661	11.765
BLOCK02/SES021/SA021S23	SES087	-0.384076	11.3809	11.765
BLOCK02/SES021/SA021S23	SES206	-0.880383	10.8846	11.765
BLOCK02/SES021/SA021S23	SES226	-1.12462	10.6404	11.765
BLOCK02/SES021/SA021S27	SES002	-0.632673	13.186	13.8187
BLOCK02/SES021/SA021S27	SES016	-3.57758	10.2411	13.8187
BLOCK02/SES021/SA021S27	SES019	-1.53559	12.2831	13.8187
BLOCK02/SES021/SA021S27	SES062	-1.60461	12.2141	13.8187
BLOCK02/SES021/SA021S29	SES087	-0.956139	12.9773	13.9335
BLOCK02/SES021/SA021S29	SES125	-0.539817	13.3936	13.9335
BLOCK02/SES021/SA021S29	SES206	-0.611817	13.3216	13.9335
BLOCK02/SES021/SA021S29	SES226	-1.53316	12.4003	13.9335
BLOCK04/SES043/SA043S09	SES083	-0.941688	11.2527	12.1943
BLOCK04/SES043/SA043S09	SES101	-1.3592	10.8351	12.1943
BLOCK04/SES043/SA043S09	SES144	-0.58959	11.6048	12.1943
BLOCK04/SES043/SA043S09	SES172	-1.43116	10.7632	12.1943
BLOCK04/SES043/SA043S11	SES083	-0.456037	12.7536	13.2097
BLOCK04/SES043/SA043S11	SES101	-1.1211	12.0886	13.2097
BLOCK04/SES043/SA043S11	SES144	-0.486378	12.7233	13.2097
BLOCK04/SES043/SA043S11	SES172	-1.04309	12.1666	13.2097
BLOCK04/SES043/SA043S23	SES083	-0.662289	12.6569	13.3192
BLOCK04/SES043/SA043S23	SES144	-0.203003	13.1162	13.3192
BLOCK04/SES043/SA043S23	SES177	-1.49002	11.8292	13.3192
BLOCK04/SES043/SA043S23	SES275	-0.845047	12.4742	13.3192
BLOCK04/SES043/SA043S26	SES083	-0.856782	11.38	12.2368
BLOCK04/SES043/SA043S26	SES101	-1.19905	11.0378	12.2368
BLOCK04/SES043/SA043S26	SES144	-0.123876	12.1129	12.2368
BLOCK04/SES043/SA043S26	SES177	-1.2949	10.9419	12.2368
BLOCK04/SES043/SA043S28	SES016	-1.38666	12.1293	13.516
BLOCK04/SES043/SA043S28	SES083	-0.476621	13.0393	13.516
BLOCK04/SES043/SA043S28	SES101	-0.603905	12.9121	13.516
BLOCK04/SES043/SA043S28	SES144	-0.86517	12.6508	13.516
BLOCK04/SES044/SA044S10	SES127	-2.26928	8.42498	10.6943
BLOCK04/SES044/SA044S10	SES144	-0.3843	10.31	10.6943
BLOCK04/SES044/SA044S10	SES147	-2.20142	8.49284	10.6943
BLOCK04/SES044/SA044S10	SES148	-1.75864	8.93561	10.6943
BLOCK04/SES044/SA044S11	SES101	-0.813497	11.457	12.2705
BLOCK04/SES044/SA044S11	SES144	-0.00668716	12.2638	12.2705
BLOCK04/SES044/SA044S11	SES147	-1.80706	10.4634	12.2705
BLOCK04/SES044/SA044S11	SES177	-1.40536	10.8651	12.2705
BLOCK04/SES044/SA044S24	SES007	-2.12175	9.84083	11.9626
BLOCK04/SES044/SA044S24	SES101	-0.756968	11.2056	11.9626
BLOCK04/SES044/SA044S24	SES147	-2.15846	9.80412	11.9626
BLOCK04/SES044/SA044S24	SES177	-1.35061	10.612	11.9626
BLOCK04/SES044/SA044S26	SES007	-1.7125	10.7375	12.45
BLOCK04/SES044/SA044S26	SES016	-1.34715	11.1029	12.45
BLOCK04/SES044/SA044S26	SES101	-1.27062	11.1794	12.45
BLOCK04/SES044/SA044S26	SES147	-1.02664	11.4234	12.45
BLOCK04/SES044/SA044S29	SES007	-2.26007	11.9771	14.2372
BLOCK04/SES044/SA044S29	SES101	-0.333907	13.9033	14.2372
BLOCK04/SES044/SA044S29	SES147	-1.71198	12.5252	14.2372
BLOCK04/SES044/SA044S29	SES177	-2.24124	11.996	14.2372
BLOCK04/SES046/SA046S13	SES101	-0.566029	12.5667	13.1327
BLOCK04/SES046/SA046S13	SES144	-0.498132	12.6346	13.1327
BLOCK04/SES046/SA046S13	SES147	-1.46365	11.669	13.1327
BLOCK04/SES046/SA046S13	SES177	-1.13327	11.9994	13.1327
BLOCK04/SES046/SA046S15	SES048	-0.551191	14.0141	14.5653
BLOCK04/SES046/SA046S15	SES083	-0.7195	13.8458	14.5653
BLOCK04/SES046/SA046S15	SES120	-2.23843	12.3268	14.5653
BLOCK04/SES046/SA046S15	SES148	-1.84519	12.7201	14.5653
BLOCK04/SES046/SA046S22	SES101	-0.302767	13.2486	13.5514
BLOCK04/SES046/SA046S22	SES144	-0.601223	12.9502	13.5514
BLOCK04/SES046/SA046S22	SES147	-1.73315	11.8183	13.5514
BLOCK04/SES046/SA046S22	SES172	-0.530366	13.021	13.5514
BLOCK04/SES046/SA046S25	SES083	-1.03185	11.5497	12.5815
BLOCK04/SES046/SA046S25	SES127	-1.21819	11.3633	12.5815
BLOCK04/SES046/SA046S25	SES144	-2.12744	10.4541	12.5815
BLOCK04/SES046/SA046S25	SES148	-1.8315	10.75	12.5815
BLOCK04/SES046/SA046S28	SES007	-2.01028	10.4431	12.4534
BLOCK04/SES046/SA046S28	SES105	-2.45316	10.0002	12.4534
BLOCK04/SES046/SA046S28	SES147	-2.08424	10.3691	12.4534
BLOCK04/SES046/SA046S28	SES148	-1.18681	11.2666	12.4534
BLOCK04/SES049/SA049S16	SES104	-1.09485	9.08086	10.1757
BLOCK04/SES049/SA049S16	SES106	-0.89779	9.27792	10.1757
BLOCK04/SES049/SA049S16	SES120	-1.47023	8.70548	10.1757
BLOCK04/SES049/SA049S16	SES206	-0.321566	9.85415	10.1757
BLOCK04/SES049/SA049S18	SES099	-0.379579	9.5768	9.95638
BLOCK04/SES049/SA049S18	SES104	-1.02059	8.93578	9.95638
BLOCK04/SES049/SA049S18	SES125	-2.00862	7.94775	9.95638
BLOCK04/SES049/SA049S18	SES206	-0.738106	9.21827	9.95638
BLOCK04/SES049/SA049S25	SES087	-0.809575	10.229	11.0386
BLOCK04/SES049/SA049S25	SES104	0.202115	11.2407	11.0386
BLOCK04/SES049/SA049S25	SES125	-1.54437	9.49421	11.0386
BLOCK04/SES049/SA049S25	SES206	-0.00873756	11.0298	11.0386
BLOCK04/SES049/SA049S27	SES099	-0.23124	11.0511	11.2823
BLOCK04/SES049/SA049S27	SES104	-0.494305	10.788	11.2823
BLOCK04/SES049/SA049S27	SES125	-1.22461	10.0577	11.2823
BLOCK04/SES049/SA049S27	SES206	-1.19292	10.0894	11.2823
BLOCK04/SES049/SA049S29	SES099	-0.0341167	12.2556	12.2897
BLOCK04/SES049/SA049S29	SES104	0.152625	12.4423	12.2897
BLOCK04/SES049/SA049S29	SES125	-0.755835	11.5339	12.2897
BLOCK04/SES049/SA049S29	SES206	-0.242565	12.0472	12.2897
BLOCK06/SES063/SA063S09	SES068	-1.24697	13.4639	14.7109
BLOCK06/SES063/SA063S09	SES083	-0.567885	14.143	14.7109
BLOCK06/SES063/SA063S09	SES177	-0.727981	13.9829	14.7109
BLOCK06/SES063/SA063S09	SES187	-1.20846	13.5024	14.7109
BLOCK06/SES063/SA063S10	SES068	-1.60633	11.9675	13.5738
BLOCK06/SES063/SA063S10	SES083	-0.922893	12.6509	13.5738
BLOCK06/SES063/SA063S10	SES172	-1.38	12.1938	13.5738
BLOCK06/SES063/SA063S10	SES187	-1.15943	12.4144	13.5738
BLOCK06/SES063/SA063S20	SES068	-1.10685	13.378	14.4848
BLOCK06/SES063/SA063S20	SES083	-0.0862217	14.3986	14.4848
BLOCK06/SES063/SA063S20	SES172	-0.404574	14.0802	14.4848
BLOCK06/SES063/SA063S20	SES187	-0.45499	14.0298	14.4848
BLOCK06/SES063/SA063S24	SES029	-1.22289	13.8495	15.0724
BLOCK06/SES063/SA063S24	SES083	-0.130309	14.9421	15.0724
BLOCK06/SES063/SA063S24	SES177	-0.210274	14.8621	15.0724
BLOCK06/SES063/SA063S24	SES189	-1.08607	13.9863	15.0724
BLOCK06/SES063/SA063S27	SES083	-0.0776987	13.4063	13.484
BLOCK06/SES063/SA063S27	SES172	-0.537608	12.9464	13.484
BLOCK06/SES063/SA063S27	SES187	-1.16672	12.3173	13.484
BLOCK06/SES063/SA063S27	SES292	-1.33875	12.1453	13.484
BLOCK06/SES067/SA067S12	SES083	-1.55308	13.3417	14.8948
BLOCK06/SES067/SA067S12	SES172	-1.54959	13.3452	14.8948
BLOCK06/SES067/SA067S12	SES202	-0.744384	14.1504	14.8948
BLOCK06/SES067/SA067S12	SES292	-1.58082	13.314	14.8948
BLOCK06/SES067/SA067S14	SES085	-0.892702	14.542	15.4347
BLOCK06/SES067/SA067S14	SES177	-1.14547	14.2893	15.4347
BLOCK06/SES067/SA067S14	SES183	-0.569193	14.8655	15.4347
BLOCK06/SES067/SA067S14	SES202	-0.865929	14.5688	15.4347
BLOCK06/SES067/SA067S21	SES144	-0.710425	13.5442	14.2547
BLOCK06/SES067/SA067S21	SES177	-0.678337	13.5763	14.2547
BLOCK06/SES067/SA067S21	SES183	-0.870318	13.3844	14.2547
BLOCK06/SES067/SA067S21	SES189	-1.10045	13.1542	14.2547
BLOCK06/SES067/SA067S25	SES085	-0.0902328	14.7035	14.7937
BLOCK06/SES067/SA067S25	SES177	-0.490674	14.303	14.7937
BLOCK06/SES067/SA067S25	SES183	-0.971639	13.8221	14.7937
BLOCK06/SES067/SA067S25	SES202	-0.831178	13.9625	14.7937
BLOCK06/SES067/SA067S29	SES085	-0.750197	14.8604	15.6106
BLOCK06/SES067/SA067S29	SES177	-0.871284	14.7393	15.6106
BLOCK06/SES067/SA067S29	SES183	-0.517149	15.0934	15.6106
BLOCK06/SES067/SA067S29	SES202	-0.339961	15.2706	15.6106
BLOCK06/SES069/SA069S12	SES029	-1.7363	10.7733	12.5096
BLOCK06/SES069/SA069S12	SES082	0.0669346	12.5765	12.5096
BLOCK06/SES069/SA069S12	SES087	-0.691072	11.8185	12.5096
BLOCK06/SES069/SA069S12	SES206	-0.134794	12.3748	12.5096
BLOCK06/SES069/SA069S13	SES029	-2.28326	10.6022	12.8854
BLOCK06/SES069/SA069S13	SES087	-0.725743	12.1597	12.8854
BLOCK06/SES069/SA069S13	SES206	-0.339439	12.546	12.8854
BLOCK06/SES069/SA069S13	SES226	0.309851	13.1953	12.8854
BLOCK06/SES069/SA069S23	SES029	-0.450117	14.053	14.5031
BLOCK06/SES069/SA069S23	SES087	0.036767	14.5399	14.5031
BLOCK06/SES069/SA069S23	SES206	-1.00036	13.5028	14.5031
BLOCK06/SES069/SA069S23	SES226	0.0897474	14.5929	14.5031
BLOCK06/SES069/SA069S25	SES087	-0.594028	12.9705	13.5645
BLOCK06/SES069/SA069S25	SES206	-2.01562	11.5489	13.5645
BLOCK06/SES069/SA069S25	SES226	-0.114548	13.45	13.5645
BLOCK06/SES069/SA069S25	SES270	-1.34097	12.2235	13.5645
BLOCK06/SES069/SA069S27	SES087	-1.62502	11.8317	13.4567
BLOCK06/SES069/SA069S27	SES206	-0.271454	13.1852	13.4567
BLOCK06/SES069/SA069S27	SES226	0.26704	13.7237	13.4567
BLOCK06/SES069/SA069S27	SES270	-0.807228	12.6495	13.4567
BLOCK08/SES081/SA081S11	SES060	-1.24306	12.6254	13.8685
BLOCK08/SES081/SA081S11	SES062	-1.86943	11.999	13.8685
BLOCK08/SES081/SA081S11	SES117	-2.07955	11.7889	13.8685
BLOCK08/SES081/SA081S11	SES162	-1.53128	12.3372	13.8685
BLOCK08/SES081/SA081S13	SES016	-1.50928	12.8003	14.3096
BLOCK08/SES081/SA081S13	SES060	-0.0611916	14.2484	14.3096
BLOCK08/SES081/SA081S13	SES068	-0.411522	13.8981	14.3096
BLOCK08/SES081/SA081S13	SES129	-1.57706	12.7325	14.3096
BLOCK08/SES081/SA081S24	SES060	-0.439802	13.1958	13.6357
BLOCK08/SES081/SA081S24	SES068	-0.790462	12.8452	13.6357
BLOCK08/SES081/SA081S24	SES117	-1.69352	11.9421	13.6357
BLOCK08/SES081/SA081S24	SES275	-1.76755	11.8681	13.6357
BLOCK08/SES081/SA081S27	SES007	-0.898111	12.1911	13.0892
BLOCK08/SES081/SA081S27	SES060	-0.748768	12.3404	13.0892
BLOCK08/SES081/SA081S27	SES117	-0.797417	12.2918	13.0892
BLOCK08/SES081/SA081S27	SES275	-1.48029	11.6089	13.0892
BLOCK08/SES081/SA081S29	SES007	-0.676484	13.8151	14.4916
BLOCK08/SES081/SA081S29	SES060	-0.612996	13.8786	14.4916
BLOCK08/SES081/SA081S29	SES117	-1.45995	13.0316	14.4916
BLOCK08/SES081/SA081S29	SES275	-2.06837	12.4232	14.4916
BLOCK08/SES086/SA086S11	SES029	-3.09956	7.05342	10.153
BLOCK08/SES086/SA086S11	SES082	-0.454754	9.69823	10.153
BLOCK08/SES086/SA086S11	SES087	0.761723	10.9147	10.153
BLOCK08/SES086/SA086S11	SES206	-1.25296	8.90002	10.153
BLOCK08/SES086/SA086S12	SES029	-2.06038	9.13622	11.1966
BLOCK08/SES086/SA086S12	SES082	-1.07994	10.1167	11.1966
BLOCK08/SES086/SA086S12	SES087	0.795903	11.9925	11.1966
BLOCK08/SES086/SA086S12	SES206	-0.836313	10.3603	11.1966
BLOCK08/SES086/SA086S20	SES029	-2.80386	10.0803	12.8841
BLOCK08/SES086/SA086S20	SES082	-1.66323	11.2209	12.8841
BLOCK08/SES086/SA086S20	SES087	0.220698	13.1048	12.8841
BLOCK08/SES086/SA086S20	SES206	-0.595881	12.2882	12.8841
BLOCK08/SES086/SA086S24	SES087	0.137668	11.4495	11.3118
BLOCK08/SES086/SA086S24	SES104	-1.53527	9.77652	11.3118
BLOCK08/SES086/SA086S24	SES120	-1.87899	9.43281	11.3118
BLOCK08/SES086/SA086S24	SES206	0.170043	11.4818	11.3118
BLOCK08/SES086/SA086S28	SES029	-2.00652	9.94312	11.9496
BLOCK08/SES086/SA086S28	SES082	-0.898424	11.0512	11.9496
BLOCK08/SES086/SA086S28	SES087	0.073741	12.0234	11.9496
BLOCK08/SES086/SA086S28	SES206	-0.195565	11.7541	11.9496
BLOCK08/SES089/SA089S13	SES087	-0.79465	10.1052	10.8999
BLOCK08/SES089/SA089S13	SES206	-1.16215	9.73773	10.8999
BLOCK08/SES089/SA089S13	SES226	-0.608025	10.2919	10.8999
BLOCK08/SES089/SA089S13	SES270	-1.94377	8.9561	10.8999
BLOCK08/SES089/SA089S14	SES062	-2.15875	9.96876	12.1275
BLOCK08/SES089/SA089S14	SES087	-0.0965509	12.031	12.1275
BLOCK08/SES089/SA089S14	SES206	-0.759648	11.3679	12.1275
BLOCK08/SES089/SA089S14	SES226	-0.837377	11.2901	12.1275
BLOCK08/SES089/SA089S23	SES087	-0.199409	9.19971	9.39912
BLOCK08/SES089/SA089S23	SES206	-0.376354	9.02277	9.39912
BLOCK08/SES089/SA089S23	SES226	-0.324955	9.07417	9.39912
BLOCK08/SES089/SA089S23	SES270	-1.17228	8.22685	9.39912
BLOCK08/SES089/SA089S25	SES062	-2.79179	8.80663	11.5984
BLOCK08/SES089/SA089S25	SES087	-0.32448	11.2739	11.5984
BLOCK08/SES089/SA089S25	SES206	-1.65115	9.94728	11.5984
BLOCK08/SES089/SA089S25	SES226	-0.370176	11.2282	11.5984
BLOCK08/SES089/SA089S28	SES062	-1.46003	10.0732	11.5332
BLOCK08/SES089/SA089S28	SES087	0.0369682	11.5702	11.5332
BLOCK08/SES089/SA089S28	SES206	-0.341051	11.1922	11.5332
BLOCK08/SES089/SA089S28	SES226	0.197723	11.731	11.5332
BLOCK09/SES097/SA097S11	SES099	0.685751	11.534	10.8483
BLOCK09/SES097/SA097S11	SES125	-0.369917	10.4784	10.8483
BLOCK09/SES097/SA097S11	SES206	-0.613475	10.2348	10.8483
BLOCK09/SES097/SA097S11	SES226	0.73911	11.5874	10.8483
BLOCK09/SES097/SA097S14	SES062	-1.71308	9.37524	11.0883
BLOCK09/SES097/SA097S14	SES099	-0.381527	10.7068	11.0883
BLOCK09/SES097/SA097S14	SES104	-0.59341	10.4949	11.0883
BLOCK09/SES097/SA097S14	SES206	-1.32948	9.75884	11.0883
BLOCK09/SES097/SA097S22	SES099	0.894586	11.8718	10.9772
BLOCK09/SES097/SA097S22	SES206	-0.795384	10.1819	10.9772
BLOCK09/SES097/SA097S22	SES226	-0.774169	10.2031	10.9772
BLOCK09/SES097/SA097S22	SES270	-0.151565	10.8257	10.9772
BLOCK09/SES097/SA097S26	SES099	0.461304	12.3991	11.9377
BLOCK09/SES097/SA097S26	SES120	-0.748664	11.1891	11.9377
BLOCK09/SES097/SA097S26	SES206	-0.537923	11.3998	11.9377
BLOCK09/SES097/SA097S26	SES226	-1.13394	10.8038	11.9377
BLOCK09/SES097/SA097S28	SES099	0.203711	11.5704	11.3667
BLOCK09/SES097/SA097S28	SES120	-0.84955	10.5171	11.3667
BLOCK09/SES097/SA097S28	SES206	-1.29834	10.0683	11.3667
BLOCK09/SES097/SA097S28	SES226	-1.61796	9.7487	11.3667
BLOCK09/SES098/SA098S11	SES127	-1.86048	11.038	12.8985
BLOCK09/SES098/SA098S11	SES144	-1.93899	10.9595	12.8985
BLOCK09/SES098/SA098S11	SES147	-1.14194	11.7565	12.8985
BLOCK09/SES098/SA098S11	SES148	-2.96805	9.93041	12.8985
BLOCK09/SES098/SA098S12	SES127	-2.83005	10.0672	12.8973
BLOCK09/SES098/SA098S12	SES144	-2.2559	10.6414	12.8973
BLOCK09/SES098/SA098S12	SES147	-2.10995	10.7873	12.8973
BLOCK09/SES098/SA098S12	SES189	-1.54878	11.3485	12.8973
BLOCK09/SES098/SA098S20	SES127	-2.2123	11.7511	13.9634
BLOCK09/SES098/SA098S20	SES147	-1.69377	12.2696	13.9634
BLOCK09/SES098/SA098S20	SES148	-2.88123	11.0822	13.9634
BLOCK09/SES098/SA098S20	SES292	-1.39362	12.5698	13.9634
BLOCK09/SES098/SA098S23	SES127	-1.71909	12.8321	14.5512
BLOCK09/SES098/SA098S23	SES147	-1.53853	13.0127	14.5512
BLOCK09/SES098/SA098S23	SES187	-0.844863	13.7064	14.5512
BLOCK09/SES098/SA098S23	SES292	-1.16045	13.3908	14.5512
BLOCK09/SES098/SA098S27	SES127	-3.20264	10.3361	13.5387
BLOCK09/SES098/SA098S27	SES147	-2.96459	10.5741	13.5387
BLOCK09/SES098/SA098S27	SES148	-3.1905	10.3482	13.5387
BLOCK09/SES098/SA098S27	SES292	-2.20195	11.3368	13.5387
BLOCK10/SES102/SA102S13	SES101	-0.693181	11.4225	12.1156
BLOCK10/SES102/SA102S13	SES105	-0.991587	11.1241	12.1156
BLOCK10/SES102/SA102S13	SES120	-1.7619	10.3537	12.1156
BLOCK10/SES102/SA102S13	SES158	-1.97758	10.1381	12.1156
BLOCK10/SES102/SA102S14	SES007	-0.522497	13.1268	13.6492
BLOCK10/SES102/SA102S14	SES101	-0.150884	13.4984	13.6492
BLOCK10/SES102/SA102S14	SES105	-0.167497	13.4818	13.6492
BLOCK10/SES102/SA102S14	SES147	-3.46958	10.1797	13.6492
BLOCK10/SES102/SA102S22	SES007	-1.19688	11.9111	13.1079
BLOCK10/SES102/SA102S22	SES101	0.0102386	13.1182	13.1079
BLOCK10/SES102/SA102S22	SES105	-0.688979	12.419	13.1079
BLOCK10/SES102/SA102S22	SES158	-1.98131	11.1266	13.1079
BLOCK10/SES102/SA102S25	SES007	-0.660657	13.155	13.8157
BLOCK10/SES102/SA102S25	SES101	-0.320117	13.4956	13.8157
BLOCK10/SES102/SA102S25	SES105	-1.01645	12.7993	13.8157
BLOCK10/SES102/SA102S25	SES147	-3.24413	10.5716	13.8157
BLOCK10/SES102/SA102S27	SES007	-0.83317	12.3655	13.1987
BLOCK10/SES102/SA102S27	SES101	0.256775	13.4555	13.1987
BLOCK10/SES102/SA102S27	SES105	-0.961429	12.2373	13.1987
BLOCK10/SES102/SA102S27	SES147	-2.27392	10.9248	13.1987
BLOCK10/SES103/SA103S14	SES105	-1.9079	7.84075	9.74865
BLOCK10/SES103/SA103S14	SES106	-0.705517	9.04313	9.74865
BLOCK10/SES103/SA103S14	SES120	-2.00483	7.74382	9.74865
BLOCK10/SES103/SA103S14	SES206	-1.71371	8.03494	9.74865
BLOCK10/SES103/SA103S15	SES099	-0.973309	7.19795	8.17126
BLOCK10/SES103/SA103S15	SES101	-2.97803	5.19323	8.17126
BLOCK10/SES103/SA103S15	SES104	-0.974463	7.1968	8.17126
BLOCK10/SES103/SA103S15	SES125	-0.518318	7.65294	8.17126
BLOCK10/SES103/SA103S24	SES104	-1.33676	9.89186	11.2286
BLOCK10/SES103/SA103S24	SES125	-1.43479	9.79382	11.2286
BLOCK10/SES103/SA103S24	SES148	-2.93012	8.29849	11.2286
BLOCK10/SES103/SA103S24	SES158	-1.16953	10.0591	11.2286
BLOCK10/SES103/SA103S26	SES104	-1.64988	7.39153	9.0414
BLOCK10/SES103/SA103S26	SES106	-0.471699	8.5697	9.0414
BLOCK10/SES103/SA103S26	SES125	-1.51925	7.52215	9.0414
BLOCK10/SES103/SA103S26	SES148	-3.8647	5.1767	9.0414
BLOCK10/SES103/SA103S28	SES104	-2.38682	5.86008	8.2469
BLOCK10/SES103/SA103S28	SES106	-0.446267	7.80063	8.2469
BLOCK10/SES103/SA103S28	SES125	-1.72774	6.51917	8.2469
BLOCK10/SES103/SA103S28	SES206	-2.11463	6.13227	8.2469
BLOCK12/SES121/SA121S12	SES042	-1.64753	5.7027	7.35024
BLOCK12/SES121/SA121S12	SES087	-1.2779	6.07234	7.35024
BLOCK12/SES121/SA121S12	SES105	-0.674655	6.67558	7.35024
BLOCK12/SES121/SA121S12	SES206	-1.57628	5.77396	7.35024
BLOCK12/SES121/SA121S14	SES007	-2.09251	5.87595	7.96847
BLOCK12/SES121/SA121S14	SES105	-1.3091	6.65937	7.96847
BLOCK12/SES121/SA121S14	SES106	-1.04375	6.92472	7.96847
BLOCK12/SES121/SA121S14	SES206	-2.1417	5.82677	7.96847
BLOCK12/SES121/SA121S23	SES105	-0.693774	8.0887	8.78247
BLOCK12/SES121/SA121S23	SES106	0.675561	9.45803	8.78247
BLOCK12/SES121/SA121S23	SES120	-0.835195	7.94728	8.78247
BLOCK12/SES121/SA121S23	SES206	-0.522043	8.26043	8.78247
BLOCK12/SES121/SA121S25	SES007	-1.37898	4.70508	6.08407
BLOCK12/SES121/SA121S25	SES105	-1.09049	4.99358	6.08407
BLOCK12/SES121/SA121S25	SES106	-0.735463	5.34861	6.08407
BLOCK12/SES121/SA121S25	SES206	-2.0529	4.03117	6.08407
BLOCK12/SES121/SA121S27	SES087	-0.700672	7.64451	8.34519
BLOCK12/SES121/SA121S27	SES105	-2.55718	5.788	8.34519
BLOCK12/SES121/SA121S27	SES120	-0.141245	8.20394	8.34519
BLOCK12/SES121/SA121S27	SES206	-1.14213	7.20306	8.34519
BLOCK12/SES124/SA124S16	SES042	0.111868	10.9886	10.8768
BLOCK12/SES124/SA124S16	SES082	-1.16385	9.71291	10.8768
BLOCK12/SES124/SA124S16	SES183	-2.05793	8.81884	10.8768
BLOCK12/SES124/SA124S16	SES206	-1.64217	9.23459	10.8768
BLOCK12/SES124/SA124S17	SES105	-2.01003	7.23528	9.24531
BLOCK12/SES124/SA124S17	SES149	-2.57212	6.6732	9.24531
BLOCK12/SES124/SA124S17	SES158	-2.31887	6.92645	9.24531
BLOCK12/SES124/SA124S17	SES275	-1.51731	7.72801	9.24531
BLOCK12/SES124/SA124S23	SES105	-2.30926	10.0888	12.398
BLOCK12/SES124/SA124S23	SES125	0.198531	12.5966	12.398
BLOCK12/SES124/SA124S23	SES129	-2.23689	10.1612	12.398
BLOCK12/SES124/SA124S23	SES158	-0.705203	11.6928	12.398
BLOCK12/SES124/SA124S26	SES105	-2.87835	8.9261	11.8045
BLOCK12/SES124/SA124S26	SES125	-0.824711	10.9797	11.8045
BLOCK12/SES124/SA124S26	SES129	-2.61734	9.18711	11.8045
BLOCK12/SES124/SA124S26	SES158	-1.29972	10.5047	11.8045
BLOCK12/SES124/SA124S28	SES104	-0.615809	10.9131	11.529
BLOCK12/SES124/SA124S28	SES106	-0.306662	11.2223	11.529
BLOCK12/SES124/SA124S28	SES125	0.301436	11.8304	11.529
BLOCK12/SES124/SA124S28	SES275	-1.93908	9.58988	11.529
BLOCK12/SES126/SA126S13	SES007	-1.23418	10.935	12.1692
BLOCK12/SES126/SA126S13	SES162	-1.51141	10.6578	12.1692
BLOCK12/SES126/SA126S13	SES177	-0.957203	11.212	12.1692
BLOCK12/SES126/SA126S13	SES180	-1.68291	10.4863	12.1692
BLOCK12/SES126/SA126S14	SES144	-0.424958	13.8301	14.2551
BLOCK12/SES126/SA126S14	SES148	-1.42152	12.8336	14.2551
BLOCK12/SES126/SA126S14	SES177	-0.166685	14.0884	14.2551
BLOCK12/SES126/SA126S14	SES180	-1.714	12.5411	14.2551
BLOCK12/SES126/SA126S20	SES007	-0.924027	12.2139	13.1379
BLOCK12/SES126/SA126S20	SES162	-1.23788	11.9001	13.1379
BLOCK12/SES126/SA126S20	SES172	-1.61538	11.5225	13.1379
BLOCK12/SES126/SA126S20	SES180	-1.41051	11.7274	13.1379
BLOCK12/SES126/SA126S24	SES120	-0.749886	14.0856	14.8354
BLOCK12/SES126/SA126S24	SES162	-1.15659	13.6789	14.8354
BLOCK12/SES126/SA126S24	SES177	-0.108097	14.7273	14.8354
BLOCK12/SES126/SA126S24	SES180	-0.399967	14.4355	14.8354
BLOCK12/SES126/SA126S26	SES120	-0.203025	12.8951	13.0981
BLOCK12/SES126/SA126S26	SES177	-0.559188	12.5389	13.0981
BLOCK12/SES126/SA126S26	SES180	-1.03761	12.0605	13.0981
BLOCK12/SES126/SA126S26	SES202	-1.447	11.6511	13.0981
BLOCK12/SES128/SA128S10	SES087	-2.0789	9.87444	11.9533
BLOCK12/SES128/SA128S10	SES206	-1.42644	10.5269	11.9533
BLOCK12/SES128/SA128S10	SES226	-0.289948	11.6634	11.9533
BLOCK12/SES128/SA128S10	SES270	-0.56448	11.3889	11.9533
BLOCK12/SES128/SA128S12	SES120	-1.06162	10.4095	11.4711
BLOCK12/SES128/SA128S12	SES158	-1.6147	9.85639	11.4711
BLOCK12/SES128/SA128S12	SES206	-0.971007	10.5001	11.4711
BLOCK12/SES128/SA128S12	SES226	-1.39177	10.0793	11.4711
BLOCK12/SES128/SA128S21	SES106	-2.09835	8.73734	10.8357
BLOCK12/SES128/SA128S21	SES120	-1.95081	8.88489	10.8357
BLOCK12/SES128/SA128S21	SES206	-1.27059	9.56511	10.8357
BLOCK12/SES128/SA128S21	SES226	-0.586899	10.2488	10.8357
BLOCK12/SES128/SA128S24	SES087	-1.35604	9.23787	10.5939
BLOCK12/SES128/SA128S24	SES120	-0.652661	9.94125	10.5939
BLOCK12/SES128/SA128S24	SES206	-0.90262	9.69129	10.5939
BLOCK12/SES128/SA128S24	SES226	-1.04966	9.54425	10.5939
BLOCK12/SES128/SA128S27	SES099	-0.872567	11.8032	12.6758
BLOCK12/SES128/SA128S27	SES120	-0.59666	12.0791	12.6758
BLOCK12/SES128/SA128S27	SES206	-0.986486	11.6893	12.6758
BLOCK12/SES128/SA128S27	SES226	-0.767834	11.908	12.6758
BLOCK13/SES130/SA130S13	SES143	-1.12288	11.1844	12.3072
BLOCK13/SES130/SA130S13	SES144	-0.679786	11.6275	12.3072
BLOCK13/SES130/SA130S13	SES146	-0.928389	11.3789	12.3072
BLOCK13/SES130/SA130S13	SES275	-2.16943	10.1378	12.3072
BLOCK13/SES130/SA130S15	SES143	-1.5126	12.4034	13.916
BLOCK13/SES130/SA130S15	SES144	-0.4686	13.4474	13.916
BLOCK13/SES130/SA130S15	SES146	-0.627336	13.2887	13.916
BLOCK13/SES130/SA130S15	SES275	-1.26351	12.6525	13.916
BLOCK13/SES130/SA130S23	SES127	-1.66394	9.99971	11.6636
BLOCK13/SES130/SA130S23	SES144	-1.31981	10.3438	11.6636
BLOCK13/SES130/SA130S23	SES146	-0.627725	11.0359	11.6636
BLOCK13/SES130/SA130S23	SES162	-0.840944	10.8227	11.6636
BLOCK13/SES130/SA130S25	SES127	-0.841747	12.5358	13.3775
BLOCK13/SES130/SA130S25	SES144	-0.78862	12.5889	13.3775
BLOCK13/SES130/SA130S25	SES146	-0.128016	13.2495	13.3775
BLOCK13/SES130/SA130S25	SES275	-1.00304	12.3745	13.3775
BLOCK13/SES130/SA130S28	SES127	-1.03244	11.6771	12.7096
BLOCK13/SES130/SA130S28	SES144	-1.3588	11.3508	12.7096
BLOCK13/SES130/SA130S28	SES146	-0.591496	12.1181	12.7096
BLOCK13/SES130/SA130S28	SES275	-0.866871	11.8427	12.7096
BLOCK13/SES131/SA131S13	SES002	-1.47358	6.70557	8.17915
BLOCK13/SES131/SA131S13	SES007	-1.86502	6.31413	8.17915
BLOCK13/SES131/SA131S13	SES099	-1.31534	6.8638	8.17915
BLOCK13/SES131/SA131S13	SES105	-1.29229	6.88686	8.17915
BLOCK13/SES131/SA131S14	SES104	-0.0579653	9.89323	9.9512
BLOCK13/SES131/SA131S14	SES106	-0.342346	9.60885	9.9512
BLOCK13/SES131/SA131S14	SES125	-0.706524	9.24467	9.9512
BLOCK13/SES131/SA131S14	SES148	-0.888369	9.06283	9.9512
BLOCK13/SES131/SA131S20	SES104	-2.10742	6.26699	8.37441
BLOCK13/SES131/SA131S20	SES106	-1.13569	7.23872	8.37441
BLOCK13/SES131/SA131S20	SES125	-2.15731	6.2171	8.37441
BLOCK13/SES131/SA131S20	SES148	-1.49997	6.87444	8.37441
BLOCK13/SES131/SA131S22	SES099	-0.972022	8.83332	9.80534
BLOCK13/SES131/SA131S22	SES104	-1.66525	8.1401	9.80534
BLOCK13/SES131/SA131S22	SES125	-1.47048	8.33486	9.80534
BLOCK13/SES131/SA131S22	SES206	-1.87805	7.92729	9.80534
BLOCK13/SES131/SA131S29	SES087	-1.1637	7.74132	8.90502
BLOCK13/SES131/SA131S29	SES104	-2.43547	6.46955	8.90502
BLOCK13/SES131/SA131S29	SES125	-2.29614	6.60888	8.90502
BLOCK13/SES131/SA131S29	SES206	-2.11502	6.79	8.90502
BLOCK13/SES132/SA132S11	SES083	-1.62892	12.7567	14.3856
BLOCK13/SES132/SA132S11	SES120	-0.2964	14.0892	14.3856
BLOCK13/SES132/SA132S11	SES127	-1.0415	13.3441	14.3856
BLOCK13/SES132/SA132S11	SES275	-1.34298	13.0426	14.3856
BLOCK13/SES132/SA132S12	SES083	-2.31986	10.6444	12.9643
BLOCK13/SES132/SA132S12	SES143	-1.26215	11.7021	12.9643
BLOCK13/SES132/SA132S12	SES144	-0.981604	11.9827	12.9643
BLOCK13/SES132/SA132S12	SES148	-1.07198	11.8923	12.9643
BLOCK13/SES132/SA132S22	SES062	-0.778544	13.4838	14.2623
BLOCK13/SES132/SA132S22	SES083	-1.19495	13.0674	14.2623
BLOCK13/SES132/SA132S22	SES127	-0.867386	13.3949	14.2623
BLOCK13/SES132/SA132S22	SES275	-1.17398	13.0883	14.2623
BLOCK13/SES132/SA132S24	SES007	-0.8189	13.942	14.7609
BLOCK13/SES132/SA132S24	SES083	-1.53408	13.2268	14.7609
BLOCK13/SES132/SA132S24	SES127	-1.39718	13.3637	14.7609
BLOCK13/SES132/SA132S24	SES275	-1.19878	13.5621	14.7609
BLOCK13/SES132/SA132S27	SES083	-1.59058	11.9612	13.5518
BLOCK13/SES132/SA132S27	SES120	0.152563	13.7044	13.5518
BLOCK13/SES132/SA132S27	SES127	-1.58362	11.9682	13.5518
BLOCK13/SES132/SA132S27	SES275	-1.7965	11.7553	13.5518
BLOCK14/SES141/SA141S09	SES143	-0.86054	12.9009	13.7614
BLOCK14/SES141/SA141S09	SES144	-0.424245	13.3372	13.7614
BLOCK14/SES141/SA141S09	SES162	-1.13924	12.6222	13.7614
BLOCK14/SES141/SA141S09	SES180	-0.88581	12.8756	13.7614
BLOCK14/SES141/SA141S15	SES127	-0.790916	13.4269	14.2179
BLOCK14/SES141/SA141S15	SES144	-0.947509	13.2704	14.2179
BLOCK14/SES141/SA141S15	SES162	-1.63348	12.5844	14.2179
BLOCK14/SES141/SA141S15	SES180	-1.12352	13.0943	14.2179
BLOCK14/SES141/SA141S24	SES127	-0.548916	13.7905	14.3395
BLOCK14/SES141/SA141S24	SES144	-0.940878	13.3986	14.3395
BLOCK14/SES141/SA141S24	SES162	-1.01201	13.3275	14.3395
BLOCK14/SES141/SA141S24	SES183	-1.62236	12.7171	14.3395
BLOCK14/SES141/SA141S26	SES142	-0.687479	13.5724	14.2599
BLOCK14/SES141/SA141S26	SES144	-0.581135	13.6787	14.2599
BLOCK14/SES141/SA141S26	SES172	-0.267084	13.9928	14.2599
BLOCK14/SES141/SA141S26	SES180	-0.781672	13.4782	14.2599
BLOCK14/SES141/SA141S29	SES127	-0.263282	14.1129	14.3762
BLOCK14/SES141/SA141S29	SES142	-0.0983028	14.2778	14.3762
BLOCK14/SES141/SA141S29	SES144	-0.768631	13.6075	14.3762
BLOCK14/SES141/SA141S29	SES180	-0.572166	13.804	14.3762
BLOCK15/SES157/SA157S08	SES083	-1.78579	11.7817	13.5675
BLOCK15/SES157/SA157S08	SES127	-0.820216	12.7472	13.5675
BLOCK15/SES157/SA157S08	SES148	-1.34329	12.2242	13.5675
BLOCK15/SES157/SA157S08	SES292	-1.7997	11.7678	13.5675
BLOCK15/SES157/SA157S11	SES083	-1.924	11.2671	13.1911
BLOCK15/SES157/SA157S11	SES127	-1.40801	11.7831	13.1911
BLOCK15/SES157/SA157S11	SES148	-2.05434	11.1368	13.1911
BLOCK15/SES157/SA157S11	SES292	-1.96551	11.2256	13.1911
BLOCK15/SES157/SA157S21	SES127	-0.841389	12.1698	13.0112
BLOCK15/SES157/SA157S21	SES148	-0.546577	12.4647	13.0112
BLOCK15/SES157/SA157S21	SES158	-4.4473	8.56394	13.0112
BLOCK15/SES157/SA157S21	SES292	-1.28573	11.7255	13.0112
BLOCK15/SES157/SA157S24	SES127	-0.542147	13.1407	13.6828
BLOCK15/SES157/SA157S24	SES148	-1.40597	12.2768	13.6828
BLOCK15/SES157/SA157S24	SES183	-1.62198	12.0608	13.6828
BLOCK15/SES157/SA157S24	SES292	-1.7741	11.9087	13.6828
BLOCK15/SES157/SA157S26	SES007	-0.642353	12.102	12.7444
BLOCK15/SES157/SA157S26	SES127	-0.900428	11.8439	12.7444
BLOCK15/SES157/SA157S26	SES147	-2.26199	10.4824	12.7444
BLOCK15/SES157/SA157S26	SES148	-1.1475	11.5969	12.7444
BLOCK16/SES161/SA161S10	SES007	-1.43803	8.35323	9.79127
BLOCK16/SES161/SA161S10	SES105	-1.03965	8.75162	9.79127
BLOCK16/SES161/SA161S10	SES158	-1.08878	8.70249	9.79127
BLOCK16/SES161/SA161S10	SES275	-1.15789	8.63337	9.79127
BLOCK16/SES161/SA161S12	SES007	-1.55317	8.31551	9.86867
BLOCK16/SES161/SA161S12	SES105	-1.91352	7.95515	9.86867
BLOCK16/SES161/SA161S12	SES158	-1.07932	8.78935	9.86867
BLOCK16/SES161/SA161S12	SES275	-0.83763	9.03104	9.86867
BLOCK16/SES161/SA161S20	SES007	-1.54516	7.50592	9.05108
BLOCK16/SES161/SA161S20	SES105	-2.11792	6.93316	9.05108
BLOCK16/SES161/SA161S20	SES158	-0.769048	8.28203	9.05108
BLOCK16/SES161/SA161S20	SES275	-1.6259	7.42518	9.05108
BLOCK16/SES161/SA161S23	SES007	-2.20366	8.46157	10.6652
BLOCK16/SES161/SA161S23	SES105	-1.15584	9.50939	10.6652
BLOCK16/SES161/SA161S23	SES148	-1.49424	9.17099	10.6652
BLOCK16/SES161/SA161S23	SES158	-1.58931	9.07592	10.6652
BLOCK16/SES161/SA161S28	SES007	-1.96281	8.59746	10.5603
BLOCK16/SES161/SA161S28	SES105	-1.90707	8.65321	10.5603
BLOCK16/SES161/SA161S28	SES158	-0.737067	9.8232	10.5603
BLOCK16/SES161/SA161S28	SES206	-0.904487	9.65579	10.5603
BLOCK16/SES164/SA164S11	SES104	-0.899608	10.8232	11.7228
BLOCK16/SES164/SA164S11	SES125	-0.555261	11.1676	11.7228
BLOCK16/SES164/SA164S11	SES158	-0.165401	11.5574	11.7228
BLOCK16/SES164/SA164S11	SES206	-1.26268	10.4601	11.7228
BLOCK16/SES164/SA164S13	SES099	-0.990785	9.26522	10.256
BLOCK16/SES164/SA164S13	SES104	-1.20321	9.0528	10.256
BLOCK16/SES164/SA164S13	SES125	-0.995268	9.26074	10.256
BLOCK16/SES164/SA164S13	SES206	-0.834742	9.42127	10.256
BLOCK16/SES164/SA164S24	SES002	0.519258	11.5626	11.0434
BLOCK16/SES164/SA164S24	SES099	-0.741235	10.3021	11.0434
BLOCK16/SES164/SA164S24	SES125	-1.16811	9.87525	11.0434
BLOCK16/SES164/SA164S24	SES226	0.250745	11.2941	11.0434
BLOCK16/SES164/SA164S27	SES087	-0.793561	9.54419	10.3378
BLOCK16/SES164/SA164S27	SES125	-1.06981	9.26794	10.3378
BLOCK16/SES164/SA164S27	SES206	-1.21184	9.12592	10.3378
BLOCK16/SES164/SA164S27	SES226	-0.361288	9.97646	10.3378
BLOCK16/SES164/SA164S29	SES002	0.371645	10.9245	10.5529
BLOCK16/SES164/SA164S29	SES019	-1.08725	9.46562	10.5529
BLOCK16/SES164/SA164S29	SES125	-0.75598	9.79689	10.5529
BLOCK16/SES164/SA164S29	SES226	-0.924096	9.62877	10.5529
BLOCK16/SES169/SA169S13	SES117	-1.27274	10.6836	11.9564
BLOCK16/SES169/SA169S13	SES144	-0.685877	11.2705	11.9564
BLOCK16/SES169/SA169S13	SES146	-0.815969	11.1404	11.9564
BLOCK16/SES169/SA169S13	SES162	-0.644725	11.3116	11.9564
BLOCK16/SES169/SA169S14	SES144	-1.65441	11.6186	13.273
BLOCK16/SES169/SA169S14	SES148	-1.42311	11.8499	13.273
BLOCK16/SES169/SA169S14	SES177	-1.31427	11.9588	13.273
BLOCK16/SES169/SA169S14	SES180	-1.5624	11.7106	13.273
BLOCK16/SES169/SA169S24	SES117	-1.1611	9.95852	11.1196
BLOCK16/SES169/SA169S24	SES144	-0.535362	10.5843	11.1196
BLOCK16/SES169/SA169S24	SES146	-0.446586	10.673	11.1196
BLOCK16/SES169/SA169S24	SES162	-0.350954	10.7687	11.1196
BLOCK16/SES169/SA169S27	SES127	-1.13588	10.8267	11.9626
BLOCK16/SES169/SA169S27	SES129	-0.715553	11.247	11.9626
BLOCK16/SES169/SA169S27	SES144	-1.15725	10.8053	11.9626
BLOCK16/SES169/SA169S27	SES146	-0.227652	11.7349	11.9626
BLOCK16/SES169/SA169S29	SES144	-0.873098	12.1056	12.9787
BLOCK16/SES169/SA169S29	SES162	-0.394938	12.5838	12.9787
BLOCK16/SES169/SA169S29	SES177	-1.67817	11.3005	12.9787
BLOCK16/SES169/SA169S29	SES180	-1.1587	11.82	12.9787
BLOCK17/SES171/SA171S12	SES083	-1.10768	11.2088	12.3165
BLOCK17/SES171/SA171S12	SES148	-1.87125	10.4452	12.3165
BLOCK17/SES171/SA171S12	SES172	-0.926975	11.3895	12.3165
BLOCK17/SES171/SA171S12	SES292	-1.47924	10.8372	12.3165
BLOCK17/SES171/SA171S15	SES148	-1.76979	10.2989	12.0687
BLOCK17/SES171/SA171S15	SES177	-0.508829	11.5598	12.0687
BLOCK17/SES171/SA171S15	SES180	-2.22119	9.84747	12.0687
BLOCK17/SES171/SA171S15	SES292	-1.6262	10.4425	12.0687
BLOCK17/SES171/SA171S22	SES007	-1.15672	11.9919	13.1486
BLOCK17/SES171/SA171S22	SES148	-1.57965	11.5689	13.1486
BLOCK17/SES171/SA171S22	SES177	-0.706739	12.4418	13.1486
BLOCK17/SES171/SA171S22	SES180	-2.38574	10.7628	13.1486
BLOCK17/SES171/SA171S25	SES101	-0.931505	12.7114	13.6429
BLOCK17/SES171/SA171S25	SES120	-2.30206	11.3408	13.6429
BLOCK17/SES171/SA171S25	SES177	-0.602979	13.0399	13.6429
BLOCK17/SES171/SA171S25	SES180	-1.78911	11.8538	13.6429
BLOCK17/SES171/SA171S27	SES177	-0.323369	12.6627	12.9861
BLOCK17/SES171/SA171S27	SES180	-2.19176	10.7943	12.9861
BLOCK17/SES171/SA171S27	SES189	-0.934106	12.052	12.9861
BLOCK17/SES171/SA171S27	SES292	-1.37798	11.6081	12.9861
BLOCK17/SES173/SA173S13	SES162	-2.56693	11.4855	14.0525
BLOCK17/SES173/SA173S13	SES177	-0.933288	13.1192	14.0525
BLOCK17/SES173/SA173S13	SES180	-2.4621	11.5904	14.0525
BLOCK17/SES173/SA173S13	SES292	-0.732566	13.3199	14.0525
BLOCK17/SES173/SA173S14	SES007	-1.30359	10.6098	11.9134
BLOCK17/SES173/SA173S14	SES162	-1.95573	9.95764	11.9134
BLOCK17/SES173/SA173S14	SES177	-0.734278	11.1791	11.9134
BLOCK17/SES173/SA173S14	SES180	-2.23433	9.67905	11.9134
BLOCK17/SES173/SA173S24	SES144	-1.62029	10.508	12.1283
BLOCK17/SES173/SA173S24	SES162	-1.62805	10.5003	12.1283
BLOCK17/SES173/SA173S24	SES177	-0.715536	11.4128	12.1283
BLOCK17/SES173/SA173S24	SES180	-2.27631	9.852	12.1283
BLOCK17/SES173/SA173S27	SES162	-2.7071	11.5828	14.2899
BLOCK17/SES173/SA173S27	SES177	-0.839254	13.4506	14.2899
BLOCK17/SES173/SA173S27	SES180	-1.70616	12.5837	14.2899
BLOCK17/SES173/SA173S27	SES292	-0.58651	13.7033	14.2899
BLOCK17/SES173/SA173S29	SES162	-1.5736	11.5113	13.0849
BLOCK17/SES173/SA173S29	SES175	-0.912229	12.1727	13.0849
BLOCK17/SES173/SA173S29	SES177	-0.520929	12.564	13.0849
BLOCK17/SES173/SA173S29	SES292	-1.69452	11.3904	13.0849
BLOCK18/SES182/SA182S10	SES144	-1.33374	11.1244	12.4581
BLOCK18/SES182/SA182S10	SES177	-1.36014	11.098	12.4581
BLOCK18/SES182/SA182S10	SES180	-1.79668	10.6614	12.4581
BLOCK18/SES182/SA182S10	SES275	-0.372673	12.0854	12.4581
BLOCK18/SES182/SA182S12	SES144	-0.170125	13.1478	13.318
BLOCK18/SES182/SA182S12	SES177	-0.361977	12.956	13.318
BLOCK18/SES182/SA182S12	SES180	-0.905261	12.4127	13.318
BLOCK18/SES182/SA182S12	SES275	-0.346413	12.9715	13.318
BLOCK18/SES182/SA182S21	SES117	-0.851117	11.4738	12.3249
BLOCK18/SES182/SA182S21	SES144	-0.77492	11.55	12.3249
BLOCK18/SES182/SA182S21	SES162	-0.615342	11.7096	12.3249
BLOCK18/SES182/SA182S21	SES180	-1.38309	10.9418	12.3249
BLOCK18/SES182/SA182S23	SES117	-0.62654	12.5152	13.1417
BLOCK18/SES182/SA182S23	SES144	-1.13387	12.0078	13.1417
BLOCK18/SES182/SA182S23	SES180	-1.42043	11.7213	13.1417
BLOCK18/SES182/SA182S23	SES275	-0.642083	12.4996	13.1417
BLOCK18/SES182/SA182S25	SES007	0.36133	13.3811	13.0197
BLOCK18/SES182/SA182S25	SES162	-0.502503	12.5172	13.0197
BLOCK18/SES182/SA182S25	SES177	-0.450813	12.5689	13.0197
BLOCK18/SES182/SA182S25	SES180	-1.24383	11.7759	13.0197
BLOCK18/SES184/SA184S12	SES177	-1.0005	12.5699	13.5704
BLOCK18/SES184/SA184S12	SES180	-1.75351	11.8169	13.5704
BLOCK18/SES184/SA184S12	SES189	-2.23525	11.3351	13.5704
BLOCK18/SES184/SA184S12	SES292	-1.45795	12.1124	13.5704
BLOCK18/SES184/SA184S13	SES101	-1.26121	12.0255	13.2867
BLOCK18/SES184/SA184S13	SES177	-1.29054	11.9961	13.2867
BLOCK18/SES184/SA184S13	SES180	-1.54841	11.7383	13.2867
BLOCK18/SES184/SA184S13	SES292	-1.86244	11.4242	13.2867
BLOCK18/SES184/SA184S22	SES177	-1.3756	13.9195	15.2951
BLOCK18/SES184/SA184S22	SES180	-1.45766	13.8374	15.2951
BLOCK18/SES184/SA184S22	SES189	-2.47404	12.8211	15.2951
BLOCK18/SES184/SA184S22	SES292	-1.61828	13.6768	15.2951
BLOCK18/SES184/SA184S25	SES101	-1.08446	14.2226	15.307
BLOCK18/SES184/SA184S25	SES177	-1.57177	13.7353	15.307
BLOCK18/SES184/SA184S25	SES180	-1.31518	13.9918	15.307
BLOCK18/SES184/SA184S25	SES292	-1.59033	13.7167	15.307
BLOCK18/SES184/SA184S27	SES083	-1.25465	11.7356	12.9903
BLOCK18/SES184/SA184S27	SES177	-0.908296	12.082	12.9903
BLOCK18/SES184/SA184S27	SES202	-1.40241	11.5879	12.9903
BLOCK18/SES184/SA184S27	SES292	-1.30967	11.6806	12.9903
BLOCK20/SES204/SA204S12	SES062	-1.05048	11.9257	12.9762
BLOCK20/SES204/SA204S12	SES083	-1.99157	10.9846	12.9762
BLOCK20/SES204/SA204S12	SES206	-1.17625	11.7999	12.9762
BLOCK20/SES204/SA204S12	SES226	-1.98403	10.9921	12.9762
BLOCK20/SES204/SA204S14	SES068	-0.906821	13.274	14.1808
BLOCK20/SES204/SA204S14	SES087	-0.158381	14.0224	14.1808
BLOCK20/SES204/SA204S14	SES206	-1.85049	12.3303	14.1808
BLOCK20/SES204/SA204S14	SES226	-1.73227	12.4486	14.1808
BLOCK20/SES204/SA204S22	SES068	-0.985904	11.7074	12.6933
BLOCK20/SES204/SA204S22	SES082	-2.4775	10.2158	12.6933
BLOCK20/SES204/SA204S22	SES083	-3.00009	9.69318	12.6933
BLOCK20/SES204/SA204S22	SES206	-1.56883	11.1244	12.6933
BLOCK20/SES204/SA204S25	SES062	-1.32992	11.6622	12.9922
BLOCK20/SES204/SA204S25	SES083	-2.23363	10.7585	12.9922
BLOCK20/SES204/SA204S25	SES206	-1.05398	11.9382	12.9922
BLOCK20/SES204/SA204S25	SES226	-1.55068	11.4415	12.9922
BLOCK20/SES204/SA204S27	SES068	-0.537498	11.4326	11.9701
BLOCK20/SES204/SA204S27	SES082	-2.13802	9.83207	11.9701
BLOCK20/SES204/SA204S27	SES087	-0.399439	11.5707	11.9701
BLOCK20/SES204/SA204S27	SES206	-1.21371	10.7564	11.9701
BLOCK20/SES207/SA207S10	SES127	-1.33325	11.3034	12.6366
BLOCK20/SES207/SA207S10	SES183	-1.95191	10.6847	12.6366
BLOCK20/SES207/SA207S10	SES189	-1.41107	11.2255	12.6366
BLOCK20/SES207/SA207S10	SES292	-1.21893	11.4177	12.6366
BLOCK20/SES207/SA207S11	SES127	-1.66093	10.6178	12.2787
BLOCK20/SES207/SA207S11	SES183	-1.58016	10.6986	12.2787
BLOCK20/SES207/SA207S11	SES187	-1.35647	10.9222	12.2787
BLOCK20/SES207/SA207S11	SES292	-0.927976	11.3507	12.2787
BLOCK20/SES207/SA207S25	SES068	-1.511	11.8897	13.4007
BLOCK20/SES207/SA207S25	SES083	-1.56256	11.8381	13.4007
BLOCK20/SES207/SA207S25	SES127	-0.920196	12.4805	13.4007
BLOCK20/SES207/SA207S25	SES187	-1.02627	12.3744	13.4007
BLOCK20/SES207/SA207S27	SES127	-1.81486	9.84602	11.6609
BLOCK20/SES207/SA207S27	SES183	-1.17115	10.4897	11.6609
BLOCK20/SES207/SA207S27	SES187	-1.99937	9.66151	11.6609
BLOCK20/SES207/SA207S27	SES292	-1.91685	9.74403	11.6609
BLOCK20/SES207/SA207S29	SES083	-1.63886	12.3412	13.9801
BLOCK20/SES207/SA207S29	SES085	-1.167	12.8131	13.9801
BLOCK20/SES207/SA207S29	SES172	-0.264501	13.7156	13.9801
BLOCK20/SES207/SA207S29	SES189	-2.01555	11.9645	13.9801
BLOCK22/SES221/SA221S12	SES068	-0.0180101	15.1925	15.2105
BLOCK22/SES221/SA221S12	SES143	-1.48507	13.7254	15.2105
BLOCK22/SES221/SA221S12	SES175	-0.257593	14.9529	15.2105
BLOCK22/SES221/SA221S12	SES202	-0.818791	14.3917	15.2105
BLOCK22/SES221/SA221S15	SES085	-0.208825	13.2316	13.4404
BLOCK22/SES221/SA221S15	SES143	-1.82356	11.6168	13.4404
BLOCK22/SES221/SA221S15	SES175	-0.120607	13.3198	13.4404
BLOCK22/SES221/SA221S15	SES187	-0.860546	12.5798	13.4404
BLOCK22/SES221/SA221S23	SES068	-0.748958	14.1251	14.8741
BLOCK22/SES221/SA221S23	SES143	-1.8585	13.0156	14.8741
BLOCK22/SES221/SA221S23	SES175	-0.341554	14.5325	14.8741
BLOCK22/SES221/SA221S23	SES189	-0.408809	14.4653	14.8741
BLOCK22/SES221/SA221S27	SES085	0.513139	16.0923	15.5792
BLOCK22/SES221/SA221S27	SES143	-0.969643	14.6095	15.5792
BLOCK22/SES221/SA221S27	SES175	0.0942507	15.6734	15.5792
BLOCK22/SES221/SA221S27	SES189	-0.0819721	15.4972	15.5792
BLOCK22/SES221/SA221S29	SES085	0.389847	15.23	14.8401
BLOCK22/SES221/SA221S29	SES143	-1.09337	13.7468	14.8401
BLOCK22/SES221/SA221S29	SES175	0.226756	15.0669	14.8401
BLOCK22/SES221/SA221S29	SES187	-0.496672	14.3435	14.8401
BLOCK22/SES223/SA223S11	SES143	-1.37055	12.0951	13.4656
BLOCK22/SES223/SA223S11	SES144	-2.4208	11.0449	13.4656
BLOCK22/SES223/SA223S11	SES175	-0.652355	12.8133	13.4656
BLOCK22/SES223/SA223S11	SES187	-1.60814	11.8575	13.4656
BLOCK22/SES223/SA223S13	SES068	-1.00496	10.8149	11.8199
BLOCK22/SES223/SA223S13	SES143	-2.18869	9.63116	11.8199
BLOCK22/SES223/SA223S13	SES146	-2.22817	9.59169	11.8199
BLOCK22/SES223/SA223S13	SES202	-1.59441	10.2254	11.8199
BLOCK22/SES223/SA223S22	SES143	-1.1538	12.6236	13.7774
BLOCK22/SES223/SA223S22	SES144	-2.30813	11.4693	13.7774
BLOCK22/SES223/SA223S22	SES175	-0.483643	13.2938	13.7774
BLOCK22/SES223/SA223S22	SES187	-0.268701	13.5087	13.7774
BLOCK22/SES223/SA223S25	SES068	-0.701335	13.7323	14.4336
BLOCK22/SES223/SA223S25	SES143	-1.81504	12.6186	14.4336
BLOCK22/SES223/SA223S25	SES175	-1.18093	13.2527	14.4336
BLOCK22/SES223/SA223S25	SES187	-1.52886	12.9048	14.4336
BLOCK22/SES223/SA223S27	SES143	-0.930634	13.0901	14.0207
BLOCK22/SES223/SA223S27	SES146	-1.71069	12.31	14.0207
BLOCK22/SES223/SA223S27	SES187	-0.986405	13.0343	14.0207
BLOCK22/SES223/SA223S27	SES292	-0.919673	13.101	14.0207
BLOCK27/SES273/SA273S12	SES099	-0.619586	13.3462	13.9658
BLOCK27/SES273/SA273S12	SES104	-0.642788	13.323	13.9658
BLOCK27/SES273/SA273S12	SES125	-1.17811	12.7877	13.9658
BLOCK27/SES273/SA273S12	SES206	-0.782003	13.1838	13.9658
BLOCK27/SES273/SA273S13	SES099	-0.886326	13.6241	14.5104
BLOCK27/SES273/SA273S13	SES104	-1.09964	13.4108	14.5104
BLOCK27/SES273/SA273S13	SES206	-1.17998	13.3305	14.5104
BLOCK27/SES273/SA273S13	SES292	-1.37445	13.136	14.5104
BLOCK27/SES273/SA273S21	SES099	-0.7716	13.2802	14.0518
BLOCK27/SES273/SA273S21	SES148	-2.55318	11.4986	14.0518
BLOCK27/SES273/SA273S21	SES149	-1.9915	12.0603	14.0518
BLOCK27/SES273/SA273S21	SES177	-1.76587	12.2859	14.0518
BLOCK27/SES273/SA273S25	SES104	-0.985579	12.0012	12.9867
BLOCK27/SES273/SA273S25	SES125	-1.11076	11.876	12.9867
BLOCK27/SES273/SA273S25	SES158	-0.330186	12.6565	12.9867
BLOCK27/SES273/SA273S25	SES206	-0.443718	12.543	12.9867
BLOCK27/SES273/SA273S27	SES099	-0.65518	12.6416	13.2968
BLOCK27/SES273/SA273S27	SES104	-1.29259	12.0042	13.2968
BLOCK27/SES273/SA273S27	SES149	-1.21025	12.0865	13.2968
BLOCK27/SES273/SA273S27	SES275	-1.46233	11.8344	13.2968
BLOCK27/SES274/SA274S10	SES105	-1.70812	11.6774	13.3855
BLOCK27/SES274/SA274S10	SES125	-2.02719	11.3583	13.3855
BLOCK27/SES274/SA274S10	SES129	-0.0991554	13.2864	13.3855
BLOCK27/SES274/SA274S10	SES158	-3.28468	10.1008	13.3855
BLOCK27/SES274/SA274S11	SES105	-1.20306	12.2763	13.4794
BLOCK27/SES274/SA274S11	SES149	-2.07247	11.4069	13.4794
BLOCK27/SES274/SA274S11	SES158	-2.32979	11.1496	13.4794
BLOCK27/SES274/SA274S11	SES275	-0.864417	12.6149	13.4794
BLOCK27/SES274/SA274S21	SES105	-1.70898	11.8194	13.5284
BLOCK27/SES274/SA274S21	SES129	-0.3066	13.2218	13.5284
BLOCK27/SES274/SA274S21	SES149	-0.979821	12.5485	13.5284
BLOCK27/SES274/SA274S21	SES158	-3.77125	9.75711	13.5284
BLOCK27/SES274/SA274S24	SES105	-1.3681	12.4247	13.7929
BLOCK27/SES274/SA274S24	SES129	0.245273	14.0381	13.7929
BLOCK27/SES274/SA274S24	SES149	-1.86914	11.9237	13.7929
BLOCK27/SES274/SA274S24	SES158	-4.02053	9.77232	13.7929
BLOCK27/SES274/SA274S29	SES105	-1.57979	11.1412	12.721
BLOCK27/SES274/SA274S29	SES106	-3.20131	9.5197	12.721
BLOCK27/SES274/SA274S29	SES120	-0.999965	11.721	12.721
BLOCK27/SES274/SA274S29	SES275	-0.812518	11.9085	12.721
BLOCK27/SES276/SA276S16	SES148	-1.6218	11.4174	13.0392
BLOCK27/SES276/SA276S16	SES172	-0.456262	12.5829	13.0392
BLOCK27/SES276/SA276S16	SES180	-2.04175	10.9974	13.0392
BLOCK27/SES276/SA276S16	SES292	-1.24338	11.7958	13.0392
BLOCK27/SES276/SA276S17	SES101	-1.21978	12.4375	13.6573
BLOCK27/SES276/SA276S17	SES177	-1.74028	11.917	13.6573
BLOCK27/SES276/SA276S17	SES180	-1.33754	12.3197	13.6573
BLOCK27/SES276/SA276S17	SES292	-1.41089	12.2464	13.6573
BLOCK27/SES276/SA276S24	SES101	-0.98857	13.3901	14.3787
BLOCK27/SES276/SA276S24	SES177	-0.847856	13.5308	14.3787
BLOCK27/SES276/SA276S24	SES180	-1.70229	12.6764	14.3787
BLOCK27/SES276/SA276S24	SES292	-2.14484	12.2338	14.3787
BLOCK27/SES276/SA276S26	SES101	-2.22677	12.5834	14.8101
BLOCK27/SES276/SA276S26	SES177	-0.842704	13.9674	14.8101
BLOCK27/SES276/SA276S26	SES180	-0.330684	14.4794	14.8101
BLOCK27/SES276/SA276S26	SES292	-0.655639	14.1545	14.8101
BLOCK27/SES276/SA276S28	SES101	-0.946925	13.8618	14.8087
BLOCK27/SES276/SA276S28	SES177	-1.02582	13.7829	14.8087
BLOCK27/SES276/SA276S28	SES180	-0.268774	14.54	14.8087
BLOCK27/SES276/SA276S28	SES292	-0.853887	13.9548	14.8087
BLOCK27/SES277/SA277S12	SES101	-0.801779	11.5586	12.3604
BLOCK27/SES277/SA277S12	SES177	-1.57383	10.7865	12.3604
BLOCK27/SES277/SA277S12	SES180	-1.91174	10.4486	12.3604
BLOCK27/SES277/SA277S12	SES292	-1.95027	10.4101	12.3604
BLOCK27/SES277/SA277S14	SES177	-0.46454	11.4884	11.9529
BLOCK27/SES277/SA277S14	SES180	-1.91807	10.0348	11.9529
BLOCK27/SES277/SA277S14	SES189	-0.154869	11.798	11.9529
BLOCK27/SES277/SA277S14	SES292	-1.9537	9.99922	11.9529
BLOCK27/SES277/SA277S21	SES177	-0.659786	12.6023	13.2621
BLOCK27/SES277/SA277S21	SES180	-1.37824	11.8838	13.2621
BLOCK27/SES277/SA277S21	SES189	-0.472754	12.7893	13.2621
BLOCK27/SES277/SA277S21	SES292	-1.89684	11.3652	13.2621
BLOCK27/SES277/SA277S24	SES144	-1.62469	10.0205	11.6452
BLOCK27/SES277/SA277S24	SES177	-0.828292	10.8169	11.6452
BLOCK27/SES277/SA277S24	SES180	-1.90556	9.73962	11.6452
BLOCK27/SES277/SA277S24	SES189	-0.322913	11.3223	11.6452
BLOCK27/SES277/SA277S29	SES177	-0.922614	13.3589	14.2815
BLOCK27/SES277/SA277S29	SES180	-1.82565	12.4558	14.2815
BLOCK27/SES277/SA277S29	SES202	-1.06253	13.2189	14.2815
BLOCK27/SES277/SA277S29	SES292	-1.88447	12.397	14.2815
BLOCK27/SES279/SA279S09	SES120	-1.63628	11.2371	12.8734
BLOCK27/SES279/SA279S09	SES146	-2.1039	10.7695	12.8734
BLOCK27/SES279/SA279S09	SES206	-1.84775	11.0256	12.8734
BLOCK27/SES279/SA279S09	SES226	-2.40604	10.4673	12.8734
BLOCK27/SES279/SA279S10	SES099	-0.524566	12.3169	12.8415
BLOCK27/SES279/SA279S10	SES206	-0.965074	11.8764	12.8415
BLOCK27/SES279/SA279S10	SES226	-1.6327	11.2088	12.8415
BLOCK27/SES279/SA279S10	SES292	-0.464735	12.3767	12.8415
BLOCK27/SES279/SA279S20	SES099	-1.79433	10.5593	12.3536
BLOCK27/SES279/SA279S20	SES206	-0.631011	11.7226	12.3536
BLOCK27/SES279/SA279S20	SES226	-1.64276	10.7109	12.3536
BLOCK27/SES279/SA279S20	SES292	-0.235699	12.1179	12.3536
BLOCK27/SES279/SA279S26	SES099	-0.587258	12.0799	12.6672
BLOCK27/SES279/SA279S26	SES206	-0.196451	12.4707	12.6672
BLOCK27/SES279/SA279S26	SES226	-1.69493	10.9723	12.6672
BLOCK27/SES279/SA279S26	SES292	-0.306044	12.3611	12.6672
BLOCK27/SES279/SA279S28	SES099	-1.44561	12.8226	14.2682
BLOCK27/SES279/SA279S28	SES120	-0.91516	13.3531	14.2682
BLOCK27/SES279/SA279S28	SES177	-2.06271	12.2055	14.2682
BLOCK27/SES279/SA279S28	SES206	-1.30919	12.959	14.2682
BLOCK29/SES290/SA290S12	SES162	-0.303094	12.9633	13.2664
BLOCK29/SES290/SA290S12	SES177	-0.596692	12.6697	13.2664
BLOCK29/SES290/SA290S12	SES180	-1.32404	11.9424	13.2664
BLOCK29/SES290/SA290S12	SES292	-1.51299	11.7534	13.2664
BLOCK29/SES290/SA290S13	SES007	-0.867158	12.497	13.3642
BLOCK29/SES290/SA290S13	SES162	-1.30057	12.0636	13.3642
BLOCK29/SES290/SA290S13	SES177	-0.120309	13.2438	13.3642
BLOCK29/SES290/SA290S13	SES180	-0.611648	12.7525	13.3642
BLOCK29/SES290/SA290S22	SES177	-0.691556	12.8338	13.5254
BLOCK29/SES290/SA290S22	SES180	-1.20777	12.3176	13.5254
BLOCK29/SES290/SA290S22	SES202	-0.858021	12.6673	13.5254
BLOCK29/SES290/SA290S22	SES292	-1.30393	12.2214	13.5254
BLOCK29/SES290/SA290S25	SES162	-0.859385	13.3829	14.2423
BLOCK29/SES290/SA290S25	SES177	-1.03699	13.2053	14.2423
BLOCK29/SES290/SA290S25	SES180	-1.18772	13.0546	14.2423
BLOCK29/SES290/SA290S25	SES292	-0.947975	13.2943	14.2423
BLOCK29/SES290/SA290S29	SES177	-0.245966	12.7598	13.0058
BLOCK29/SES290/SA290S29	SES180	-0.664342	12.3415	13.0058
BLOCK29/SES290/SA290S29	SES275	-0.991881	12.0139	13.0058
BLOCK29/SES290/SA290S29	SES292	-0.738166	12.2676	13.0058
BLOCK29/SES291/SA291S11	SES105	-2.17166	8.43749	10.6091
BLOCK29/SES291/SA291S11	SES125	-0.583274	10.0259	10.6091
BLOCK29/SES291/SA291S11	SES158	-0.795901	9.81324	10.6091
BLOCK29/SES291/SA291S11	SES275	-2.19785	8.41129	10.6091
BLOCK29/SES291/SA291S12	SES158	0.662938	11.3242	10.6612
BLOCK29/SES291/SA291S12	SES226	-1.72214	8.9391	10.6612
BLOCK29/SES291/SA291S12	SES270	0.582582	11.2438	10.6612
BLOCK29/SES291/SA291S12	SES275	-2.86373	7.79751	10.6612
BLOCK29/SES291/SA291S22	SES082	-0.757978	10.9667	11.7247
BLOCK29/SES291/SA291S22	SES158	-0.820061	10.9046	11.7247
BLOCK29/SES291/SA291S22	SES259	-1.55094	10.1737	11.7247
BLOCK29/SES291/SA291S22	SES275	-2.25756	9.46711	11.7247
BLOCK29/SES291/SA291S24	SES104	0.293362	12.8935	12.6002
BLOCK29/SES291/SA291S24	SES125	-0.595791	12.0044	12.6002
BLOCK29/SES291/SA291S24	SES158	-0.127102	12.4731	12.6002
BLOCK29/SES291/SA291S24	SES275	-2.2481	10.3521	12.6002
BLOCK29/SES291/SA291S27	SES158	0.201921	12.6025	12.4005
BLOCK29/SES291/SA291S27	SES172	-3.35952	9.04102	12.4005
BLOCK29/SES291/SA291S27	SES275	-3.1077	9.29284	12.4005
BLOCK29/SES291/SA291S27	SES292	-1.41599	10.9845	12.4005
