BLOCK00/SES002/SA002S12	SES002	1.87545	-57.0509	-58.9263
BLOCK00/SES002/SA002S13	SES002	2.13713	-58.2117	-60.3488
BLOCK00/SES002/SA002S23	SES002	1.91833	-57.1347	-59.053
BLOCK00/SES002/SA002S26	SES002	2.54183	-56.5822	-59.124
BLOCK00/SES002/SA002S28	SES002	1.78399	-58.6317	-60.4157
BLOCK00/SES007/SA007S14	SES007	1.36384	-58.2904	-59.6542
BLOCK00/SES007/SA007S15	SES007	0.992794	-59.8465	-60.8393
BLOCK00/SES007/SA007S24	SES007	1.00945	-59.533	-60.5424
BLOCK00/SES007/SA007S27	SES007	0.742065	-59.8377	-60.5798
BLOCK00/SES007/SA007S29	SES007	0.636707	-58.9643	-59.601
BLOCK00/SES008/SA008S11	SES008	1.17912	-59.353	-60.5321
BLOCK00/SES008/SA008S12	SES008	1.2177	-58.819	-60.0367
BLOCK00/SES008/SA008S19	SES008	1.66928	-58.4381	-60.1074
BLOCK00/SES008/SA008S22	SES008	1.17916	-59.4086	-60.5877
BLOCK00/SES008/SA008S29	SES008	1.56013	-58.4682	-60.0283
BLOCK01/SES014/SA014S10	SES014	2.22847	-58.4229	-60.6514
BLOCK01/SES014/SA014S12	SES014	2.7953	-55.6063	-58.4016
BLOCK01/SES014/SA014S24	SES014	2.32812	-56.9929	-59.321
BLOCK01/SES014/SA014S26	SES014	3.05059	-54.862	-57.9126
BLOCK01/SES014/SA014S28	SES014	3.18195	-56.4217	-59.6037
BLOCK01/SES016/SA016S12	SES016	0.455173	-61.7212	-62.1764
BLOCK01/SES016/SA016S13	SES016	1.36037	-60.3558	-61.7162
BLOCK01/SES016/SA016S22	SES016	0.606583	-60.9729	-61.5795
BLOCK01/SES016/SA016S25	SES016	1.26352	-58.2987	-59.5622
BLOCK01/SES016/SA016S27	SES016	1.66744	-57.7656	-59.433
BLOCK01/SES019/SA019S13	SES019	2.7607	-58.3189	-61.0796
BLOCK01/SES019/SA019S14	SES019	2.28189	-58.2085	-60.4904
BLOCK01/SES019/SA019S22	SES019	2.64148	-58.0075	-60.649
BLOCK01/SES019/SA019S25	SES019	2.40326	-58.4044	-60.8076
BLOCK01/SES019/SA019S29	SES019	3.38368	-57.7445	-61.1282
BLOCK02/SES029/SA029S11	SES029	1.26998	-59.5348	-60.8048
BLOCK02/SES029/SA029S12	SES029	0.777157	-59.5131	-60.2902
BLOCK02/SES029/SA029S20	SES029	0.757706	-60.8832	-61.6409
BLOCK02/SES029/SA029S25	SES029	0.623459	-59.486	-60.1095
BLOCK02/SES029/SA029S28	SES029	0.653309	-59.5293	-60.1826
BLOCK04/SES042/SA042S12	SES042	2.40327	-56.7605	-59.1638
BLOCK04/SES042/SA042S15	SES042	2.06909	-57.1608	-59.2299
BLOCK04/SES042/SA042S22	SES042	3.21081	-54.843	-58.0538
BLOCK04/SES042/SA042S25	SES042	2.33515	-57.3159	-59.651
BLOCK04/SES042/SA042S27	SES042	2.60244	-55.7346	-58.3371
BLOCK04/SES048/SA048S11	SES048	1.17856	-58.282	-59.4606
BLOCK04/SES048/SA048S12	SES048	0.694122	-58.6636	-59.3577
BLOCK04/SES048/SA048S20	SES048	1.34243	-57.993	-59.3355
BLOCK04/SES048/SA048S23	SES048	1.51606	-59.0654	-60.5815
BLOCK04/SES048/SA048S27	SES048	1.12498	-57.6408	-58.7658
BLOCK06/SES060/SA060S11	SES060	1.11464	-59.5307	-60.6453
BLOCK06/SES060/SA060S12	SES060	-1.51709	-63.1837	-61.6666
BLOCK06/SES060/SA060S22	SES060	0.54668	-60.7203	-61.267
BLOCK06/SES060/SA060S24	SES060	0.887405	-59.0678	-59.9552
BLOCK06/SES060/SA060S28	SES060	1.34257	-56.7938	-58.1364
BLOCK06/SES062/SA062S10	SES062	1.61599	-58.6886	-60.3046
BLOCK06/SES062/SA062S11	SES062	1.47865	-59.3963	-60.8749
BLOCK06/SES062/SA062S21	SES062	2.24275	-56.7604	-59.0031
BLOCK06/SES062/SA062S26	SES062	1.32665	-58.3596	-59.6862
BLOCK06/SES062/SA062S29	SES062	1.66219	-57.5046	-59.1668
BLOCK06/SES068/SA068S14	SES068	0.591408	-59.6969	-60.2883
BLOCK06/SES068/SA068S15	SES068	1.34438	-58.0935	-59.4378
BLOCK06/SES068/SA068S23	SES068	0.535561	-59.9451	-60.4806
BLOCK06/SES068/SA068S27	SES068	2.06376	-58.4043	-60.468
BLOCK06/SES068/SA068S29	SES068	1.17776	-58.5397	-59.7175
BLOCK08/SES082/SA082S12	SES082	1.46592	-58.8428	-60.3087
BLOCK08/SES082/SA082S14	SES082	1.33506	-59.5516	-60.8867
BLOCK08/SES082/SA082S21	SES082	1.76057	-58.9192	-60.6797
BLOCK08/SES082/SA082S24	SES082	1.96268	-58.0897	-60.0523
BLOCK08/SES082/SA082S28	SES082	1.12376	-59.4915	-60.6153
BLOCK08/SES083/SA083S14	SES083	-0.110355	-60.5832	-60.4729
BLOCK08/SES083/SA083S15	SES083	0.00739288	-60.0144	-60.0218
BLOCK08/SES083/SA083S24	SES083	-0.00641251	-60.2787	-60.2723
BLOCK08/SES083/SA083S26	SES083	0.372082	-59.6297	-60.0018
BLOCK08/SES083/SA083S29	SES083	0.136517	-59.8478	-59.9843
BLOCK08/SES085/SA085S10	SES085	0.578472	-59.6657	-60.2441
BLOCK08/SES085/SA085S13	SES085	0.462318	-60.6372	-61.0995
BLOCK08/SES085/SA085S22	SES085	-1.55359	-63.1027	-61.5491
BLOCK08/SES085/SA085S26	SES085	-0.258144	-61.0234	-60.7652
BLOCK08/SES085/SA085S28	SES085	0.684834	-59.7291	-60.4139
BLOCK08/SES087/SA087S15	SES087	2.02753	-57.7712	-59.7987
BLOCK08/SES087/SA087S16	SES087	1.99294	-57.8786	-59.8715
BLOCK08/SES087/SA087S24	SES087	2.24352	-57.3255	-59.569
BLOCK08/SES087/SA087S26	SES087	2.06265	-56.7198	-58.7824
BLOCK08/SES087/SA087S29	SES087	1.99398	-57.9623	-59.9563
BLOCK09/SES099/SA099S15	SES099	1.87006	-58.855	-60.7251
BLOCK09/SES099/SA099S16	SES099	2.10834	-58.3464	-60.4547
BLOCK09/SES099/SA099S24	SES099	1.83817	-58.0327	-59.8708
BLOCK09/SES099/SA099S26	SES099	1.91788	-57.8194	-59.7372
BLOCK09/SES099/SA099S29	SES099	2.09432	-57.6703	-59.7646
BLOCK10/SES101/SA101S11	SES101	1.17084	-58.4336	-59.6045
BLOCK10/SES101/SA101S13	SES101	1.14156	-58.7058	-59.8473
BLOCK10/SES101/SA101S22	SES101	1.46603	-59.9309	-61.3969
BLOCK10/SES101/SA101S24	SES101	1.54711	-58.9249	-60.472
BLOCK10/SES101/SA101S28	SES101	-0.739571	-62.0444	-61.3049
BLOCK10/SES104/SA104S11	SES104	1.67147	-57.1631	-58.8345
BLOCK10/SES104/SA104S12	SES104	2.38165	-57.44	-59.8217
BLOCK10/SES104/SA104S21	SES104	2.50688	-57.7854	-60.2923
BLOCK10/SES104/SA104S24	SES104	1.85227	-57.8809	-59.7332
BLOCK10/SES104/SA104S28	SES104	2.81728	-57.0136	-59.8309
BLOCK10/SES105/SA105S12	SES105	1.15452	-59.9453	-61.0998
BLOCK10/SES105/SA105S13	SES105	0.741676	-60.0723	-60.814
BLOCK10/SES105/SA105S22	SES105	0.622116	-60.6518	-61.2739
BLOCK10/SES105/SA105S26	SES105	1.017	-60.0753	-61.0923
BLOCK10/SES105/SA105S29	SES105	0.208755	-60.3812	-60.59
BLOCK10/SES106/SA106S09	SES106	1.50204	-59.5961	-61.0981
BLOCK10/SES106/SA106S11	SES106	2.04288	-57.3864	-59.4293
BLOCK10/SES106/SA106S22	SES106	2.70017	-58.2486	-60.9488
BLOCK10/SES106/SA106S27	SES106	1.87963	-58.5933	-60.473
BLOCK10/SES106/SA106S29	SES106	1.42565	-58.1172	-59.5428
BLOCK11/SES117/SA117S12	SES117	-0.00885391	-61.5266	-61.5178
BLOCK11/SES117/SA117S13	SES117	-0.776634	-61.1234	-60.3468
BLOCK11/SES117/SA117S23	SES117	2.26	-61.6377	-63.8977
BLOCK11/SES117/SA117S25	SES117	1.03327	-60.8639	-61.8972
BLOCK11/SES117/SA117S28	SES117	1.82881	-61.4386	-63.2674
BLOCK12/SES120/SA120S08	SES120	1.05363	-60.9125	-61.9661
BLOCK12/SES120/SA120S11	SES120	1.11341	-61.3514	-62.4648
BLOCK12/SES120/SA120S22	SES120	0.432404	-59.6486	-60.081
BLOCK12/SES120/SA120S24	SES120	0.981579	-59.8666	-60.8481
BLOCK12/SES120/SA120S28	SES120	0.906239	-61.2072	-62.1134
BLOCK12/SES125/SA125S13	SES125	2.61861	-57.1977	-59.8163
BLOCK12/SES125/SA125S14	SES125	1.66629	-58.2015	-59.8678
BLOCK12/SES125/SA125S25	SES125	3.10012	-56.7969	-59.8971
BLOCK12/SES125/SA125S27	SES125	2.70951	-56.5444	-59.2539
BLOCK12/SES125/SA125S29	SES125	2.57871	-57.5482	-60.1269
BLOCK12/SES127/SA127S11	SES127	1.21816	-59.4081	-60.6263
BLOCK12/SES127/SA127S12	SES127	0.594582	-59.4387	-60.0333
BLOCK12/SES127/SA127S23	SES127	1.0032	-59.4855	-60.4887
BLOCK12/SES127/SA127S25	SES127	0.168903	-60.7378	-60.9067
BLOCK12/SES127/SA127S27	SES127	1.4823	-59.3736	-60.8559
BLOCK12/SES129/SA129S11	SES129	1.71836	-58.2096	-59.9279
BLOCK12/SES129/SA129S12	SES129	1.78217	-58.2604	-60.0425
BLOCK12/SES129/SA129S22	SES129	1.53939	-58.6019	-60.1413
BLOCK12/SES129/SA129S27	SES129	1.73829	-57.7972	-59.5355
BLOCK12/SES129/SA129S29	SES129	1.93016	-57.561	-59.4912
BLOCK14/SES142/SA142S11	SES142	2.25118	-59.9835	-62.2347
BLOCK14/SES142/SA142S12	SES142	1.72259	-61.0784	-62.801
BLOCK14/SES142/SA142S24	SES142	2.79482	-59.6519	-62.4468
BLOCK14/SES142/SA142S27	SES142	2.81299	-58.951	-61.764
BLOCK14/SES142/SA142S29	SES142	2.80521	-58.9683	-61.7735
BLOCK14/SES143/SA143S12	SES143	0.668503	-60.7977	-61.4662
BLOCK14/SES143/SA143S13	SES143	0.529442	-60.7316	-61.2611
BLOCK14/SES143/SA143S23	SES143	1.00867	-60.8989	-61.9075
BLOCK14/SES143/SA143S25	SES143	0.480305	-61.186	-61.6663
BLOCK14/SES143/SA143S28	SES143	0.168667	-60.4493	-60.618
BLOCK14/SES144/SA144S09	SES144	1.03202	-59.1756	-60.2076
BLOCK14/SES144/SA144S11	SES144	1.53234	-60.2622	-61.7946
BLOCK14/SES144/SA144S21	SES144	0.340637	-60.5589	-60.8995
BLOCK14/SES144/SA144S25	SES144	0.916634	-60.4711	-61.3878
BLOCK14/SES144/SA144S29	SES144	0.158726	-59.9813	-60.1401
BLOCK14/SES146/SA146S14	SES146	0.86948	-60.3115	-61.1809
BLOCK14/SES146/SA146S15	SES146	0.275639	-60.3523	-60.6279
BLOCK14/SES146/SA146S24	SES146	0.88847	-60.0747	-60.9631
BLOCK14/SES146/SA146S26	SES146	1.3023	-60.2277	-61.53
BLOCK14/SES146/SA146S29	SES146	1.02689	-60.8435	-61.8704
BLOCK14/SES147/SA147S11	SES147	0.86396	-61.4121	-62.2761
BLOCK14/SES147/SA147S13	SES147	1.87631	-59.4172	-61.2935
BLOCK14/SES147/SA147S23	SES147	1.46698	-61.2582	-62.7252
BLOCK14/SES147/SA147S26	SES147	1.65657	-60.4617	-62.1183
BLOCK14/SES147/SA147S28	SES147	1.42908	-59.7493	-61.1784
BLOCK14/SES148/SA148S10	SES148	1.17947	-59.0596	-60.239
BLOCK14/SES148/SA148S12	SES148	0.642628	-60.1641	-60.8067
BLOCK14/SES148/SA148S22	SES148	0.975769	-58.6656	-59.6413
BLOCK14/SES148/SA148S26	SES148	0.717655	-59.6428	-60.3605
BLOCK14/SES148/SA148S29	SES148	0.939964	-59.7356	-60.6755
BLOCK14/SES149/SA149S13	SES149	0.594311	-58.7266	-59.3209
BLOCK14/SES149/SA149S14	SES149	0.834824	-58.734	-59.5688
BLOCK14/SES149/SA149S24	SES149	1.82912	-58.311	-60.1401
BLOCK14/SES149/SA149S26	SES149	2.06028	-57.9261	-59.9863
BLOCK14/SES149/SA149S28	SES149	2.27621	-56.951	-59.2272
BLOCK15/SES158/SA158S13	SES158	1.93289	-58.8416	-60.7745
BLOCK15/SES158/SA158S14	SES158	2.19771	-58.8182	-61.0159
BLOCK15/SES158/SA158S23	SES158	1.59419	-58.6667	-60.2609
BLOCK15/SES158/SA158S26	SES158	2.46115	-58.4832	-60.9443
BLOCK15/SES158/SA158S28	SES158	1.59868	-59.1693	-60.768
BLOCK16/SES162/SA162S10	SES162	0.64806	-61.0653	-61.7133
BLOCK16/SES162/SA162S11	SES162	0.91172	-59.8929	-60.8046
BLOCK16/SES162/SA162S21	SES162	1.03725	-59.9289	-60.9662
BLOCK16/SES162/SA162S24	SES162	1.58809	-59.6531	-61.2412
BLOCK16/SES162/SA162S27	SES162	1.07817	-60.8209	-61.8991
BLOCK16/SES167/SA167S14	SES167	1.08693	-58.8444	-59.9314
BLOCK16/SES167/SA167S15	SES167	1.12223	-60.463	-61.5852
BLOCK16/SES167/SA167S21	SES167	1.21455	-58.9602	-60.1748
BLOCK16/SES167/SA167S25	SES167	1.53984	-60.1197	-61.6596
BLOCK16/SES167/SA167S29	SES167	2.21168	-58.1562	-60.3678
BLOCK17/SES172/SA172S12	SES172	0.883846	-60.0343	-60.9181
BLOCK17/SES172/SA172S13	SES172	1.09328	-60.7307	-61.824
BLOCK17/SES172/SA172S23	SES172	0.338821	-59.1942	-59.533
BLOCK17/SES172/SA172S27	SES172	1.36562	-59.3836	-60.7492
BLOCK17/SES172/SA172S29	SES172	0.972633	-59.7102	-60.6829
BLOCK17/SES175/SA175S11	SES175	1.13296	-60.1539	-61.2869
BLOCK17/SES175/SA175S13	SES175	1.18569	-59.3246	-60.5103
BLOCK17/SES175/SA175S23	SES175	1.54939	-59.906	-61.4554
BLOCK17/SES175/SA175S25	SES175	1.22734	-61.0582	-62.2855
BLOCK17/SES175/SA175S28	SES175	1.42366	-59.276	-60.6997
BLOCK17/SES177/SA177S15	SES177	0.646645	-59.792	-60.4387
BLOCK17/SES177/SA177S17	SES177	0.461269	-59.8299	-60.2912
BLOCK17/SES177/SA177S23	SES177	0.524361	-60.1845	-60.7089
BLOCK17/SES177/SA177S26	SES177	0.961384	-58.233	-59.1944
BLOCK17/SES177/SA177S28	SES177	0.35743	-59.0466	-59.4041
BLOCK18/SES180/SA180S13	SES180	0.963554	-60.0847	-61.0483
BLOCK18/SES180/SA180S15	SES180	0.758732	-60.3403	-61.099
BLOCK18/SES180/SA180S24	SES180	1.10878	-58.8493	-59.9581
BLOCK18/SES180/SA180S26	SES180	0.808838	-59.4054	-60.2142
BLOCK18/SES180/SA180S29	SES180	1.45611	-59.9802	-61.4363
BLOCK18/SES183/SA183S13	SES183	1.16627	-60.4448	-61.611
BLOCK18/SES183/SA183S14	SES183	0.434433	-60.4411	-60.8756
BLOCK18/SES183/SA183S24	SES183	1.13244	-60.8938	-62.0262
BLOCK18/SES183/SA183S27	SES183	1.20164	-59.7334	-60.935
BLOCK18/SES183/SA183S29	SES183	1.01442	-59.4352	-60.4496
BLOCK18/SES187/SA187S13	SES187	0.636261	-61.6918	-62.328
BLOCK18/SES187/SA187S14	SES187	0.330433	-61.5448	-61.8753
BLOCK18/SES187/SA187S24	SES187	1.87605	-60.4705	-62.3466
BLOCK18/SES187/SA187S27	SES187	0.878613	-60.4585	-61.3371
BLOCK18/SES187/SA187S29	SES187	0.851059	-61.0673	-61.9184
BLOCK18/SES189/SA189S10	SES189	3.10629	-63.2332	-66.3395
BLOCK18/SES189/SA189S13	SES189	4.42268	-63.3291	-67.7518
BLOCK18/SES189/SA189S24	SES189	4.59177	-62.8528	-67.4446
BLOCK18/SES189/SA189S26	SES189	2.63967	-61.8708	-64.5105
BLOCK18/SES189/SA189S29	SES189	3.50228	-61.925	-65.4273
BLOCK20/SES202/SA202S12	SES202	1.90919	-60.5755	-62.4846
BLOCK20/SES202/SA202S14	SES202	2.83778	-58.576	-61.4137
BLOCK20/SES202/SA202S24	SES202	1.85081	-59.976	-61.8268
BLOCK20/SES202/SA202S27	SES202	1.98743	-58.6458	-60.6333
BLOCK20/SES202/SA202S29	SES202	2.35765	-58.6986	-61.0562
BLOCK20/SES206/SA206S15	SES206	1.05015	-58.3296	-59.3797
BLOCK20/SES206/SA206S17	SES206	2.36378	-56.8302	-59.194
BLOCK20/SES206/SA206S24	SES206	2.39047	-56.7585	-59.149
BLOCK20/SES206/SA206S27	SES206	2.27754	-57.5888	-59.8663
BLOCK20/SES206/SA206S29	SES206	2.10391	-56.2084	-58.3124
BLOCK22/SES226/SA226S12	SES226	1.83473	-59.0223	-60.857
BLOCK22/SES226/SA226S13	SES226	0.387421	-59.3017	-59.6891
BLOCK22/SES226/SA226S20	SES226	1.50658	-58.8142	-60.3208
BLOCK22/SES226/SA226S23	SES226	1.44073	-58.797	-60.2377
BLOCK22/SES226/SA226S28	SES226	1.78024	-57.8997	-59.6799
BLOCK25/SES259/SA259S13	SES259	2.588	-57.5058	-60.0938
BLOCK25/SES259/SA259S14	SES259	2.07634	-57.5276	-59.6039
BLOCK25/SES259/SA259S22	SES259	2.00294	-57.3491	-59.3521
BLOCK25/SES259/SA259S24	SES259	1.95069	-56.6724	-58.6231
BLOCK25/SES259/SA259S28	SES259	2.32307	-56.8705	-59.1936
BLOCK27/SES270/SA270S14	SES270	2.46869	-58.5965	-61.0652
BLOCK27/SES270/SA270S16	SES270	1.61997	-58.737	-60.357
BLOCK27/SES270/SA270S22	SES270	2.45381	-58.5743	-61.0281
BLOCK27/SES270/SA270S26	SES270	2.4449	-58.8292	-61.2741
BLOCK27/SES270/SA270S28	SES270	1.86093	-58.4418	-60.3027
BLOCK27/SES275/SA275S17	SES275	1.27107	-59.9202	-61.1912
BLOCK27/SES275/SA275S18	SES275	0.853073	-60.0152	-60.8683
BLOCK27/SES275/SA275S24	SES275	0.97451	-60.764	-61.7385
BLOCK27/SES275/SA275S26	SES275	1.05902	-59.3841	-60.4431
BLOCK27/SES275/SA275S28	SES275	0.660175	-59.4918	-60.1519
BLOCK29/SES292/SA292S10	SES292	0.159775	-60.849	-61.0088
BLOCK29/SES292/SA292S12	SES292	0.199059	-61.8691	-62.0681
BLOCK29/SES292/SA292S22	SES292	0.92979	-59.7021	-60.6319
BLOCK29/SES292/SA292S24	SES292	0.549496	-60.0947	-60.6442
BLOCK29/SES292/SA292S27	SES292	0.651901	-59.6485	-60.3004
BLOCK00/SES001/SA001S14	SES062	0.318222	-61.3092	-61.6274
BLOCK00/SES001/SA001S14	SES082	-0.468361	-62.0958	-61.6274
BLOCK00/SES001/SA001S14	SES106	-2.4376	-64.065	-61.6274
BLOCK00/SES001/SA001S14	SES206	-2.20699	-63.8344	-61.6274
BLOCK00/SES001/SA001S15	SES062	-0.183887	-60.2312	-60.0473
BLOCK00/SES001/SA001S15	SES104	-1.44413	-61.4914	-60.0473
BLOCK00/SES001/SA001S15	SES106	-1.97254	-62.0198	-60.0473
BLOCK00/SES001/SA001S15	SES206	-2.27867	-62.3259	-60.0473
BLOCK00/SES001/SA001S24	SES062	-0.918068	-62.9103	-61.9922
BLOCK00/SES001/SA001S24	SES082	-0.10939	-62.1016	-61.9922
BLOCK00/SES001/SA001S24	SES087	-1.68681	-63.679	-61.9922
BLOCK00/SES001/SA001S24	SES206	-1.53985	-63.5321	-61.9922
BLOCK00/SES001/SA001S27	SES062	-0.617222	-60.2172	-59.5999
BLOCK00/SES001/SA001S27	SES082	-0.785595	-60.3855	-59.5999
BLOCK00/SES001/SA001S27	SES087	-1.63615	-61.2361	-59.5999
BLOCK00/SES001/SA001S27	SES206	-2.00433	-61.6043	-59.5999
BLOCK00/SES001/SA001S29	SES062	-0.135017	-61.8459	-61.7109
BLOCK00/SES001/SA001S29	SES082	-0.308147	-62.0191	-61.7109
BLOCK00/SES001/SA001S29	SES158	-0.370968	-62.0819	-61.7109
BLOCK00/SES001/SA001S29	SES206	-3.03472	-64.7456	-61.7109
BLOCK00/SES003/SA003S11	SES002	-0.294708	-60.6954	-60.4007
BLOCK00/SES003/SA003S11	SES019	-0.495117	-60.8958	-60.4007
BLOCK00/SES003/SA003S11	SES082	0.88007	-59.5206	-60.4007
BLOCK00/SES003/SA003S11	SES125	-0.0896034	-60.4903	-60.4007
BLOCK00/SES003/SA003S15	SES016	-1.63336	-61.5497	-59.9163
BLOCK00/SES003/SA003S15	SES019	-0.039196	-59.9555	-59.9163
BLOCK00/SES003/SA003S15	SES062	-1.08751	-61.0038	-59.9163
BLOCK00/SES003/SA003S15	SES206	0.275337	-59.641	-59.9163
BLOCK00/SES003/SA003S22	SES002	-1.35973	-61.5154	-60.1557
BLOCK00/SES003/SA003S22	SES062	-0.687038	-60.8427	-60.1557
BLOCK00/SES003/SA003S22	SES082	0.173275	-59.9824	-60.1557
BLOCK00/SES003/SA003S22	SES087	-0.629791	-60.7855	-60.1557
BLOCK00/SES003/SA003S25	SES062	-1.26297	-62.7584	-61.4955
BLOCK00/SES003/SA003S25	SES082	0.887161	-60.6083	-61.4955
BLOCK00/SES003/SA003S25	SES087	-1.21928	-62.7147	-61.4955
BLOCK00/SES003/SA003S25	SES206	-1.095	-62.5905	-61.4955
BLOCK00/SES003/SA003S29	SES002	-1.24546	-61.4458	-60.2003
BLOCK00/SES003/SA003S29	SES062	-0.972012	-61.1723	-60.2003
BLOCK00/SES003/SA003S29	SES082	-0.0107231	-60.211	-60.2003
BLOCK00/SES003/SA003S29	SES087	-0.815914	-61.0162	-60.2003
BLOCK00/SES004/SA004S12	SES083	-0.781471	-62.765	-61.9835
BLOCK00/SES004/SA004S12	SES148	-1.03488	-63.0184	-61.9835
BLOCK00/SES004/SA004S12	SES172	-0.881962	-62.8655	-61.9835
BLOCK00/SES004/SA004S12	SES292	-1.45391	-63.4374	-61.9835
BLOCK00/SES004/SA004S17	SES083	-0.732338	-62.5088	-61.7764
BLOCK00/SES004/SA004S17	SES162	-0.537174	-62.3136	-61.7764
BLOCK00/SES004/SA004S17	SES172	-0.941677	-62.7181	-61.7764
BLOCK00/SES004/SA004S17	SES292	-1.05122	-62.8277	-61.7764
BLOCK00/SES004/SA004S24	SES083	-0.500187	-61.9426	-61.4424
BLOCK00/SES004/SA004S24	SES148	-0.902138	-62.3446	-61.4424
BLOCK00/SES004/SA004S24	SES172	-0.467182	-61.9096	-61.4424
BLOCK00/SES004/SA004S24	SES292	-0.487534	-61.93	-61.4424
BLOCK00/SES004/SA004S26	SES083	-0.0781021	-61.1795	-61.1014
BLOCK00/SES004/SA004S26	SES127	-0.510727	-61.6121	-61.1014
BLOCK00/SES004/SA004S26	SES148	-1.39404	-62.4954	-61.1014
BLOCK00/SES004/SA004S26	SES292	-1.11947	-62.2209	-61.1014
BLOCK00/SES004/SA004S28	SES083	-0.695869	-61.6402	-60.9443
BLOCK00/SES004/SA004S28	SES127	-1.74345	-62.6878	-60.9443
BLOCK00/SES004/SA004S28	SES187	-1.04721	-61.9916	-60.9443
BLOCK00/SES004/SA004S28	SES292	-2.01753	-62.9619	-60.9443
BLOCK00/SES006/SA006S10	SES014	-1.04113	-63.3024	-62.2612
BLOCK00/SES006/SA006S10	SES158	0.455322	-61.8059	-62.2612
BLOCK00/SES006/SA006S10	SES226	-1.25544	-63.5167	-62.2612
BLOCK00/SES006/SA006S10	SES270	0.710842	-61.5504	-62.2612
BLOCK00/SES006/SA006S11	SES158	0.219608	-61.6689	-61.8885
BLOCK00/SES006/SA006S11	SES226	-1.0564	-62.9449	-61.8885
BLOCK00/SES006/SA006S11	SES270	0.648285	-61.2402	-61.8885
BLOCK00/SES006/SA006S11	SES275	-2.31653	-64.205	-61.8885
BLOCK00/SES006/SA006S23	SES062	-1.2329	-61.5189	-60.286
BLOCK00/SES006/SA006S23	SES105	-1.2636	-61.5496	-60.286
BLOCK00/SES006/SA006S23	SES158	0.065979	-60.22	-60.286
BLOCK00/SES006/SA006S23	SES275	-1.5182	-61.8042	-60.286
BLOCK00/SES006/SA006S26	SES104	-0.500751	-60.7807	-60.2799
BLOCK00/SES006/SA006S26	SES158	0.592598	-59.6873	-60.2799
BLOCK00/SES006/SA006S26	SES270	0.548759	-59.7312	-60.2799
BLOCK00/SES006/SA006S26	SES275	-2.10144	-62.3814	-60.2799
BLOCK00/SES006/SA006S28	SES007	-1.61176	-63.237	-61.6253
BLOCK00/SES006/SA006S28	SES105	-1.53419	-63.1595	-61.6253
BLOCK00/SES006/SA006S28	SES158	0.0376701	-61.5876	-61.6253
BLOCK00/SES006/SA006S28	SES275	-2.32024	-63.9455	-61.6253
BLOCK00/SES009/SA009S12	SES083	-0.50901	-60.4265	-59.9175
BLOCK00/SES009/SA009S12	SES148	-0.683643	-60.6012	-59.9175
BLOCK00/SES009/SA009S12	SES177	-2.14575	-62.0633	-59.9175
BLOCK00/SES009/SA009S12	SES292	0.119011	-59.7985	-59.9175
BLOCK00/SES009/SA009S15	SES007	1.29714	-57.9665	-59.2637
BLOCK00/SES009/SA009S15	SES099	-8.13277	-67.3964	-59.2637
BLOCK00/SES009/SA009S15	SES148	-1.05334	-60.317	-59.2637
BLOCK00/SES009/SA009S15	SES172	-1.05888	-60.3226	-59.2637
BLOCK00/SES009/SA009S24	SES146	-0.0889626	-59.9486	-59.8597
BLOCK00/SES009/SA009S24	SES148	-0.885265	-60.7449	-59.8597
BLOCK00/SES009/SA009S24	SES177	-1.86886	-61.7285	-59.8597
BLOCK00/SES009/SA009S24	SES292	0.0801277	-59.7795	-59.8597
BLOCK00/SES009/SA009S26	SES083	-0.688141	-60.7206	-60.0325
BLOCK00/SES009/SA009S26	SES101	-0.264568	-60.297	-60.0325
BLOCK00/SES009/SA009S26	SES120	-0.290703	-60.3232	-60.0325
BLOCK00/SES009/SA009S26	SES177	-2.2571	-62.2896	-60.0325
BLOCK00/SES009/SA009S29	SES083	-0.505653	-59.9574	-59.4518
BLOCK00/SES009/SA009S29	SES101	-0.429981	-59.8818	-59.4518
BLOCK00/SES009/SA009S29	SES177	-2.0092	-61.461	-59.4518
BLOCK00/SES009/SA009S29	SES292	0.125916	-59.3259	-59.4518
BLOCK01/SES011/SA011S10	SES019	0.329704	-59.6196	-59.9493
BLOCK01/SES011/SA011S10	SES042	0.860893	-59.0884	-59.9493
BLOCK01/SES011/SA011S10	SES082	0.0356026	-59.9137	-59.9493
BLOCK01/SES011/SA011S10	SES206	1.01123	-58.9381	-59.9493
BLOCK01/SES011/SA011S11	SES019	-0.0237503	-60.6927	-60.6689
BLOCK01/SES011/SA011S11	SES042	0.070858	-60.5981	-60.6689
BLOCK01/SES011/SA011S11	SES082	0.194462	-60.4745	-60.6689
BLOCK01/SES011/SA011S11	SES206	0.750221	-59.9187	-60.6689
BLOCK01/SES011/SA011S22	SES019	0.356087	-60.1494	-60.5055
BLOCK01/SES011/SA011S22	SES042	0.920673	-59.5848	-60.5055
BLOCK01/SES011/SA011S22	SES082	0.453842	-60.0516	-60.5055
BLOCK01/SES011/SA011S22	SES206	0.532997	-59.9725	-60.5055
BLOCK01/SES011/SA011S24	SES019	0.219357	-59.4207	-59.64
BLOCK01/SES011/SA011S24	SES042	0.71785	-58.9222	-59.64
BLOCK01/SES011/SA011S24	SES104	0.536572	-59.1035	-59.64
BLOCK01/SES011/SA011S24	SES206	1.15541	-58.4846	-59.64
BLOCK01/SES011/SA011S27	SES082	1.1377	-58.8415	-59.9792
BLOCK01/SES011/SA011S27	SES087	-0.00156021	-59.9807	-59.9792
BLOCK01/SES011/SA011S27	SES125	0.713142	-59.266	-59.9792
BLOCK01/SES011/SA011S27	SES206	0.426136	-59.553	-59.9792
BLOCK01/SES012/SA012S11	SES007	-1.59269	-60.1689	-58.5762
BLOCK01/SES012/SA012S11	SES082	0.723114	-57.8531	-58.5762
BLOCK01/SES012/SA012S11	SES083	-1.22112	-59.7973	-58.5762
BLOCK01/SES012/SA012S11	SES206	0.792763	-57.7835	-58.5762
BLOCK01/SES012/SA012S14	SES082	0.466805	-58.9053	-59.3721
BLOCK01/SES012/SA012S14	SES087	-0.0440407	-59.4161	-59.3721
BLOCK01/SES012/SA012S14	SES206	0.491844	-58.8802	-59.3721
BLOCK01/SES012/SA012S14	SES292	-2.09382	-61.4659	-59.3721
BLOCK01/SES012/SA012S24	SES082	1.23662	-58.8704	-60.107
BLOCK01/SES012/SA012S24	SES087	0.642529	-59.4645	-60.107
BLOCK01/SES012/SA012S24	SES120	-2.32399	-62.431	-60.107
BLOCK01/SES012/SA012S24	SES206	0.917492	-59.1895	-60.107
BLOCK01/SES012/SA012S26	SES019	-0.449753	-59.593	-59.1433
BLOCK01/SES012/SA012S26	SES082	0.315865	-58.8274	-59.1433
BLOCK01/SES012/SA012S26	SES206	1.3844	-57.7589	-59.1433
BLOCK01/SES012/SA012S26	SES292	-2.09969	-61.243	-59.1433
BLOCK01/SES012/SA012S29	SES062	-1.45779	-60.5621	-59.1043
BLOCK01/SES012/SA012S29	SES082	0.356724	-58.7476	-59.1043
BLOCK01/SES012/SA012S29	SES083	-1.30303	-60.4074	-59.1043
BLOCK01/SES012/SA012S29	SES206	0.881245	-58.2231	-59.1043
BLOCK01/SES013/SA013S16	SES062	-2.55204	-62.625	-60.073
BLOCK01/SES013/SA013S16	SES106	0.592522	-59.4804	-60.073
BLOCK01/SES013/SA013S16	SES206	0.45953	-59.6134	-60.073
BLOCK01/SES013/SA013S16	SES226	0.64188	-59.4311	-60.073
BLOCK01/SES013/SA013S17	SES062	-2.52365	-61.8373	-59.3137
BLOCK01/SES013/SA013S17	SES106	0.444122	-58.8695	-59.3137
BLOCK01/SES013/SA013S17	SES206	1.31712	-57.9966	-59.3137
BLOCK01/SES013/SA013S17	SES226	0.924015	-58.3897	-59.3137
BLOCK01/SES013/SA013S23	SES104	0.379051	-59.4698	-59.8489
BLOCK01/SES013/SA013S23	SES106	0.710674	-59.1382	-59.8489
BLOCK01/SES013/SA013S23	SES206	0.516697	-59.3322	-59.8489
BLOCK01/SES013/SA013S23	SES270	1.17701	-58.6719	-59.8489
BLOCK01/SES013/SA013S25	SES042	0.107693	-59.1914	-59.2991
BLOCK01/SES013/SA013S25	SES104	0.313774	-58.9853	-59.2991
BLOCK01/SES013/SA013S25	SES106	1.18251	-58.1166	-59.2991
BLOCK01/SES013/SA013S25	SES206	0.792076	-58.507	-59.2991
BLOCK01/SES013/SA013S29	SES062	-2.66409	-62.4677	-59.8037
BLOCK01/SES013/SA013S29	SES104	0.259701	-59.544	-59.8037
BLOCK01/SES013/SA013S29	SES106	1.10666	-58.697	-59.8037
BLOCK01/SES013/SA013S29	SES206	0.334232	-59.4694	-59.8037
BLOCK02/SES021/SA021S13	SES016	-1.63684	-61.0825	-59.4457
BLOCK02/SES021/SA021S13	SES029	-2.28625	-61.7319	-59.4457
BLOCK02/SES021/SA021S13	SES087	-0.0984306	-59.5441	-59.4457
BLOCK02/SES021/SA021S13	SES206	-0.0985336	-59.5442	-59.4457
BLOCK02/SES021/SA021S15	SES087	0.329399	-57.7836	-58.113
BLOCK02/SES021/SA021S15	SES125	0.898972	-57.214	-58.113
BLOCK02/SES021/SA021S15	SES206	0.794811	-57.3182	-58.113
BLOCK02/SES021/SA021S15	SES226	0.295219	-57.8177	-58.113
BLOCK02/SES021/SA021S23	SES062	-1.43439	-62.116	-60.6817
BLOCK02/SES021/SA021S23	SES087	0.0611267	-60.6205	-60.6817
BLOCK02/SES021/SA021S23	SES206	0.0897865	-60.5919	-60.6817
BLOCK02/SES021/SA021S23	SES226	0.39027	-60.2914	-60.6817
BLOCK02/SES021/SA021S27	SES002	-0.767136	-60.4199	-59.6527
BLOCK02/SES021/SA021S27	SES016	-1.91874	-61.5715	-59.6527
BLOCK02/SES021/SA021S27	SES019	-0.0552635	-59.708	-59.6527
BLOCK02/SES021/SA021S27	SES062	-0.541466	-60.1942	-59.6527
BLOCK02/SES021/SA021S29	SES087	0.0294151	-59.197	-59.2264
BLOCK02/SES021/SA021S29	SES125	0.977867	-58.2486	-59.2264
BLOCK02/SES021/SA021S29	SES206	0.419174	-58.8073	-59.2264
BLOCK02/SES021/SA021S29	SES226	0.243855	-58.9826	-59.2264
BLOCK04/SES043/SA043S09	SES083	-1.2015	-63.4312	-62.2297
BLOCK04/SES043/SA043S09	SES101	-2.10387	-64.3336	-62.2297
BLOCK04/SES043/SA043S09	SES144	0.255039	-61.9747	-62.2297
BLOCK04/SES043/SA043S09	SES172	-3.1253	-65.355	-62.2297
BLOCK04/SES043/SA043S11	SES083	-0.25211	-60.3383	-60.0862
BLOCK04/SES043/SA043S11	SES101	-0.729557	-60.8157	-60.0862
BLOCK04/SES043/SA043S11	SES144	0.0405502	-60.0456	-60.0862
BLOCK04/SES043/SA043S11	SES172	-1.31311	-61.3993	-60.0862
BLOCK04/SES043/SA043S23	SES083	-0.546333	-61.1979	-60.6516
BLOCK04/SES043/SA043S23	SES144	0.506832	-60.1447	-60.6516
BLOCK04/SES043/SA043S23	SES177	-1.72284	-62.3744	-60.6516
BLOCK04/SES043/SA043S23	SES275	-0.527973	-61.1796	-60.6516
BLOCK04/SES043/SA043S26	SES083	-0.283039	-60.6742	-60.3911
BLOCK04/SES043/SA043S26	SES101	-0.779976	-61.1711	-60.3911
BLOCK04/SES043/SA043S26	SES144	0.125862	-60.2653	-60.3911
BLOCK04/SES043/SA043S26	SES177	-1.47266	-61.8638	-60.3911
BLOCK04/SES043/SA043S28	SES016	0.125992	-59.5311	-59.6571
BLOCK04/SES043/SA043S28	SES083	-0.172009	-59.8291	-59.6571
BLOCK04/SES043/SA043S28	SES101	-0.202282	-59.8593	-59.6571
BLOCK04/SES043/SA043S28	SES144	-0.184513	-59.8416	-59.6571
BLOCK04/SES044/SA044S10	SES127	-1.95594	-64.7837	-62.8277
BLOCK04/SES044/SA044S10	SES144	-0.131092	-62.9588	-62.8277
BLOCK04/SES044/SA044S10	SES147	-2.66677	-65.4945	-62.8277
BLOCK04/SES044/SA044S10	SES148	-1.5449	-64.3726	-62.8277
BLOCK04/SES044/SA044S11	SES101	-1.26463	-63.8287	-62.564
BLOCK04/SES044/SA044S11	SES144	0.091362	-62.4727	-62.564
BLOCK04/SES044/SA044S11	SES147	-1.81255	-64.3766	-62.564
BLOCK04/SES044/SA044S11	SES177	-0.779175	-63.3432	-62.564
BLOCK04/SES044/SA044S24	SES007	-1.21631	-62.5891	-61.3727
BLOCK04/SES044/SA044S24	SES101	-0.82832	-62.2011	-61.3727
BLOCK04/SES044/SA044S24	SES147	-2.91545	-64.2882	-61.3727
BLOCK04/SES044/SA044S24	SES177	-1.60278	-62.9755	-61.3727
BLOCK04/SES044/SA044S26	SES007	-0.855278	-61.8548	-60.9995
BLOCK04/SES044/SA044S26	SES016	0.15081	-60.8487	-60.9995
BLOCK04/SES044/SA044S26	SES101	-0.630447	-61.6299	-60.9995
BLOCK04/SES044/SA044S26	SES147	-1.09079	-62.0903	-60.9995
BLOCK04/SES044/SA044S29	SES007	-0.70504	-60.9757	-60.2706
BLOCK04/SES044/SA044S29	SES101	-0.0608711	-60.3315	-60.2706
BLOCK04/SES044/SA044S29	SES147	-1.62812	-61.8988	-60.2706
BLOCK04/SES044/SA044S29	SES177	-1.31121	-61.5819	-60.2706
BLOCK04/SES046/SA046S13	SES101	-2.92476	-65.4078	-62.483
BLOCK04/SES046/SA046S13	SES144	-0.425644	-62.9086	-62.483
BLOCK04/SES046/SA046S13	SES147	-1.82	-64.303	-62.483
BLOCK04/SES046/SA046S13	SES177	-0.0685196	-62.5515	-62.483
BLOCK04/SES046/SA046S15	SES048	-1.6935	-62.2192	-60.5257
BLOCK04/SES046/SA046S15	SES083	-0.542282	-61.068	-60.5257
BLOCK04/SES046/SA046S15	SES120	-1.20795	-61.7337	-60.5257
BLOCK04/SES046/SA046S15	SES148	-0.887859	-61.4136	-60.5257
BLOCK04/SES046/SA046S22	SES101	-1.2954	-62.7046	-61.4092
BLOCK04/SES046/SA046S22	SES144	-0.223412	-61.6326	-61.4092
BLOCK04/SES046/SA046S22	SES147	-0.964851	-62.3741	-61.4092
BLOCK04/SES046/SA046S22	SES172	-1.25135	-62.6606	-61.4092
BLOCK04/SES046/SA046S25	SES083	-1.06912	-61.8377	-60.7686
BLOCK04/SES046/SA046S25	SES127	-1.04119	-61.8098	-60.7686
BLOCK04/SES046/SA046S25	SES144	-1.02129	-61.7899	-60.7686
BLOCK04/SES046/SA046S25	SES148	-1.09547	-61.864	-60.7686
BLOCK04/SES046/SA046S28	SES007	-2.15697	-64.4699	-62.313
BLOCK04/SES046/SA046S28	SES105	-2.15692	-64.4699	-62.313
BLOCK04/SES046/SA046S28	SES147	-1.92366	-64.2366	-62.313
BLOCK04/SES046/SA046S28	SES148	-0.447857	-62.7608	-62.313
BLOCK04/SES049/SA049S16	SES104	0.554955	-60.655	-61.21
BLOCK04/SES049/SA049S16	SES106	0.19434	-61.0156	-61.21
BLOCK04/SES049/SA049S16	SES120	-2.11697	-63.327	-61.21
BLOCK04/SES049/SA049S16	SES206	0.367661	-60.8423	-61.21
BLOCK04/SES049/SA049S18	SES099	-0.0650444	-61.5164	-61.4513
BLOCK04/SES049/SA049S18	SES104	-0.412544	-61.8639	-61.4513
BLOCK04/SES049/SA049S18	SES125	-1.01831	-62.4696	-61.4513
BLOCK04/SES049/SA049S18	SES206	-0.00104523	-61.4524	-61.4513
BLOCK04/SES049/SA049S25	SES087	0.391678	-60.2232	-60.6149
BLOCK04/SES049/SA049S25	SES104	0.427166	-60.1877	-60.6149
BLOCK04/SES049/SA049S25	SES125	-0.272381	-60.8873	-60.6149
BLOCK04/SES049/SA049S25	SES206	0.422607	-60.1923	-60.6149
BLOCK04/SES049/SA049S27	SES099	-0.0157814	-60.2426	-60.2269
BLOCK04/SES049/SA049S27	SES104	0.641209	-59.5857	-60.2269
BLOCK04/SES049/SA049S27	SES125	-0.278614	-60.5055	-60.2269
BLOCK04/SES049/SA049S27	SES206	0.142529	-60.0843	-60.2269
BLOCK04/SES049/SA049S29	SES099	0.458366	-59.3996	-59.8579
BLOCK04/SES049/SA049S29	SES104	1.19819	-58.6597	-59.8579
BLOCK04/SES049/SA049S29	SES125	0.37178	-59.4861	-59.8579
BLOCK04/SES049/SA049S29	SES206	0.896076	-58.9618	-59.8579
BLOCK06/SES063/SA063S09	SES068	-1.10582	-61.5201	-60.4142
BLOCK06/SES063/SA063S09	SES083	-0.762524	-61.1768	-60.4142
BLOCK06/SES063/SA063S09	SES177	-0.568634	-60.9829	-60.4142
BLOCK06/SES063/SA063S09	SES187	-0.610058	-61.0243	-60.4142
BLOCK06/SES063/SA063S10	SES068	-0.418701	-61.3932	-60.9745
BLOCK06/SES063/SA063S10	SES083	0.0228271	-60.9516	-60.9745
BLOCK06/SES063/SA063S10	SES172	0.649761	-60.3247	-60.9745
BLOCK06/SES063/SA063S10	SES187	-0.155293	-61.1298	-60.9745
BLOCK06/SES063/SA063S20	SES068	-1.36718	-62.5372	-61.17
BLOCK06/SES063/SA063S20	SES083	-0.363567	-61.5336	-61.17
BLOCK06/SES063/SA063S20	SES172	-0.753689	-61.9237	-61.17
BLOCK06/SES063/SA063S20	SES187	0.688576	-60.4815	-61.17
BLOCK06/SES063/SA063S24	SES029	-1.24331	-61.136	-59.8927
BLOCK06/SES063/SA063S24	SES083	0.0794678	-59.8132	-59.8927
BLOCK06/SES063/SA063S24	SES177	-0.135799	-60.0285	-59.8927
BLOCK06/SES063/SA063S24	SES189	-1.6838	-61.5765	-59.8927
BLOCK06/SES063/SA063S27	SES083	-0.411713	-62.0829	-61.6711
BLOCK06/SES063/SA063S27	SES172	-0.332439	-62.0036	-61.6711
BLOCK06/SES063/SA063S27	SES187	-0.366726	-62.0379	-61.6711
BLOCK06/SES063/SA063S27	SES292	-1.13805	-62.8092	-61.6711
BLOCK06/SES067/SA067S12	SES083	-0.565567	-60.8915	-60.3259
BLOCK06/SES067/SA067S12	SES172	-2.27395	-62.5999	-60.3259
BLOCK06/SES067/SA067S12	SES202	0.935051	-59.3909	-60.3259
BLOCK06/SES067/SA067S12	SES292	-1.21415	-61.5401	-60.3259
BLOCK06/SES067/SA067S14	SES085	-1.26601	-60.9035	-59.6375
BLOCK06/SES067/SA067S14	SES177	-0.786007	-60.4235	-59.6375
BLOCK06/SES067/SA067S14	SES183	-0.95557	-60.593	-59.6375
BLOCK06/SES067/SA067S14	SES202	0.296993	-59.3405	-59.6375
BLOCK06/SES067/SA067S21	SES144	-0.403202	-61.8402	-61.437
BLOCK06/SES067/SA067S21	SES177	-0.239651	-61.6766	-61.437
BLOCK06/SES067/SA067S21	SES183	-2.13519	-63.5722	-61.437
BLOCK06/SES067/SA067S21	SES189	-0.0381966	-61.4752	-61.437
BLOCK06/SES067/SA067S25	SES085	0.129723	-60.5716	-60.7013
BLOCK06/SES067/SA067S25	SES177	-0.0294762	-60.7308	-60.7013
BLOCK06/SES067/SA067S25	SES183	-0.791626	-61.493	-60.7013
BLOCK06/SES067/SA067S25	SES202	1.04118	-59.6602	-60.7013
BLOCK06/SES067/SA067S29	SES085	0.362762	-60.7162	-61.0789
BLOCK06/SES067/SA067S29	SES177	-0.279995	-61.3589	-61.0789
BLOCK06/SES067/SA067S29	SES183	0.206661	-60.8723	-61.0789
BLOCK06/SES067/SA067S29	SES202	1.12306	-59.9559	-61.0789
BLOCK06/SES069/SA069S12	SES029	-1.29311	-61.1776	-59.8845
BLOCK06/SES069/SA069S12	SES082	0.735683	-59.1488	-59.8845
BLOCK06/SES069/SA069S12	SES087	-0.644356	-60.5288	-59.8845
BLOCK06/SES069/SA069S12	SES206	-0.0153465	-59.8998	-59.8845
BLOCK06/SES069/SA069S13	SES029	-1.71975	-61.3864	-59.6666
BLOCK06/SES069/SA069S13	SES087	-0.723248	-60.3899	-59.6666
BLOCK06/SES069/SA069S13	SES206	-1.1302	-60.7968	-59.6666
BLOCK06/SES069/SA069S13	SES226	-0.778069	-60.4447	-59.6666
BLOCK06/SES069/SA069S23	SES029	-0.742905	-59.4317	-58.6888
BLOCK06/SES069/SA069S23	SES087	-0.142906	-58.8317	-58.6888
BLOCK06/SES069/SA069S23	SES206	-0.344566	-59.0333	-58.6888
BLOCK06/SES069/SA069S23	SES226	0.256039	-58.4327	-58.6888
BLOCK06/SES069/SA069S25	SES087	0.0668716	-58.5952	-58.6621
BLOCK06/SES069/SA069S25	SES206	-0.211868	-58.8739	-58.6621
BLOCK06/SES069/SA069S25	SES226	0.270229	-58.3918	-58.6621
BLOCK06/SES069/SA069S25	SES270	-0.256104	-58.9182	-58.6621
BLOCK06/SES069/SA069S27	SES087	-0.466103	-59.3516	-58.8855
BLOCK06/SES069/SA069S27	SES206	0.391624	-58.4939	-58.8855
BLOCK06/SES069/SA069S27	SES226	0.935207	-57.9503	-58.8855
BLOCK06/SES069/SA069S27	SES270	0.165054	-58.7205	-58.8855
BLOCK08/SES081/SA081S11	SES060	-0.511665	-61.4862	-60.9745
BLOCK08/SES081/SA081S11	SES062	-1.81991	-62.7944	-60.9745
BLOCK08/SES081/SA081S11	SES117	-0.953575	-61.9281	-60.9745
BLOCK08/SES081/SA081S11	SES162	-0.270615	-61.2452	-60.9745
BLOCK08/SES081/SA081S13	SES016	0.104645	-59.4059	-59.5106
BLOCK08/SES081/SA081S13	SES060	-0.0294838	-59.5401	-59.5106
BLOCK08/SES081/SA081S13	SES068	-0.0577736	-59.5684	-59.5106
BLOCK08/SES081/SA081S13	SES129	-1.62044	-61.131	-59.5106
BLOCK08/SES081/SA081S24	SES060	-0.538334	-60.7664	-60.228
BLOCK08/SES081/SA081S24	SES068	-0.487766	-60.7158	-60.228
BLOCK08/SES081/SA081S24	SES117	-1.37996	-61.608	-60.228
BLOCK08/SES081/SA081S24	SES275	-1.49909	-61.7271	-60.228
BLOCK08/SES081/SA081S27	SES007	-0.987606	-61.4907	-60.5031
BLOCK08/SES081/SA081S27	SES060	-0.809803	-61.3129	-60.5031
BLOCK08/SES081/SA081S27	SES117	-0.223091	-60.7262	-60.5031
BLOCK08/SES081/SA081S27	SES275	-1.44494	-61.948	-60.5031
BLOCK08/SES081/SA081S29	SES007	-1.35881	-61.4615	-60.1027
BLOCK08/SES081/SA081S29	SES060	-0.742844	-60.8455	-60.1027
BLOCK08/SES081/SA081S29	SES117	-0.701515	-60.8042	-60.1027
BLOCK08/SES081/SA081S29	SES275	-1.8122	-61.9149	-60.1027
BLOCK08/SES086/SA086S11	SES029	-3.74088	-65.2497	-61.5088
BLOCK08/SES086/SA086S11	SES082	0.260906	-61.2479	-61.5088
BLOCK08/SES086/SA086S11	SES087	1.10983	-60.3989	-61.5088
BLOCK08/SES086/SA086S11	SES206	0.312595	-61.1962	-61.5088
BLOCK08/SES086/SA086S12	SES029	-2.90276	-63.7622	-60.8594
BLOCK08/SES086/SA086S12	SES082	0.246323	-60.6131	-60.8594
BLOCK08/SES086/SA086S12	SES087	2.02285	-58.8366	-60.8594
BLOCK08/SES086/SA086S12	SES206	0.811234	-60.0482	-60.8594
BLOCK08/SES086/SA086S20	SES029	-3.47824	-62.6843	-59.2061
BLOCK08/SES086/SA086S20	SES082	0.293766	-58.9123	-59.2061
BLOCK08/SES086/SA086S20	SES087	1.26805	-57.938	-59.2061
BLOCK08/SES086/SA086S20	SES206	1.12876	-58.0773	-59.2061
BLOCK08/SES086/SA086S24	SES087	1.45069	-58.9066	-60.3573
BLOCK08/SES086/SA086S24	SES104	0.438919	-59.9183	-60.3573
BLOCK08/SES086/SA086S24	SES120	-2.6604	-63.0177	-60.3573
BLOCK08/SES086/SA086S24	SES206	1.20991	-59.1473	-60.3573
BLOCK08/SES086/SA086S28	SES029	-2.49403	-61.7524	-59.2583
BLOCK08/SES086/SA086S28	SES082	0.283924	-58.9744	-59.2583
BLOCK08/SES086/SA086S28	SES087	1.2692	-57.9891	-59.2583
BLOCK08/SES086/SA086S28	SES206	0.985626	-58.2727	-59.2583
BLOCK08/SES089/SA089S13	SES087	-0.36713	-60.9481	-60.581
BLOCK08/SES089/SA089S13	SES206	-0.504993	-61.086	-60.581
BLOCK08/SES089/SA089S13	SES226	0.052742	-60.5283	-60.581
BLOCK08/SES089/SA089S13	SES270	-0.56554	-61.1466	-60.581
BLOCK08/SES089/SA089S14	SES062	-1.03872	-60.9911	-59.9524
BLOCK08/SES089/SA089S14	SES087	0.355831	-59.5965	-59.9524
BLOCK08/SES089/SA089S14	SES206	-0.165466	-60.1178	-59.9524
BLOCK08/SES089/SA089S14	SES226	0.606853	-59.3455	-59.9524
BLOCK08/SES089/SA089S23	SES087	0.0649757	-61.6347	-61.6996
BLOCK08/SES089/SA089S23	SES206	-0.855858	-62.5555	-61.6996
BLOCK08/SES089/SA089S23	SES226	0.0647354	-61.6349	-61.6996
BLOCK08/SES089/SA089S23	SES270	-0.937721	-62.6373	-61.6996
BLOCK08/SES089/SA089S25	SES062	-1.38446	-61.9849	-60.6004
BLOCK08/SES089/SA089S25	SES087	0.196457	-60.4039	-60.6004
BLOCK08/SES089/SA089S25	SES206	0.146946	-60.4534	-60.6004
BLOCK08/SES089/SA089S25	SES226	1.22431	-59.3761	-60.6004
BLOCK08/SES089/SA089S28	SES062	-1.17785	-61.6805	-60.5027
BLOCK08/SES089/SA089S28	SES087	0.255539	-60.2471	-60.5027
BLOCK08/SES089/SA089S28	SES206	0.0771484	-60.4255	-60.5027
BLOCK08/SES089/SA089S28	SES226	0.837429	-59.6652	-60.5027
BLOCK09/SES097/SA097S11	SES099	0.720459	-60.2227	-60.9431
BLOCK09/SES097/SA097S11	SES125	0.42799	-60.5152	-60.9431
BLOCK09/SES097/SA097S11	SES206	0.743752	-60.1994	-60.9431
BLOCK09/SES097/SA097S11	SES226	0.663227	-60.2799	-60.9431
BLOCK09/SES097/SA097S14	SES062	-1.87509	-62.1357	-60.2606
BLOCK09/SES097/SA097S14	SES099	-0.0260696	-60.2867	-60.2606
BLOCK09/SES097/SA097S14	SES104	0.417175	-59.8434	-60.2606
BLOCK09/SES097/SA097S14	SES206	-0.0275307	-60.2881	-60.2606
BLOCK09/SES097/SA097S22	SES099	0.775921	-59.5025	-60.2785
BLOCK09/SES097/SA097S22	SES206	0.553787	-59.7247	-60.2785
BLOCK09/SES097/SA097S22	SES226	0.0981407	-60.1803	-60.2785
BLOCK09/SES097/SA097S22	SES270	1.11901	-59.1595	-60.2785
BLOCK09/SES097/SA097S26	SES099	0.429398	-59.5173	-59.9467
BLOCK09/SES097/SA097S26	SES120	-1.64012	-61.5868	-59.9467
BLOCK09/SES097/SA097S26	SES206	0.262856	-59.6839	-59.9467
BLOCK09/SES097/SA097S26	SES226	-0.1408	-60.0875	-59.9467
BLOCK09/SES097/SA097S28	SES099	0.432293	-59.7024	-60.1347
BLOCK09/SES097/SA097S28	SES120	-1.20563	-61.3404	-60.1347
BLOCK09/SES097/SA097S28	SES206	0.0180588	-60.1167	-60.1347
BLOCK09/SES097/SA097S28	SES226	-0.218307	-60.3531	-60.1347
BLOCK09/SES098/SA098S11	SES127	-1.69172	-64.4673	-62.7756
BLOCK09/SES098/SA098S11	SES144	-0.544361	-63.32	-62.7756
BLOCK09/SES098/SA098S11	SES147	-0.276451	-63.0521	-62.7756
BLOCK09/SES098/SA098S11	SES148	-1.9608	-64.7364	-62.7756
BLOCK09/SES098/SA098S12	SES127	-3.11803	-67.8616	-64.7436
BLOCK09/SES098/SA098S12	SES144	-0.775307	-65.5189	-64.7436
BLOCK09/SES098/SA098S12	SES147	-0.092514	-64.8361	-64.7436
BLOCK09/SES098/SA098S12	SES189	0.0800095	-64.6635	-64.7436
BLOCK09/SES098/SA098S20	SES127	-3.19229	-66.2417	-63.0494
BLOCK09/SES098/SA098S20	SES147	0.213417	-62.836	-63.0494
BLOCK09/SES098/SA098S20	SES148	-2.10912	-65.1585	-63.0494
BLOCK09/SES098/SA098S20	SES292	-4.45659	-67.506	-63.0494
BLOCK09/SES098/SA098S23	SES127	-1.68681	-63.9115	-62.2246
BLOCK09/SES098/SA098S23	SES147	0.001091	-62.2236	-62.2246
BLOCK09/SES098/SA098S23	SES187	-0.177372	-62.402	-62.2246
BLOCK09/SES098/SA098S23	SES292	-3.14196	-65.3666	-62.2246
BLOCK09/SES098/SA098S27	SES127	-2.02571	-65.1176	-63.0919
BLOCK09/SES098/SA098S27	SES147	-0.477646	-63.5695	-63.0919
BLOCK09/SES098/SA098S27	SES148	-1.83467	-64.9265	-63.0919
BLOCK09/SES098/SA098S27	SES292	-3.36626	-66.4581	-63.0919
BLOCK10/SES102/SA102S13	SES101	0.488884	-61.6879	-62.1768
BLOCK10/SES102/SA102S13	SES105	-0.322773	-62.4995	-62.1768
BLOCK10/SES102/SA102S13	SES120	-0.587582	-62.7644	-62.1768
BLOCK10/SES102/SA102S13	SES158	-5.41451	-67.5913	-62.1768
BLOCK10/SES102/SA102S14	SES007	0.970066	-59.2435	-60.2136
BLOCK10/SES102/SA102S14	SES101	0.602787	-59.6108	-60.2136
BLOCK10/SES102/SA102S14	SES105	0.249107	-59.9645	-60.2136
BLOCK10/SES102/SA102S14	SES147	-2.30949	-62.5231	-60.2136
BLOCK10/SES102/SA102S22	SES007	-0.199947	-60.1138	-59.9138
BLOCK10/SES102/SA102S22	SES101	0.52404	-59.3898	-59.9138
BLOCK10/SES102/SA102S22	SES105	0.0074234	-59.9064	-59.9138
BLOCK10/SES102/SA102S22	SES158	-2.87671	-62.7905	-59.9138
BLOCK10/SES102/SA102S25	SES007	0.453423	-59.9335	-60.387
BLOCK10/SES102/SA102S25	SES101	0.485336	-59.9016	-60.387
BLOCK10/SES102/SA102S25	SES105	0.0620155	-60.3249	-60.387
BLOCK10/SES102/SA102S25	SES147	-2.76881	-63.1558	-60.387
BLOCK10/SES102/SA102S27	SES007	-0.53125	-61.4008	-60.8696
BLOCK10/SES102/SA102S27	SES101	-0.265152	-61.1347	-60.8696
BLOCK10/SES102/SA102S27	SES105	-0.522774	-61.3923	-60.8696
BLOCK10/SES102/SA102S27	SES147	-2.04553	-62.9151	-60.8696
BLOCK10/SES103/SA103S14	SES105	-1.71426	-63.128	-61.4137
BLOCK10/SES103/SA103S14	SES106	0.687256	-60.7264	-61.4137
BLOCK10/SES103/SA103S14	SES120	-2.12484	-63.5385	-61.4137
BLOCK10/SES103/SA103S14	SES206	0.00891113	-61.4048	-61.4137
BLOCK10/SES103/SA103S15	SES099	0.410995	-61.7122	-62.1232
BLOCK10/SES103/SA103S15	SES101	-3.01773	-65.141	-62.1232
BLOCK10/SES103/SA103S15	SES104	0.18425	-61.939	-62.1232
BLOCK10/SES103/SA103S15	SES125	0.294731	-61.8285	-62.1232
BLOCK10/SES103/SA103S24	SES104	-0.220108	-60.5389	-60.3187
BLOCK10/SES103/SA103S24	SES125	-0.534508	-60.8533	-60.3187
BLOCK10/SES103/SA103S24	SES148	-2.06141	-62.3802	-60.3187
BLOCK10/SES103/SA103S24	SES158	0.304707	-60.014	-60.3187
BLOCK10/SES103/SA103S26	SES104	0.0290375	-62.0046	-62.0337
BLOCK10/SES103/SA103S26	SES106	0.77063	-61.2631	-62.0337
BLOCK10/SES103/SA103S26	SES125	-0.32201	-62.3557	-62.0337
BLOCK10/SES103/SA103S26	SES148	-1.34006	-63.3737	-62.0337
BLOCK10/SES103/SA103S28	SES104	-0.115612	-63.0875	-62.9718
BLOCK10/SES103/SA103S28	SES106	0.0671272	-62.9047	-62.9718
BLOCK10/SES103/SA103S28	SES125	-0.986973	-63.9588	-62.9718
BLOCK10/SES103/SA103S28	SES206	-1.40913	-64.381	-62.9718
BLOCK12/SES121/SA121S12	SES042	-0.493969	-62.886	-62.392
BLOCK12/SES121/SA121S12	SES087	-0.711559	-63.1036	-62.392
BLOCK12/SES121/SA121S12	SES105	-1.01087	-63.4029	-62.392
BLOCK12/SES121/SA121S12	SES206	-0.131077	-62.5231	-62.392
BLOCK12/SES121/SA121S14	SES007	-2.70732	-65.1623	-62.455
BLOCK12/SES121/SA121S14	SES105	-1.88248	-64.3375	-62.455
BLOCK12/SES121/SA121S14	SES106	-0.3591	-62.8141	-62.455
BLOCK12/SES121/SA121S14	SES206	-0.532433	-62.9874	-62.455
BLOCK12/SES121/SA121S23	SES105	-1.06142	-64.01	-62.9485
BLOCK12/SES121/SA121S23	SES106	0.432148	-62.5164	-62.9485
BLOCK12/SES121/SA121S23	SES120	-1.60871	-64.5573	-62.9485
BLOCK12/SES121/SA121S23	SES206	0.17263	-62.7759	-62.9485
BLOCK12/SES121/SA121S25	SES007	-2.68218	-65.8989	-63.2167
BLOCK12/SES121/SA121S25	SES105	-2.09821	-65.3149	-63.2167
BLOCK12/SES121/SA121S25	SES106	-0.173927	-63.3906	-63.2167
BLOCK12/SES121/SA121S25	SES206	-0.900284	-64.117	-63.2167
BLOCK12/SES121/SA121S27	SES087	0.289555	-61.7258	-62.0154
BLOCK12/SES121/SA121S27	SES105	-2.82297	-64.8384	-62.0154
BLOCK12/SES121/SA121S27	SES120	-1.90456	-63.9199	-62.0154
BLOCK12/SES121/SA121S27	SES206	-0.216618	-62.232	-62.0154
BLOCK12/SES124/SA124S16	SES042	0.189178	-60.1259	-60.3151
BLOCK12/SES124/SA124S16	SES082	0.0154839	-60.2996	-60.3151
BLOCK12/SES124/SA124S16	SES183	-2.98347	-63.2985	-60.3151
BLOCK12/SES124/SA124S16	SES206	-0.309372	-60.6244	-60.3151
BLOCK12/SES124/SA124S17	SES105	-1.83822	-63.3548	-61.5165
BLOCK12/SES124/SA124S17	SES149	-0.405945	-61.9225	-61.5165
BLOCK12/SES124/SA124S17	SES158	-0.521938	-62.0385	-61.5165
BLOCK12/SES124/SA124S17	SES275	-2.74394	-64.2605	-61.5165
BLOCK12/SES124/SA124S23	SES105	-2.14835	-60.9659	-58.8176
BLOCK12/SES124/SA124S23	SES125	0.694393	-58.1232	-58.8176
BLOCK12/SES124/SA124S23	SES129	-2.20812	-61.0257	-58.8176
BLOCK12/SES124/SA124S23	SES158	-0.0625458	-58.8801	-58.8176
BLOCK12/SES124/SA124S26	SES105	-2.65321	-62.7206	-60.0674
BLOCK12/SES124/SA124S26	SES125	0.919067	-59.1483	-60.0674
BLOCK12/SES124/SA124S26	SES129	-2.61161	-62.679	-60.0674
BLOCK12/SES124/SA124S26	SES158	0.840309	-59.2271	-60.0674
BLOCK12/SES124/SA124S28	SES104	1.13049	-58.8149	-59.9454
BLOCK12/SES124/SA124S28	SES106	0.688869	-59.2565	-59.9454
BLOCK12/SES124/SA124S28	SES125	1.20191	-58.7434	-59.9454
BLOCK12/SES124/SA124S28	SES275	-3.15785	-63.1032	-59.9454
BLOCK12/SES126/SA126S13	SES007	-1.44107	-64.209	-62.768
BLOCK12/SES126/SA126S13	SES162	-0.876751	-63.6447	-62.768
BLOCK12/SES126/SA126S13	SES177	-0.0050354	-62.773	-62.768
BLOCK12/SES126/SA126S13	SES180	-0.740078	-63.508	-62.768
BLOCK12/SES126/SA126S14	SES144	-0.641411	-62.0356	-61.3942
BLOCK12/SES126/SA126S14	SES148	-0.620567	-62.0148	-61.3942
BLOCK12/SES126/SA126S14	SES177	0.84605	-60.5482	-61.3942
BLOCK12/SES126/SA126S14	SES180	0.758228	-60.636	-61.3942
BLOCK12/SES126/SA126S20	SES007	-2.73478	-64.2579	-61.5231
BLOCK12/SES126/SA126S20	SES162	-1.60857	-63.1317	-61.5231
BLOCK12/SES126/SA126S20	SES172	-4.32879	-65.8519	-61.5231
BLOCK12/SES126/SA126S20	SES180	-0.913837	-62.437	-61.5231
BLOCK12/SES126/SA126S24	SES120	-1.75219	-62.7421	-60.9899
BLOCK12/SES126/SA126S24	SES162	-0.111172	-61.1011	-60.9899
BLOCK12/SES126/SA126S24	SES177	0.315945	-60.674	-60.9899
BLOCK12/SES126/SA126S24	SES180	0.655914	-60.334	-60.9899
BLOCK12/SES126/SA126S26	SES120	-0.539761	-61.7579	-61.2181
BLOCK12/SES126/SA126S26	SES177	-0.240452	-61.4586	-61.2181
BLOCK12/SES126/SA126S26	SES180	0.476597	-60.7415	-61.2181
BLOCK12/SES126/SA126S26	SES202	-1.69961	-62.9177	-61.2181
BLOCK12/SES128/SA128S10	SES087	-0.682846	-60.7773	-60.0945
BLOCK12/SES128/SA128S10	SES206	-0.124271	-60.2187	-60.0945
BLOCK12/SES128/SA128S10	SES226	0.0934715	-60.001	-60.0945
BLOCK12/SES128/SA128S10	SES270	0.072937	-60.0215	-60.0945
BLOCK12/SES128/SA128S12	SES120	-0.884392	-61.1044	-60.22
BLOCK12/SES128/SA128S12	SES158	-0.406715	-60.6268	-60.22
BLOCK12/SES128/SA128S12	SES206	0.208595	-60.0114	-60.22
BLOCK12/SES128/SA128S12	SES226	-0.137665	-60.3577	-60.22
BLOCK12/SES128/SA128S21	SES106	-1.20304	-63.0377	-61.8346
BLOCK12/SES128/SA128S21	SES120	-0.236275	-62.0709	-61.8346
BLOCK12/SES128/SA128S21	SES206	-1.4577	-63.2923	-61.8346
BLOCK12/SES128/SA128S21	SES226	-0.008358	-61.843	-61.8346
BLOCK12/SES128/SA128S24	SES087	-1.47747	-63.0161	-61.5386
BLOCK12/SES128/SA128S24	SES120	-0.227985	-61.7666	-61.5386
BLOCK12/SES128/SA128S24	SES206	-1.58391	-63.1225	-61.5386
BLOCK12/SES128/SA128S24	SES226	-0.432579	-61.9712	-61.5386
BLOCK12/SES128/SA128S27	SES099	-1.22573	-61.2445	-60.0188
BLOCK12/SES128/SA128S27	SES120	-0.767216	-60.786	-60.0188
BLOCK12/SES128/SA128S27	SES206	-1.04839	-61.0672	-60.0188
BLOCK12/SES128/SA128S27	SES226	-0.240257	-60.2591	-60.0188
BLOCK13/SES130/SA130S13	SES143	-2.63689	-66.0934	-63.4565
BLOCK13/SES130/SA130S13	SES144	0.871948	-62.5846	-63.4565
BLOCK13/SES130/SA130S13	SES146	0.200367	-63.2562	-63.4565
BLOCK13/SES130/SA130S13	SES275	-2.01647	-65.473	-63.4565
BLOCK13/SES130/SA130S15	SES143	-2.00628	-63.1952	-61.1889
BLOCK13/SES130/SA130S15	SES144	0.16116	-61.0278	-61.1889
BLOCK13/SES130/SA130S15	SES146	0.0953636	-61.0936	-61.1889
BLOCK13/SES130/SA130S15	SES275	-0.493286	-61.6822	-61.1889
BLOCK13/SES130/SA130S23	SES127	-1.37644	-64.1974	-62.821
BLOCK13/SES130/SA130S23	SES144	0.29081	-62.5301	-62.821
BLOCK13/SES130/SA130S23	SES146	0.624252	-62.1967	-62.821
BLOCK13/SES130/SA130S23	SES162	-1.52205	-64.343	-62.821
BLOCK13/SES130/SA130S25	SES127	-1.06795	-62.0168	-60.9489
BLOCK13/SES130/SA130S25	SES144	0.590141	-60.3587	-60.9489
BLOCK13/SES130/SA130S25	SES146	0.717728	-60.2311	-60.9489
BLOCK13/SES130/SA130S25	SES275	-0.110214	-61.0591	-60.9489
BLOCK13/SES130/SA130S28	SES127	-0.352795	-61.9384	-61.5856
BLOCK13/SES130/SA130S28	SES144	0.198677	-61.3869	-61.5856
BLOCK13/SES130/SA130S28	SES146	0.299889	-61.2857	-61.5856
BLOCK13/SES130/SA130S28	SES275	-0.0121918	-61.5977	-61.5856
BLOCK13/SES131/SA131S13	SES002	-0.676495	-63.1338	-62.4573
BLOCK13/SES131/SA131S13	SES007	-2.82219	-65.2794	-62.4573
BLOCK13/SES131/SA131S13	SES099	-1.05193	-63.5092	-62.4573
BLOCK13/SES131/SA131S13	SES105	-1.74315	-64.2004	-62.4573
BLOCK13/SES131/SA131S14	SES104	0.791477	-59.7842	-60.5757
BLOCK13/SES131/SA131S14	SES106	0.772167	-59.8035	-60.5757
BLOCK13/SES131/SA131S14	SES125	-0.324673	-60.9004	-60.5757
BLOCK13/SES131/SA131S14	SES148	-1.07958	-61.6553	-60.5757
BLOCK13/SES131/SA131S20	SES104	-0.274857	-62.0686	-61.7938
BLOCK13/SES131/SA131S20	SES106	0.180054	-61.6137	-61.7938
BLOCK13/SES131/SA131S20	SES125	-0.673187	-62.467	-61.7938
BLOCK13/SES131/SA131S20	SES148	-1.53794	-63.3317	-61.7938
BLOCK13/SES131/SA131S22	SES099	-0.416489	-61.1347	-60.7183
BLOCK13/SES131/SA131S22	SES104	-0.239742	-60.958	-60.7183
BLOCK13/SES131/SA131S22	SES125	-0.443005	-61.1613	-60.7183
BLOCK13/SES131/SA131S22	SES206	-0.4576	-61.1758	-60.7183
BLOCK13/SES131/SA131S29	SES087	-0.167995	-61.5336	-61.3656
BLOCK13/SES131/SA131S29	SES104	-0.831802	-62.1974	-61.3656
BLOCK13/SES131/SA131S29	SES125	-0.79414	-62.1598	-61.3656
BLOCK13/SES131/SA131S29	SES206	-0.780716	-62.1463	-61.3656
BLOCK13/SES132/SA132S11	SES083	-0.803642	-60.908	-60.1044
BLOCK13/SES132/SA132S11	SES120	-0.102242	-60.2066	-60.1044
BLOCK13/SES132/SA132S11	SES127	-0.191982	-60.2964	-60.1044
BLOCK13/SES132/SA132S11	SES275	-1.05695	-61.1613	-60.1044
BLOCK13/SES132/SA132S12	SES083	-0.324474	-60.2463	-59.9218
BLOCK13/SES132/SA132S12	SES143	-0.613274	-60.5351	-59.9218
BLOCK13/SES132/SA132S12	SES144	-0.433029	-60.3549	-59.9218
BLOCK13/SES132/SA132S12	SES148	-0.619339	-60.5412	-59.9218
BLOCK13/SES132/SA132S22	SES062	-0.239029	-60.3361	-60.0971
BLOCK13/SES132/SA132S22	SES083	-0.246284	-60.3434	-60.0971
BLOCK13/SES132/SA132S22	SES127	-0.0505943	-60.1477	-60.0971
BLOCK13/SES132/SA132S22	SES275	-0.725761	-60.8229	-60.0971
BLOCK13/SES132/SA132S24	SES007	-0.475452	-60.6687	-60.1932
BLOCK13/SES132/SA132S24	SES083	-0.361866	-60.5551	-60.1932
BLOCK13/SES132/SA132S24	SES127	-0.232445	-60.4257	-60.1932
BLOCK13/SES132/SA132S24	SES275	-0.939117	-61.1324	-60.1932
BLOCK13/SES132/SA132S27	SES083	-0.708797	-61.3191	-60.6103
BLOCK13/SES132/SA132S27	SES120	0.057724	-60.5526	-60.6103
BLOCK13/SES132/SA132S27	SES127	-0.747532	-61.3578	-60.6103
BLOCK13/SES132/SA132S27	SES275	-1.03824	-61.6485	-60.6103
BLOCK14/SES141/SA141S09	SES143	-0.198505	-61.342	-61.1435
BLOCK14/SES141/SA141S09	SES144	-0.311043	-61.4545	-61.1435
BLOCK14/SES141/SA141S09	SES162	0.0659103	-61.0776	-61.1435
BLOCK14/SES141/SA141S09	SES180	0.00018692	-61.1433	-61.1435
BLOCK14/SES141/SA141S15	SES127	-0.766361	-61.6439	-60.8776
BLOCK14/SES141/SA141S15	SES144	-0.402225	-61.2798	-60.8776
BLOCK14/SES141/SA141S15	SES162	-0.371677	-61.2493	-60.8776
BLOCK14/SES141/SA141S15	SES180	-0.278313	-61.1559	-60.8776
BLOCK14/SES141/SA141S24	SES127	-0.0516243	-61.2182	-61.1666
BLOCK14/SES141/SA141S24	SES144	-0.733028	-61.8996	-61.1666
BLOCK14/SES141/SA141S24	SES162	0.594269	-60.5723	-61.1666
BLOCK14/SES141/SA141S24	SES183	-1.05182	-62.2184	-61.1666
BLOCK14/SES141/SA141S26	SES142	-0.263138	-61.8691	-61.606
BLOCK14/SES141/SA141S26	SES144	-0.560696	-62.1667	-61.606
BLOCK14/SES141/SA141S26	SES172	-1.21311	-62.8191	-61.606
BLOCK14/SES141/SA141S26	SES180	0.598877	-61.0071	-61.606
BLOCK14/SES141/SA141S29	SES127	0.541637	-60.1956	-60.7372
BLOCK14/SES141/SA141S29	SES142	0.365177	-60.372	-60.7372
BLOCK14/SES141/SA141S29	SES144	-0.665501	-61.4027	-60.7372
BLOCK14/SES141/SA141S29	SES180	0.864086	-59.8731	-60.7372
BLOCK15/SES157/SA157S08	SES083	-0.776176	-61.6177	-60.8415
BLOCK15/SES157/SA157S08	SES127	-1.21818	-62.0597	-60.8415
BLOCK15/SES157/SA157S08	SES148	-0.0580025	-60.8995	-60.8415
BLOCK15/SES157/SA157S08	SES292	-0.730881	-61.5724	-60.8415
BLOCK15/SES157/SA157S11	SES083	-1.08677	-62.0004	-60.9137
BLOCK15/SES157/SA157S11	SES127	-2.05574	-62.9694	-60.9137
BLOCK15/SES157/SA157S11	SES148	-0.833904	-61.7476	-60.9137
BLOCK15/SES157/SA157S11	SES292	-1.32211	-62.2358	-60.9137
BLOCK15/SES157/SA157S21	SES127	-1.70594	-62.2056	-60.4997
BLOCK15/SES157/SA157S21	SES148	-0.52454	-61.0242	-60.4997
BLOCK15/SES157/SA157S21	SES158	-4.41072	-64.9104	-60.4997
BLOCK15/SES157/SA157S21	SES292	0.252369	-60.2473	-60.4997
BLOCK15/SES157/SA157S24	SES127	-1.30857	-61.8187	-60.5101
BLOCK15/SES157/SA157S24	SES148	-0.284184	-60.7943	-60.5101
BLOCK15/SES157/SA157S24	SES183	-1.27422	-61.7843	-60.5101
BLOCK15/SES157/SA157S24	SES292	-0.215248	-60.7254	-60.5101
BLOCK15/SES157/SA157S26	SES007	0.171692	-60.4727	-60.6444
BLOCK15/SES157/SA157S26	SES127	-0.38578	-61.0302	-60.6444
BLOCK15/SES157/SA157S26	SES147	-2.86849	-63.5129	-60.6444
BLOCK15/SES157/SA157S26	SES148	-0.337643	-60.9821	-60.6444
BLOCK16/SES161/SA161S10	SES007	-1.1358	-63.2729	-62.1371
BLOCK16/SES161/SA161S10	SES105	-0.610348	-62.7475	-62.1371
BLOCK16/SES161/SA161S10	SES158	-1.44226	-63.5794	-62.1371
BLOCK16/SES161/SA161S10	SES275	-1.12955	-63.2667	-62.1371
BLOCK16/SES161/SA161S12	SES007	-0.239887	-62.1107	-61.8708
BLOCK16/SES161/SA161S12	SES105	-0.54105	-62.4119	-61.8708
BLOCK16/SES161/SA161S12	SES158	-0.0234032	-61.8943	-61.8708
BLOCK16/SES161/SA161S12	SES275	-0.993332	-62.8642	-61.8708
BLOCK16/SES161/SA161S20	SES007	-1.14115	-64.3225	-63.1813
BLOCK16/SES161/SA161S20	SES105	-0.819855	-64.0012	-63.1813
BLOCK16/SES161/SA161S20	SES158	-1.15941	-64.3407	-63.1813
BLOCK16/SES161/SA161S20	SES275	-1.35294	-64.5343	-63.1813
BLOCK16/SES161/SA161S23	SES007	-1.20913	-62.4264	-61.2173
BLOCK16/SES161/SA161S23	SES105	-0.496578	-61.7139	-61.2173
BLOCK16/SES161/SA161S23	SES148	-1.31791	-62.5352	-61.2173
BLOCK16/SES161/SA161S23	SES158	-0.216328	-61.4336	-61.2173
BLOCK16/SES161/SA161S28	SES007	-1.59378	-63.2044	-61.6106
BLOCK16/SES161/SA161S28	SES105	-1.09182	-62.7025	-61.6106
BLOCK16/SES161/SA161S28	SES158	0.141567	-61.4691	-61.6106
BLOCK16/SES161/SA161S28	SES206	-0.84053	-62.4512	-61.6106
BLOCK16/SES164/SA164S11	SES104	-0.194664	-59.3771	-59.1824
BLOCK16/SES164/SA164S11	SES125	0.290493	-58.8919	-59.1824
BLOCK16/SES164/SA164S11	SES158	0.9132	-58.2692	-59.1824
BLOCK16/SES164/SA164S11	SES206	-0.131397	-59.3138	-59.1824
BLOCK16/SES164/SA164S13	SES099	0.0599594	-60.8406	-60.9006
BLOCK16/SES164/SA164S13	SES104	-0.0935326	-60.9941	-60.9006
BLOCK16/SES164/SA164S13	SES125	-0.238914	-61.1395	-60.9006
BLOCK16/SES164/SA164S13	SES206	0.239204	-60.6614	-60.9006
BLOCK16/SES164/SA164S24	SES002	1.02193	-59.28	-60.3019
BLOCK16/SES164/SA164S24	SES099	-0.0208664	-60.3228	-60.3019
BLOCK16/SES164/SA164S24	SES125	-0.0141258	-60.3161	-60.3019
BLOCK16/SES164/SA164S24	SES226	1.07026	-59.2317	-60.3019
BLOCK16/SES164/SA164S27	SES087	-0.441307	-60.8397	-60.3984
BLOCK16/SES164/SA164S27	SES125	0.123688	-60.2747	-60.3984
BLOCK16/SES164/SA164S27	SES206	-0.229458	-60.6278	-60.3984
BLOCK16/SES164/SA164S27	SES226	-0.0109634	-60.4094	-60.3984
BLOCK16/SES164/SA164S29	SES002	0.48592	-59.5458	-60.0317
BLOCK16/SES164/SA164S29	SES019	0.0330086	-59.9987	-60.0317
BLOCK16/SES164/SA164S29	SES125	0.00126648	-60.0305	-60.0317
BLOCK16/SES164/SA164S29	SES226	-0.06464	-60.0964	-60.0317
BLOCK16/SES169/SA169S13	SES117	-1.65575	-62.9803	-61.3245
BLOCK16/SES169/SA169S13	SES144	0.0337601	-61.2907	-61.3245
BLOCK16/SES169/SA169S13	SES146	0.0612907	-61.2632	-61.3245
BLOCK16/SES169/SA169S13	SES162	-1.81648	-63.141	-61.3245
BLOCK16/SES169/SA169S14	SES144	-0.112736	-60.1521	-60.0394
BLOCK16/SES169/SA169S14	SES148	-0.488457	-60.5279	-60.0394
BLOCK16/SES169/SA169S14	SES177	-1.44971	-61.4891	-60.0394
BLOCK16/SES169/SA169S14	SES180	-1.65054	-61.6899	-60.0394
BLOCK16/SES169/SA169S24	SES117	-1.3499	-63.0577	-61.7078
BLOCK16/SES169/SA169S24	SES144	0.0363426	-61.6714	-61.7078
BLOCK16/SES169/SA169S24	SES146	0.0302086	-61.6776	-61.7078
BLOCK16/SES169/SA169S24	SES162	-1.34192	-63.0497	-61.7078
BLOCK16/SES169/SA169S27	SES127	-0.317841	-61.3016	-60.9838
BLOCK16/SES169/SA169S27	SES129	-0.169426	-61.1532	-60.9838
BLOCK16/SES169/SA169S27	SES144	-0.399971	-61.3838	-60.9838
BLOCK16/SES169/SA169S27	SES146	0.299301	-60.6845	-60.9838
BLOCK16/SES169/SA169S29	SES144	0.197655	-60.3693	-60.5669
BLOCK16/SES169/SA169S29	SES162	-1.43264	-61.9996	-60.5669
BLOCK16/SES169/SA169S29	SES177	-1.72407	-62.291	-60.5669
BLOCK16/SES169/SA169S29	SES180	-0.737862	-61.3048	-60.5669
BLOCK17/SES171/SA171S12	SES083	-0.711796	-62.1615	-61.4497
BLOCK17/SES171/SA171S12	SES148	-0.733196	-62.1829	-61.4497
BLOCK17/SES171/SA171S12	SES172	-0.785053	-62.2348	-61.4497
BLOCK17/SES171/SA171S12	SES292	-1.16918	-62.6189	-61.4497
BLOCK17/SES171/SA171S15	SES148	-1.11908	-63.7633	-62.6442
BLOCK17/SES171/SA171S15	SES177	-0.914974	-63.5592	-62.6442
BLOCK17/SES171/SA171S15	SES180	-2.16664	-64.8109	-62.6442
BLOCK17/SES171/SA171S15	SES292	-3.89211	-66.5363	-62.6442
BLOCK17/SES171/SA171S22	SES007	-0.612747	-61.2266	-60.6139
BLOCK17/SES171/SA171S22	SES148	-0.302856	-60.9168	-60.6139
BLOCK17/SES171/SA171S22	SES177	0.16267	-60.4512	-60.6139
BLOCK17/SES171/SA171S22	SES180	-0.672085	-61.286	-60.6139
BLOCK17/SES171/SA171S25	SES101	-3.65248	-66.4241	-62.7716
BLOCK17/SES171/SA171S25	SES120	-3.9785	-66.7501	-62.7716
BLOCK17/SES171/SA171S25	SES177	-0.322105	-63.0937	-62.7716
BLOCK17/SES171/SA171S25	SES180	-1.51064	-64.2823	-62.7716
BLOCK17/SES171/SA171S27	SES177	0.191715	-61.3397	-61.5314
BLOCK17/SES171/SA171S27	SES180	-1.44534	-62.9768	-61.5314
BLOCK17/SES171/SA171S27	SES189	-0.402393	-61.9338	-61.5314
BLOCK17/SES171/SA171S27	SES292	-2.14587	-63.6773	-61.5314
BLOCK17/SES173/SA173S13	SES162	-1.38399	-64.3016	-62.9176
BLOCK17/SES173/SA173S13	SES177	-0.214287	-63.1319	-62.9176
BLOCK17/SES173/SA173S13	SES180	-0.435173	-63.3527	-62.9176
BLOCK17/SES173/SA173S13	SES292	-3.06866	-65.9862	-62.9176
BLOCK17/SES173/SA173S14	SES007	-2.24475	-65.1566	-62.9119
BLOCK17/SES173/SA173S14	SES162	-0.949642	-63.8615	-62.9119
BLOCK17/SES173/SA173S14	SES177	0.118393	-62.7935	-62.9119
BLOCK17/SES173/SA173S14	SES180	0.0329475	-62.8789	-62.9119
BLOCK17/SES173/SA173S24	SES144	-0.142647	-63.9404	-63.7977
BLOCK17/SES173/SA173S24	SES162	-1.37938	-65.1771	-63.7977
BLOCK17/SES173/SA173S24	SES177	-0.377804	-64.1756	-63.7977
BLOCK17/SES173/SA173S24	SES180	-0.0508423	-63.8486	-63.7977
BLOCK17/SES173/SA173S27	SES162	-1.63137	-64.4441	-62.8128
BLOCK17/SES173/SA173S27	SES177	-0.0885506	-62.9013	-62.8128
BLOCK17/SES173/SA173S27	SES180	-0.603092	-63.4158	-62.8128
BLOCK17/SES173/SA173S27	SES292	-3.70842	-66.5212	-62.8128
BLOCK17/SES173/SA173S29	SES162	-0.936119	-64.0769	-63.1408
BLOCK17/SES173/SA173S29	SES175	0.404831	-62.736	-63.1408
BLOCK17/SES173/SA173S29	SES177	-0.501865	-63.6427	-63.1408
BLOCK17/SES173/SA173S29	SES292	-3.87383	-67.0146	-63.1408
BLOCK18/SES182/SA182S10	SES144	-0.206451	-61.288	-61.0815
BLOCK18/SES182/SA182S10	SES177	-0.0752754	-61.1568	-61.0815
BLOCK18/SES182/SA182S10	SES180	-0.229656	-61.3112	-61.0815
BLOCK18/SES182/SA182S10	SES275	-0.268543	-61.3501	-61.0815
BLOCK18/SES182/SA182S12	SES144	-0.0193939	-60.462	-60.4426
BLOCK18/SES182/SA182S12	SES177	-0.147995	-60.5906	-60.4426
BLOCK18/SES182/SA182S12	SES180	-0.4856	-60.9282	-60.4426
BLOCK18/SES182/SA182S12	SES275	-1.12357	-61.5662	-60.4426
BLOCK18/SES182/SA182S21	SES117	-0.610825	-62.5008	-61.89
BLOCK18/SES182/SA182S21	SES144	-0.547836	-62.4378	-61.89
BLOCK18/SES182/SA182S21	SES162	-0.129131	-62.0191	-61.89
BLOCK18/SES182/SA182S21	SES180	0.137188	-61.7528	-61.89
BLOCK18/SES182/SA182S23	SES117	-0.522366	-61.766	-61.2436
BLOCK18/SES182/SA182S23	SES144	-0.535519	-61.7791	-61.2436
BLOCK18/SES182/SA182S23	SES180	-0.516132	-61.7597	-61.2436
BLOCK18/SES182/SA182S23	SES275	-0.868092	-62.1117	-61.2436
BLOCK18/SES182/SA182S25	SES007	-0.433582	-61.7183	-61.2847
BLOCK18/SES182/SA182S25	SES162	-0.232121	-61.5168	-61.2847
BLOCK18/SES182/SA182S25	SES177	-0.109936	-61.3946	-61.2847
BLOCK18/SES182/SA182S25	SES180	0.297195	-60.9875	-61.2847
BLOCK18/SES184/SA184S12	SES177	-0.462132	-61.8861	-61.4239
BLOCK18/SES184/SA184S12	SES180	-0.637276	-62.0612	-61.4239
BLOCK18/SES184/SA184S12	SES189	-1.67104	-63.095	-61.4239
BLOCK18/SES184/SA184S12	SES292	-0.258579	-61.6825	-61.4239
BLOCK18/SES184/SA184S13	SES101	-0.578896	-62.054	-61.4751
BLOCK18/SES184/SA184S13	SES177	-0.713047	-62.1881	-61.4751
BLOCK18/SES184/SA184S13	SES180	-0.336143	-61.8112	-61.4751
BLOCK18/SES184/SA184S13	SES292	-0.297794	-61.7729	-61.4751
BLOCK18/SES184/SA184S22	SES177	-0.724815	-61.6914	-60.9666
BLOCK18/SES184/SA184S22	SES180	-0.311504	-61.2781	-60.9666
BLOCK18/SES184/SA184S22	SES189	-1.83842	-62.805	-60.9666
BLOCK18/SES184/SA184S22	SES292	-0.646919	-61.6135	-60.9666
BLOCK18/SES184/SA184S25	SES101	-0.000312805	-59.9746	-59.9743
BLOCK18/SES184/SA184S25	SES177	-0.75473	-60.729	-59.9743
BLOCK18/SES184/SA184S25	SES180	-0.35667	-60.3309	-59.9743
BLOCK18/SES184/SA184S25	SES292	0.171986	-59.8023	-59.9743
BLOCK18/SES184/SA184S27	SES083	-0.516354	-61.186	-60.6696
BLOCK18/SES184/SA184S27	SES177	-0.911427	-61.581	-60.6696
BLOCK18/SES184/SA184S27	SES202	-2.41145	-63.0811	-60.6696
BLOCK18/SES184/SA184S27	SES292	-0.777637	-61.4473	-60.6696
BLOCK20/SES204/SA204S12	SES062	-1.48764	-60.9598	-59.4722
BLOCK20/SES204/SA204S12	SES083	-1.46638	-60.9386	-59.4722
BLOCK20/SES204/SA204S12	SES206	0.241673	-59.2305	-59.4722
BLOCK20/SES204/SA204S12	SES226	-0.308784	-59.781	-59.4722
BLOCK20/SES204/SA204S14	SES068	-2.26052	-60.8591	-58.5986
BLOCK20/SES204/SA204S14	SES087	0.209095	-58.3895	-58.5986
BLOCK20/SES204/SA204S14	SES206	-0.147961	-58.7465	-58.5986
BLOCK20/SES204/SA204S14	SES226	-0.443707	-59.0423	-58.5986
BLOCK20/SES204/SA204S22	SES068	-2.97208	-62.5868	-59.6148
BLOCK20/SES204/SA204S22	SES082	-0.449085	-60.0639	-59.6148
BLOCK20/SES204/SA204S22	SES083	-1.77283	-61.3876	-59.6148
BLOCK20/SES204/SA204S22	SES206	0.358356	-59.2564	-59.6148
BLOCK20/SES204/SA204S25	SES062	-2.35052	-62.2026	-59.8521
BLOCK20/SES204/SA204S25	SES083	-1.70998	-61.562	-59.8521
BLOCK20/SES204/SA204S25	SES206	0.632362	-59.2197	-59.8521
BLOCK20/SES204/SA204S25	SES226	-0.133518	-59.9856	-59.8521
BLOCK20/SES204/SA204S27	SES068	-2.85476	-62.8543	-59.9995
BLOCK20/SES204/SA204S27	SES082	-0.186752	-60.1862	-59.9995
BLOCK20/SES204/SA204S27	SES087	0.670071	-59.3294	-59.9995
BLOCK20/SES204/SA204S27	SES206	0.644817	-59.3547	-59.9995
BLOCK20/SES207/SA207S10	SES127	-0.204472	-60.9728	-60.7684
BLOCK20/SES207/SA207S10	SES183	-0.652172	-61.4205	-60.7684
BLOCK20/SES207/SA207S10	SES189	-0.946911	-61.7153	-60.7684
BLOCK20/SES207/SA207S10	SES292	-0.614529	-61.3829	-60.7684
BLOCK20/SES207/SA207S11	SES127	-1.67972	-62.7059	-61.0262
BLOCK20/SES207/SA207S11	SES183	-0.883907	-61.9101	-61.0262
BLOCK20/SES207/SA207S11	SES187	-1.06206	-62.0882	-61.0262
BLOCK20/SES207/SA207S11	SES292	-1.36386	-62.39	-61.0262
BLOCK20/SES207/SA207S25	SES068	-1.11229	-62.3793	-61.2671
BLOCK20/SES207/SA207S25	SES083	-1.2251	-62.4922	-61.2671
BLOCK20/SES207/SA207S25	SES127	-0.888351	-62.1554	-61.2671
BLOCK20/SES207/SA207S25	SES187	-0.46907	-61.7361	-61.2671
BLOCK20/SES207/SA207S27	SES127	-1.00662	-62.1812	-61.1746
BLOCK20/SES207/SA207S27	SES183	-0.864162	-62.0387	-61.1746
BLOCK20/SES207/SA207S27	SES187	-1.07088	-62.2454	-61.1746
BLOCK20/SES207/SA207S27	SES292	-1.51871	-62.6933	-61.1746
BLOCK20/SES207/SA207S29	SES083	-1.43995	-62.2757	-60.8357
BLOCK20/SES207/SA207S29	SES085	-0.849327	-61.6851	-60.8357
BLOCK20/SES207/SA207S29	SES172	-1.67877	-62.5145	-60.8357
BLOCK20/SES207/SA207S29	SES189	-1.63773	-62.4735	-60.8357
BLOCK22/SES221/SA221S12	SES068	-0.692146	-63.0093	-62.3172
BLOCK22/SES221/SA221S12	SES143	-0.22897	-62.5462	-62.3172
BLOCK22/SES221/SA221S12	SES175	0.135311	-62.1819	-62.3172
BLOCK22/SES221/SA221S12	SES202	1.34392	-60.9733	-62.3172
BLOCK22/SES221/SA221S15	SES085	-3.04208	-66.3301	-63.288
BLOCK22/SES221/SA221S15	SES143	-1.01183	-64.2999	-63.288
BLOCK22/SES221/SA221S15	SES175	-1.06458	-64.3526	-63.288
BLOCK22/SES221/SA221S15	SES187	0.0277939	-63.2602	-63.288
BLOCK22/SES221/SA221S23	SES068	-1.67277	-64.4807	-62.8079
BLOCK22/SES221/SA221S23	SES143	-1.00945	-63.8173	-62.8079
BLOCK22/SES221/SA221S23	SES175	-0.294838	-63.1027	-62.8079
BLOCK22/SES221/SA221S23	SES189	1.26328	-61.5446	-62.8079
BLOCK22/SES221/SA221S27	SES085	-3.48585	-65.8028	-62.3169
BLOCK22/SES221/SA221S27	SES143	-0.646854	-62.9638	-62.3169
BLOCK22/SES221/SA221S27	SES175	-1.52993	-63.8469	-62.3169
BLOCK22/SES221/SA221S27	SES189	1.45665	-60.8603	-62.3169
BLOCK22/SES221/SA221S29	SES085	-4.97234	-69.6666	-64.6943
BLOCK22/SES221/SA221S29	SES143	-1.53661	-66.2309	-64.6943
BLOCK22/SES221/SA221S29	SES175	-1.66274	-66.357	-64.6943
BLOCK22/SES221/SA221S29	SES187	-0.972557	-65.6669	-64.6943
BLOCK22/SES223/SA223S11	SES143	-0.566814	-63.2094	-62.6426
BLOCK22/SES223/SA223S11	SES144	-1.26827	-63.9109	-62.6426
BLOCK22/SES223/SA223S11	SES175	-0.308235	-62.9508	-62.6426
BLOCK22/SES223/SA223S11	SES187	-0.336769	-62.9793	-62.6426
BLOCK22/SES223/SA223S13	SES068	-1.56498	-65.1565	-63.5915
BLOCK22/SES223/SA223S13	SES143	-0.744534	-64.336	-63.5915
BLOCK22/SES223/SA223S13	SES146	-1.55689	-65.1484	-63.5915
BLOCK22/SES223/SA223S13	SES202	-0.0850601	-63.6765	-63.5915
BLOCK22/SES223/SA223S22	SES143	-0.599083	-63.3213	-62.7222
BLOCK22/SES223/SA223S22	SES144	-1.00408	-63.7263	-62.7222
BLOCK22/SES223/SA223S22	SES175	-1.33035	-64.0525	-62.7222
BLOCK22/SES223/SA223S22	SES187	-0.67157	-63.3938	-62.7222
BLOCK22/SES223/SA223S25	SES068	-1.35848	-64.2011	-62.8427
BLOCK22/SES223/SA223S25	SES143	-0.302631	-63.1453	-62.8427
BLOCK22/SES223/SA223S25	SES175	-0.180748	-63.0234	-62.8427
BLOCK22/SES223/SA223S25	SES187	-0.0100174	-62.8527	-62.8427
BLOCK22/SES223/SA223S27	SES143	-0.950085	-63.9381	-62.9881
BLOCK22/SES223/SA223S27	SES146	-1.79767	-64.7857	-62.9881
BLOCK22/SES223/SA223S27	SES187	-1.32504	-64.3131	-62.9881
BLOCK22/SES223/SA223S27	SES292	-3.99393	-66.982	-62.9881
BLOCK27/SES273/SA273S12	SES099	0.795727	-57.4844	-58.2801
BLOCK27/SES273/SA273S12	SES104	1.17409	-57.1061	-58.2801
BLOCK27/SES273/SA273S12	SES125	0.6763	-57.6038	-58.2801
BLOCK27/SES273/SA273S12	SES206	1.26041	-57.0197	-58.2801
BLOCK27/SES273/SA273S13	SES099	0.419075	-57.7436	-58.1627
BLOCK27/SES273/SA273S13	SES104	0.642044	-57.5206	-58.1627
BLOCK27/SES273/SA273S13	SES206	0.596325	-57.5663	-58.1627
BLOCK27/SES273/SA273S13	SES292	-2.05012	-60.2128	-58.1627
BLOCK27/SES273/SA273S21	SES099	1.46797	-56.8832	-58.3511
BLOCK27/SES273/SA273S21	SES148	-2.78368	-61.1348	-58.3511
BLOCK27/SES273/SA273S21	SES149	-0.0363007	-58.3874	-58.3511
BLOCK27/SES273/SA273S21	SES177	-3.11926	-61.4704	-58.3511
BLOCK27/SES273/SA273S25	SES104	0.595898	-57.8394	-58.4353
BLOCK27/SES273/SA273S25	SES125	0.304867	-58.1304	-58.4353
BLOCK27/SES273/SA273S25	SES158	0.445736	-57.9895	-58.4353
BLOCK27/SES273/SA273S25	SES206	1.01952	-57.4157	-58.4353
BLOCK27/SES273/SA273S27	SES099	0.404392	-58.082	-58.4864
BLOCK27/SES273/SA273S27	SES104	0.244511	-58.2419	-58.4864
BLOCK27/SES273/SA273S27	SES149	-0.0526428	-58.539	-58.4864
BLOCK27/SES273/SA273S27	SES275	-1.32809	-59.8145	-58.4864
BLOCK27/SES274/SA274S10	SES105	-1.01629	-60.2607	-59.2444
BLOCK27/SES274/SA274S10	SES125	0.248821	-58.9956	-59.2444
BLOCK27/SES274/SA274S10	SES129	-0.291687	-59.5361	-59.2444
BLOCK27/SES274/SA274S10	SES158	-0.301319	-59.5457	-59.2444
BLOCK27/SES274/SA274S11	SES105	-1.60249	-60.9738	-59.3713
BLOCK27/SES274/SA274S11	SES149	0.0348396	-59.3364	-59.3713
BLOCK27/SES274/SA274S11	SES158	0.177597	-59.1937	-59.3713
BLOCK27/SES274/SA274S11	SES275	-1.80613	-61.1774	-59.3713
BLOCK27/SES274/SA274S21	SES105	-1.04177	-60.7791	-59.7374
BLOCK27/SES274/SA274S21	SES129	-0.310562	-60.0479	-59.7374
BLOCK27/SES274/SA274S21	SES149	-0.000648499	-59.738	-59.7374
BLOCK27/SES274/SA274S21	SES158	-0.759178	-60.4965	-59.7374
BLOCK27/SES274/SA274S24	SES105	-1.35421	-60.613	-59.2588
BLOCK27/SES274/SA274S24	SES129	-0.716064	-59.9749	-59.2588
BLOCK27/SES274/SA274S24	SES149	-0.333225	-59.592	-59.2588
BLOCK27/SES274/SA274S24	SES158	-0.729328	-59.9881	-59.2588
BLOCK27/SES274/SA274S29	SES105	-1.39817	-60.6963	-59.2981
BLOCK27/SES274/SA274S29	SES106	-0.158154	-59.4563	-59.2981
BLOCK27/SES274/SA274S29	SES120	-1.28993	-60.5881	-59.2981
BLOCK27/SES274/SA274S29	SES275	-1.56323	-60.8614	-59.2981
BLOCK27/SES276/SA276S16	SES148	-0.547916	-62.2648	-61.7169
BLOCK27/SES276/SA276S16	SES172	-0.700848	-62.4178	-61.7169
BLOCK27/SES276/SA276S16	SES180	-1.62209	-63.339	-61.7169
BLOCK27/SES276/SA276S16	SES292	0.342636	-61.3743	-61.7169
BLOCK27/SES276/SA276S17	SES101	-0.79039	-62.0637	-61.2733
BLOCK27/SES276/SA276S17	SES177	-1.09727	-62.3706	-61.2733
BLOCK27/SES276/SA276S17	SES180	-0.645901	-61.9192	-61.2733
BLOCK27/SES276/SA276S17	SES292	-0.162312	-61.4356	-61.2733
BLOCK27/SES276/SA276S24	SES101	-0.306458	-60.6512	-60.3447
BLOCK27/SES276/SA276S24	SES177	-1.21719	-61.5619	-60.3447
BLOCK27/SES276/SA276S24	SES180	-0.837692	-61.1824	-60.3447
BLOCK27/SES276/SA276S24	SES292	-0.856457	-61.2012	-60.3447
BLOCK27/SES276/SA276S26	SES101	-1.40556	-62.3533	-60.9478
BLOCK27/SES276/SA276S26	SES177	-0.580837	-61.5286	-60.9478
BLOCK27/SES276/SA276S26	SES180	-0.374855	-61.3226	-60.9478
BLOCK27/SES276/SA276S26	SES292	-0.596016	-61.5438	-60.9478
BLOCK27/SES276/SA276S28	SES101	-0.764992	-62.0861	-61.3211
BLOCK27/SES276/SA276S28	SES177	-0.828514	-62.1496	-61.3211
BLOCK27/SES276/SA276S28	SES180	-0.531277	-61.8524	-61.3211
BLOCK27/SES276/SA276S28	SES292	-0.487888	-61.809	-61.3211
BLOCK27/SES277/SA277S12	SES101	-0.66518	-62.5679	-61.9027
BLOCK27/SES277/SA277S12	SES177	-1.28473	-63.1875	-61.9027
BLOCK27/SES277/SA277S12	SES180	-0.505856	-62.4086	-61.9027
BLOCK27/SES277/SA277S12	SES292	-1.1315	-63.0342	-61.9027
BLOCK27/SES277/SA277S14	SES177	-0.189102	-62.4129	-62.2238
BLOCK27/SES277/SA277S14	SES180	-1.24944	-63.4732	-62.2238
BLOCK27/SES277/SA277S14	SES189	-0.160965	-62.3848	-62.2238
BLOCK27/SES277/SA277S14	SES292	-2.4901	-64.7139	-62.2238
BLOCK27/SES277/SA277S21	SES177	-0.252132	-61.5779	-61.3258
BLOCK27/SES277/SA277S21	SES180	-0.874851	-62.2006	-61.3258
BLOCK27/SES277/SA277S21	SES189	-0.833717	-62.1595	-61.3258
BLOCK27/SES277/SA277S21	SES292	-2.0777	-63.4035	-61.3258
BLOCK27/SES277/SA277S24	SES144	-0.886234	-63.8735	-62.9872
BLOCK27/SES277/SA277S24	SES177	-0.390869	-63.3781	-62.9872
BLOCK27/SES277/SA277S24	SES180	-1.45076	-64.438	-62.9872
BLOCK27/SES277/SA277S24	SES189	-0.5784	-63.5656	-62.9872
BLOCK27/SES277/SA277S29	SES177	-0.364727	-60.6381	-60.2734
BLOCK27/SES277/SA277S29	SES180	-0.437645	-60.711	-60.2734
BLOCK27/SES277/SA277S29	SES202	-1.0319	-61.3053	-60.2734
BLOCK27/SES277/SA277S29	SES292	-1.37068	-61.6441	-60.2734
BLOCK27/SES279/SA279S09	SES120	-0.349186	-60.4438	-60.0946
BLOCK27/SES279/SA279S09	SES146	-0.702728	-60.7973	-60.0946
BLOCK27/SES279/SA279S09	SES206	-1.12017	-61.2147	-60.0946
BLOCK27/SES279/SA279S09	SES226	-1.18759	-61.2822	-60.0946
BLOCK27/SES279/SA279S10	SES099	-0.425575	-60.3182	-59.8927
BLOCK27/SES279/SA279S10	SES206	-0.62505	-60.5177	-59.8927
BLOCK27/SES279/SA279S10	SES226	-0.487663	-60.3803	-59.8927
BLOCK27/SES279/SA279S10	SES292	-0.349586	-60.2422	-59.8927
BLOCK27/SES279/SA279S20	SES099	-1.918	-62.6485	-60.7305
BLOCK27/SES279/SA279S20	SES206	-1.04985	-61.7803	-60.7305
BLOCK27/SES279/SA279S20	SES226	-1.23341	-61.9639	-60.7305
BLOCK27/SES279/SA279S20	SES292	0.279373	-60.4511	-60.7305
BLOCK27/SES279/SA279S26	SES099	-0.629578	-61.4998	-60.8702
BLOCK27/SES279/SA279S26	SES206	0.213108	-60.6571	-60.8702
BLOCK27/SES279/SA279S26	SES226	-0.0934639	-60.9637	-60.8702
BLOCK27/SES279/SA279S26	SES292	0.393509	-60.4767	-60.8702
BLOCK27/SES279/SA279S28	SES099	-1.72419	-60.7401	-59.0159
BLOCK27/SES279/SA279S28	SES120	-0.678493	-59.6944	-59.0159
BLOCK27/SES279/SA279S28	SES177	-2.78073	-61.7966	-59.0159
BLOCK27/SES279/SA279S28	SES206	-1.22596	-60.2419	-59.0159
BLOCK29/SES290/SA290S12	SES162	-0.930458	-62.2445	-61.314
BLOCK29/SES290/SA290S12	SES177	-0.0658417	-61.3799	-61.314
BLOCK29/SES290/SA290S12	SES180	-0.931747	-62.2458	-61.314
BLOCK29/SES290/SA290S12	SES292	-2.70565	-64.0197	-61.314
BLOCK29/SES290/SA290S13	SES007	-1.74966	-64.4861	-62.7364
BLOCK29/SES290/SA290S13	SES162	-0.717487	-63.4539	-62.7364
BLOCK29/SES290/SA290S13	SES177	0.449932	-62.2865	-62.7364
BLOCK29/SES290/SA290S13	SES180	-0.70417	-63.4406	-62.7364
BLOCK29/SES290/SA290S22	SES177	0.0834198	-61.3386	-61.4221
BLOCK29/SES290/SA290S22	SES180	-0.318909	-61.741	-61.4221
BLOCK29/SES290/SA290S22	SES202	-0.265343	-61.6874	-61.4221
BLOCK29/SES290/SA290S22	SES292	-2.30696	-63.729	-61.4221
BLOCK29/SES290/SA290S25	SES162	-0.52132	-61.7145	-61.1932
BLOCK29/SES290/SA290S25	SES177	0.0307159	-61.1625	-61.1932
BLOCK29/SES290/SA290S25	SES180	-0.30991	-61.5031	-61.1932
BLOCK29/SES290/SA290S25	SES292	-1.81815	-63.0114	-61.1932
BLOCK29/SES290/SA290S29	SES177	0.766254	-60.1197	-60.886
BLOCK29/SES290/SA290S29	SES180	0.545456	-60.3405	-60.886
BLOCK29/SES290/SA290S29	SES275	-0.999912	-61.8859	-60.886
BLOCK29/SES290/SA290S29	SES292	-0.806019	-61.692	-60.886
BLOCK29/SES291/SA291S11	SES105	-2.19612	-62.8429	-60.6468
BLOCK29/SES291/SA291S11	SES125	0.676544	-59.9702	-60.6468
BLOCK29/SES291/SA291S11	SES158	0.370995	-60.2758	-60.6468
BLOCK29/SES291/SA291S11	SES275	-3.3507	-63.9975	-60.6468
BLOCK29/SES291/SA291S12	SES158	1.16623	-59.0382	-60.2045
BLOCK29/SES291/SA291S12	SES226	0.249386	-59.9551	-60.2045
BLOCK29/SES291/SA291S12	SES270	1.85344	-58.351	-60.2045
BLOCK29/SES291/SA291S12	SES275	-3.01364	-63.2181	-60.2045
BLOCK29/SES291/SA291S22	SES082	0.525223	-59.2038	-59.729
BLOCK29/SES291/SA291S22	SES158	0.584137	-59.1449	-59.729
BLOCK29/SES291/SA291S22	SES259	0.287128	-59.4419	-59.729
BLOCK29/SES291/SA291S22	SES275	-2.67128	-62.4003	-59.729
BLOCK29/SES291/SA291S24	SES104	1.26734	-57.6143	-58.8817
BLOCK29/SES291/SA291S24	SES125	0.889038	-57.9926	-58.8817
BLOCK29/SES291/SA291S24	SES158	0.926064	-57.9556	-58.8817
BLOCK29/SES291/SA291S24	SES275	-2.73673	-61.6184	-58.8817
BLOCK29/SES291/SA291S27	SES158	1.46193	-58.2374	-59.6994
BLOCK29/SES291/SA291S27	SES172	-2.56688	-62.2663	-59.6994
BLOCK29/SES291/SA291S27	SES275	-3.17389	-62.8733	-59.6994
BLOCK29/SES291/SA291S27	SES292	-2.43999	-62.1394	-59.6994
